2023-04-24 00:53:27,570 [INFO] Activator:176 - 


2023-04-24 00:53:27,575 [INFO] Activator:177 - !SESSION log4j initialized
2023-04-24 00:53:35,557 [INFO] LogOutputStream:77 - [STDOUT_REDIRECT] 
2023-04-24 00:53:57,076 [ERROR] LogOutputStream:75 - [STDERR_REDIRECT] SLF4J: Failed to load class "org.slf4j.impl.StaticLoggerBinder".
2023-04-24 00:53:57,077 [ERROR] LogOutputStream:75 - [STDERR_REDIRECT] SLF4J: Defaulting to no-operation (NOP) logger implementation
2023-04-24 00:53:57,078 [ERROR] LogOutputStream:75 - [STDERR_REDIRECT] SLF4J: See http://www.slf4j.org/codes.html#StaticLoggerBinder for further details.
2023-04-24 16:34:57,651 [INFO] ApplicationProperties:184 - Using Application install path: C:\ST\STM32CubeIDE_1.12.0\STM32CubeIDE\plugins\com.st.stm32cube.common.mx_6.8.0.202302231600
2023-04-24 16:34:57,676 [INFO] DbMcusXml:78 - Set database path to: C:\ST\STM32CubeIDE_1.12.0\STM32CubeIDE\plugins\com.st.stm32cube.common.mx_6.8.0.202302231600\\db\/mcu/
2023-04-24 16:34:57,681 [INFO] ApiDb:274 - Set plugin database path to: C:\ST\STM32CubeIDE_1.12.0\STM32CubeIDE\plugins\com.st.stm32cube.common.mx_6.8.0.202302231600\\db\/plugins/boardmanager/
2023-04-24 16:34:57,681 [WARN] ApiDb:259 - Overriding images path with different value:  => C:\ST\STM32CubeIDE_1.12.0\STM32CubeIDE\plugins\com.st.stm32cube.common.mx_6.8.0.202302231600\\db\/plugins/mcufinder/images/
2023-04-24 16:34:57,696 [INFO] ApiDb:250 - Set database path to: C:\Users\ALTAWKEL\.stmcufinder\plugins\mcufinder//mcu/
2023-04-24 16:34:57,701 [INFO] DbMcusAds:125 - Set database path to: C:\Users\ALTAWKEL\.stmcufinder\plugins\mcufinder//mcu/
2023-04-24 16:34:57,937 [INFO] CrossReferenceDbSqlite:203 - Set database path to: C:\Users\ALTAWKEL\.stmcufinder\plugins\mcufinder//mcu/cs/
2023-04-24 16:34:58,068 [INFO] RulesReader:64 - Compatibility file has been processed (293 Rules)
2023-04-24 16:34:58,171 [INFO] DbMcusXml:78 - Set database path to: C:\ST\STM32CubeIDE_1.12.0\STM32CubeIDE\plugins\com.st.stm32cube.common.mx_6.8.0.202302231600\\db\/mcu/
2023-04-24 16:34:58,171 [INFO] ApiDb:274 - Set plugin database path to: C:\ST\STM32CubeIDE_1.12.0\STM32CubeIDE\plugins\com.st.stm32cube.common.mx_6.8.0.202302231600\\db\/plugins/boardmanager/
2023-04-24 16:34:58,171 [INFO] ApiDb:261 - Set plugin images path to: C:\ST\STM32CubeIDE_1.12.0\STM32CubeIDE\plugins\com.st.stm32cube.common.mx_6.8.0.202302231600\\db\/plugins/mcufinder/images/
2023-04-24 16:34:58,171 [WARN] DbFile:41 - Overriding database path with different value: C:\Users\ALTAWKEL\.stmcufinder\plugins\mcufinder/ => C:\Users\ALTAWKEL\.stmcufinder\plugins\mcufinder
2023-04-24 16:34:58,171 [INFO] ApiDb:250 - Set database path to: C:\Users\ALTAWKEL\.stmcufinder\plugins\mcufinder//mcu/
2023-04-24 16:34:58,171 [WARN] DbFile:41 - Overriding database path with different value: C:\Users\ALTAWKEL\.stmcufinder\plugins\mcufinder/ => C:\Users\ALTAWKEL\.stmcufinder\plugins\mcufinder
2023-04-24 16:34:58,171 [INFO] DbMcusAds:125 - Set database path to: C:\Users\ALTAWKEL\.stmcufinder\plugins\mcufinder//mcu/
2023-04-24 16:34:58,171 [WARN] DbFile:41 - Overriding database path with different value: C:\Users\ALTAWKEL\.stmcufinder\plugins\mcufinder/ => C:\Users\ALTAWKEL\.stmcufinder\plugins\mcufinder
2023-04-24 16:34:58,171 [WARN] DbFile:41 - Overriding database path with different value: C:\Users\ALTAWKEL\.stmcufinder\plugins\mcufinder/ => C:\Users\ALTAWKEL\.stmcufinder\plugins\mcufinder
2023-04-24 16:34:58,176 [INFO] CrossReferenceDbSqlite:203 - Set database path to: C:\Users\ALTAWKEL\.stmcufinder\plugins\mcufinder//mcu/cs/
2023-04-24 16:34:58,254 [INFO] MainPanel:253 - HeapMemory: 268435456
2023-04-24 16:34:58,380 [INFO] DbMcusXml:78 - Set database path to: C:\ST\STM32CubeIDE_1.12.0\STM32CubeIDE\plugins\com.st.stm32cube.common.mx_6.8.0.202302231600\\db\/mcu/
2023-04-24 16:34:58,380 [INFO] ApiDb:274 - Set plugin database path to: C:\ST\STM32CubeIDE_1.12.0\STM32CubeIDE\plugins\com.st.stm32cube.common.mx_6.8.0.202302231600\\db\/plugins/boardmanager/
2023-04-24 16:34:58,380 [INFO] ApiDb:261 - Set plugin images path to: C:\ST\STM32CubeIDE_1.12.0\STM32CubeIDE\plugins\com.st.stm32cube.common.mx_6.8.0.202302231600\\db\/plugins/mcufinder/images/
2023-04-24 16:34:58,380 [WARN] DbFile:41 - Overriding database path with different value: C:\Users\ALTAWKEL\.stmcufinder\plugins\mcufinder/ => C:\Users\ALTAWKEL\.stmcufinder\plugins\mcufinder
2023-04-24 16:34:58,380 [INFO] ApiDb:250 - Set database path to: C:\Users\ALTAWKEL\.stmcufinder\plugins\mcufinder//mcu/
2023-04-24 16:34:58,380 [WARN] DbFile:41 - Overriding database path with different value: C:\Users\ALTAWKEL\.stmcufinder\plugins\mcufinder/ => C:\Users\ALTAWKEL\.stmcufinder\plugins\mcufinder
2023-04-24 16:34:58,380 [INFO] DbMcusAds:125 - Set database path to: C:\Users\ALTAWKEL\.stmcufinder\plugins\mcufinder//mcu/
2023-04-24 16:34:58,380 [WARN] DbFile:41 - Overriding database path with different value: C:\Users\ALTAWKEL\.stmcufinder\plugins\mcufinder/ => C:\Users\ALTAWKEL\.stmcufinder\plugins\mcufinder
2023-04-24 16:34:58,380 [WARN] DbFile:41 - Overriding database path with different value: C:\Users\ALTAWKEL\.stmcufinder\plugins\mcufinder/ => C:\Users\ALTAWKEL\.stmcufinder\plugins\mcufinder
2023-04-24 16:34:58,380 [INFO] CrossReferenceDbSqlite:203 - Set database path to: C:\Users\ALTAWKEL\.stmcufinder\plugins\mcufinder//mcu/cs/
2023-04-24 16:34:58,405 [INFO] ApplicationProperties:184 - Using Application install path: C:\ST\STM32CubeIDE_1.12.0\STM32CubeIDE\plugins\com.st.stm32cube.common.mx_6.8.0.202302231600
2023-04-24 16:34:58,405 [INFO] PluginManage:196 - Search for loadable plugins [exclusion list=, ]
2023-04-24 16:34:58,405 [INFO] PluginManage:310 - Check plugin analytics
2023-04-24 16:34:58,622 [INFO] AnalyticsPlugin:253 - Accepted Software Licenses: 
2023-04-24 16:34:58,622 [INFO] AnalyticsPlugin:255 - Accepted CMSIS Pack Licenses: 
2023-04-24 16:34:58,622 [INFO] AnalyticsPlugin:257 - Accepted Firmware Licenses: FW.F4.1.27.0
2023-04-24 16:34:58,632 [INFO] PluginManage:359 - Loaded plugin analytics (category:tool,tabindex:-1)
2023-04-24 16:34:58,632 [INFO] PluginManage:310 - Check plugin cadmodel
2023-04-24 16:34:58,652 [INFO] CADModel:105 - Init CAD model plugin
2023-04-24 16:34:58,652 [INFO] PluginManage:359 - Loaded plugin cadmodel (category:power,tabindex:5)
2023-04-24 16:34:58,652 [INFO] PluginManage:310 - Check plugin clock
2023-04-24 16:34:58,672 [INFO] PluginManage:359 - Loaded plugin clock (category:base,tabindex:2)
2023-04-24 16:34:58,672 [INFO] PluginManage:310 - Check plugin ddr
2023-04-24 16:34:58,677 [INFO] PluginManage:359 - Loaded plugin ddr (category:tool,tabindex:6)
2023-04-24 16:34:58,677 [INFO] PluginManage:310 - Check plugin filemanager
2023-04-24 16:34:58,842 [INFO] PluginManage:359 - Loaded plugin filemanager (category:base,tabindex:10)
2023-04-24 16:34:58,842 [INFO] PluginManage:310 - Check plugin ipmanager
2023-04-24 16:34:58,852 [INFO] PluginManage:359 - Loaded plugin ipmanager (category:base,tabindex:5)
2023-04-24 16:34:58,852 [INFO] PluginManage:310 - Check plugin lpbam
2023-04-24 16:34:58,872 [INFO] PluginManage:359 - Loaded plugin lpbam (category:base,tabindex:0)
2023-04-24 16:34:58,872 [INFO] PluginManage:310 - Check plugin pinoutandconfiguration
2023-04-24 16:34:58,892 [INFO] PluginManage:359 - Loaded plugin pinoutandconfiguration (category:base,tabindex:1)
2023-04-24 16:34:58,892 [INFO] PluginManage:310 - Check plugin pinoutconfig
2023-04-24 16:34:59,011 [WARN] SupportedApi:132 - Cannot load RTOS API schema: s4s-elt-must-match.1: The content of 'definitions' must match (annotation?, (simpleType | complexType)?, (unique | key | keyref)*)). A problem was found starting at: attribute.
2023-04-24 16:34:59,176 [INFO] PluginManage:359 - Loaded plugin pinoutconfig (category:base,tabindex:0)
2023-04-24 16:34:59,176 [INFO] PluginManage:310 - Check plugin power
2023-04-24 16:34:59,196 [INFO] PluginManage:359 - Loaded plugin power (category:power,tabindex:4)
2023-04-24 16:34:59,196 [INFO] PluginManage:310 - Check plugin projectmanager
2023-04-24 16:34:59,216 [INFO] PluginManage:359 - Loaded plugin projectmanager (category:projectmanager,tabindex:3)
2023-04-24 16:34:59,216 [INFO] PluginManage:310 - Check plugin thirdparty
2023-04-24 16:34:59,480 [INFO] PluginManage:359 - Loaded plugin thirdparty (category:base,tabindex:-1)
2023-04-24 16:34:59,480 [WARN] IntegrityCheckThread:84 - waiting for thirdparty lock release [integrity check]
2023-04-24 16:34:59,480 [INFO] PluginManage:310 - Check plugin tools
2023-04-24 16:34:59,480 [INFO] IntegrityCheckThread:86 - entering critical section [integrity check]
2023-04-24 16:34:59,485 [INFO] ThirdPartyUpdaterWithRetryManager:70 - Updater plugin not ready yet. [1/15]
2023-04-24 16:34:59,510 [INFO] PluginManage:359 - Loaded plugin tools (category:base,tabindex:7)
2023-04-24 16:34:59,510 [INFO] PluginManage:310 - Check plugin tutovideos
2023-04-24 16:34:59,815 [INFO] PluginManage:359 - Loaded plugin tutovideos (category:base,tabindex:-1)
2023-04-24 16:34:59,815 [INFO] PluginManage:310 - Check plugin updater
2023-04-24 16:34:59,830 [INFO] PluginManage:359 - Loaded plugin updater (category:base,tabindex:12)
2023-04-24 16:34:59,835 [INFO] PluginManage:283 - PluginManage : Loaded plugins [15]
2023-04-24 16:35:00,130 [INFO] PinOutPanel:1499 - setPackage(No Configuration,No Configuration)
2023-04-24 16:35:00,200 [INFO] CADModel:165 - CPN selected for project level
2023-04-24 16:35:00,200 [INFO] CADModel:114 - Register for checkConnection events
2023-04-24 16:35:00,234 [INFO] IPUIPlugin:80 - create IPUIPlugin
2023-04-24 16:35:00,234 [INFO] PluginManager:220 - loadIPPluginJar : add adc
2023-04-24 16:35:00,264 [INFO] IPUIPlugin:80 - create IPUIPlugin
2023-04-24 16:35:00,264 [INFO] PluginManager:220 - loadIPPluginJar : add aes
2023-04-24 16:35:00,299 [INFO] IPUIPlugin:80 - create IPUIPlugin
2023-04-24 16:35:00,299 [INFO] PluginManager:220 - loadIPPluginJar : add can
2023-04-24 16:35:00,319 [INFO] IPUIPlugin:80 - create IPUIPlugin
2023-04-24 16:35:00,319 [INFO] PluginManager:220 - loadIPPluginJar : add comp
2023-04-24 16:35:00,344 [INFO] IPUIPlugin:80 - create IPUIPlugin
2023-04-24 16:35:00,344 [INFO] PluginManager:220 - loadIPPluginJar : add cryp
2023-04-24 16:35:00,369 [INFO] IPUIPlugin:80 - create IPUIPlugin
2023-04-24 16:35:00,369 [INFO] PluginManager:220 - loadIPPluginJar : add dfsdm
2023-04-24 16:35:00,384 [INFO] IPUIPlugin:80 - create IPUIPlugin
2023-04-24 16:35:00,384 [INFO] PluginManager:220 - loadIPPluginJar : add dma
2023-04-24 16:35:00,419 [INFO] IPUIPlugin:80 - create IPUIPlugin
2023-04-24 16:35:00,419 [INFO] PluginManager:220 - loadIPPluginJar : add dma3
2023-04-24 16:35:00,439 [INFO] IPUIPlugin:80 - create IPUIPlugin
2023-04-24 16:35:00,439 [INFO] PluginManager:220 - loadIPPluginJar : add fatfs
2023-04-24 16:35:00,474 [INFO] IPUIPlugin:80 - create IPUIPlugin
2023-04-24 16:35:00,474 [INFO] PluginManager:220 - loadIPPluginJar : add fmc
2023-04-24 16:35:00,489 [INFO] IPUIPlugin:80 - create IPUIPlugin
2023-04-24 16:35:00,494 [INFO] PluginManager:220 - loadIPPluginJar : add freertos
2023-04-24 16:35:00,509 [INFO] IPUIPlugin:80 - create IPUIPlugin
2023-04-24 16:35:00,509 [INFO] PluginManager:220 - loadIPPluginJar : add genericplugin
2023-04-24 16:35:00,589 [INFO] IPUIPlugin:80 - create IPUIPlugin
2023-04-24 16:35:00,594 [INFO] PluginManager:220 - loadIPPluginJar : add gfxmmu
2023-04-24 16:35:00,709 [INFO] IPUIPlugin:80 - create IPUIPlugin
2023-04-24 16:35:00,709 [INFO] PluginManager:220 - loadIPPluginJar : add gic
2023-04-24 16:35:00,719 [INFO] IPUIPlugin:80 - create IPUIPlugin
2023-04-24 16:35:00,719 [INFO] PluginManager:220 - loadIPPluginJar : add gpio
2023-04-24 16:35:00,799 [INFO] IPUIPlugin:80 - create IPUIPlugin
2023-04-24 16:35:00,799 [INFO] PluginManager:220 - loadIPPluginJar : add gtzc
2023-04-24 16:35:00,829 [INFO] IPUIPlugin:80 - create IPUIPlugin
2023-04-24 16:35:00,829 [INFO] PluginManager:220 - loadIPPluginJar : add hash
2023-04-24 16:35:00,874 [INFO] IPUIPlugin:80 - create IPUIPlugin
2023-04-24 16:35:00,874 [INFO] PluginManager:220 - loadIPPluginJar : add i2c
2023-04-24 16:35:00,904 [INFO] IPUIPlugin:80 - create IPUIPlugin
2023-04-24 16:35:00,904 [INFO] PluginManager:220 - loadIPPluginJar : add i2s
2023-04-24 16:35:00,949 [INFO] IPUIPlugin:80 - create IPUIPlugin
2023-04-24 16:35:00,949 [INFO] PluginManager:220 - loadIPPluginJar : add i3c
2023-04-24 16:35:01,044 [INFO] IPUIPlugin:80 - create IPUIPlugin
2023-04-24 16:35:01,044 [INFO] PluginManager:220 - loadIPPluginJar : add ipddr
2023-04-24 16:35:01,129 [INFO] IPUIPlugin:80 - create IPUIPlugin
2023-04-24 16:35:01,129 [INFO] PluginManager:220 - loadIPPluginJar : add linkedlist
2023-04-24 16:35:01,159 [INFO] IPUIPlugin:80 - create IPUIPlugin
2023-04-24 16:35:01,159 [INFO] PluginManager:220 - loadIPPluginJar : add lorawan
2023-04-24 16:35:01,189 [INFO] IPUIPlugin:80 - create IPUIPlugin
2023-04-24 16:35:01,189 [INFO] PluginManager:220 - loadIPPluginJar : add ltdc
2023-04-24 16:35:01,204 [INFO] IPUIPlugin:80 - create IPUIPlugin
2023-04-24 16:35:01,204 [INFO] PluginManager:220 - loadIPPluginJar : add mdma
2023-04-24 16:35:01,214 [INFO] IPUIPlugin:80 - create IPUIPlugin
2023-04-24 16:35:01,214 [INFO] PluginManager:220 - loadIPPluginJar : add nvic
2023-04-24 16:35:01,245 [INFO] IPUIPlugin:80 - create IPUIPlugin
2023-04-24 16:35:01,245 [INFO] PluginManager:220 - loadIPPluginJar : add opamp
2023-04-24 16:35:01,295 [INFO] IPUIPlugin:80 - create IPUIPlugin
2023-04-24 16:35:01,295 [INFO] PluginManager:220 - loadIPPluginJar : add openamp
2023-04-24 16:35:01,330 [INFO] IPUIPlugin:80 - create IPUIPlugin
2023-04-24 16:35:01,330 [INFO] PluginManager:220 - loadIPPluginJar : add pdm2pcm
2023-04-24 16:35:01,345 [INFO] IPUIPlugin:80 - create IPUIPlugin
2023-04-24 16:35:01,350 [INFO] PluginManager:220 - loadIPPluginJar : add plateformsettings
2023-04-24 16:35:01,370 [INFO] IPUIPlugin:80 - create IPUIPlugin
2023-04-24 16:35:01,370 [INFO] PluginManager:220 - loadIPPluginJar : add quadspi
2023-04-24 16:35:01,380 [INFO] IPUIPlugin:80 - create IPUIPlugin
2023-04-24 16:35:01,380 [INFO] PluginManager:220 - loadIPPluginJar : add resmgrutility
2023-04-24 16:35:01,420 [INFO] IPUIPlugin:80 - create IPUIPlugin
2023-04-24 16:35:01,425 [INFO] PluginManager:220 - loadIPPluginJar : add sai
2023-04-24 16:35:01,455 [INFO] IPUIPlugin:80 - create IPUIPlugin
2023-04-24 16:35:01,455 [INFO] PluginManager:220 - loadIPPluginJar : add spi
2023-04-24 16:35:01,505 [INFO] IPUIPlugin:80 - create IPUIPlugin
2023-04-24 16:35:01,505 [INFO] PluginManager:220 - loadIPPluginJar : add stm32_wpan
2023-04-24 16:35:01,525 [INFO] IPUIPlugin:80 - create IPUIPlugin
2023-04-24 16:35:01,525 [INFO] PluginManager:220 - loadIPPluginJar : add tim
2023-04-24 16:35:01,570 [INFO] IPUIPlugin:80 - create IPUIPlugin
2023-04-24 16:35:01,570 [INFO] PluginManager:220 - loadIPPluginJar : add touchsensing
2023-04-24 16:35:01,590 [INFO] IPUIPlugin:80 - create IPUIPlugin
2023-04-24 16:35:01,590 [INFO] PluginManager:220 - loadIPPluginJar : add tracer_emb
2023-04-24 16:35:01,610 [INFO] IPUIPlugin:80 - create IPUIPlugin
2023-04-24 16:35:01,610 [INFO] PluginManager:220 - loadIPPluginJar : add ts
2023-04-24 16:35:01,625 [INFO] IPUIPlugin:80 - create IPUIPlugin
2023-04-24 16:35:01,625 [INFO] PluginManager:220 - loadIPPluginJar : add tsc
2023-04-24 16:35:01,643 [INFO] IPUIPlugin:80 - create IPUIPlugin
2023-04-24 16:35:01,643 [INFO] PluginManager:220 - loadIPPluginJar : add ucpd
2023-04-24 16:35:01,678 [INFO] IPUIPlugin:80 - create IPUIPlugin
2023-04-24 16:35:01,678 [INFO] PluginManager:220 - loadIPPluginJar : add usart
2023-04-24 16:35:01,718 [INFO] IPUIPlugin:80 - create IPUIPlugin
2023-04-24 16:35:01,718 [INFO] PluginManager:220 - loadIPPluginJar : add usbx
2023-04-24 16:35:01,851 [INFO] CADModel:165 - CPN selected for project level
2023-04-24 16:35:01,851 [INFO] CADModel:114 - Register for checkConnection events
2023-04-24 16:35:01,851 [FATAL] Updater:308 - Updater called before beeing initialized
2023-04-24 16:35:01,851 [ERROR] CADModel:125 - Updater not yet initialized, retry later 
2023-04-24 16:35:02,055 [INFO] CADModel:165 - CPN selected for project level
2023-04-24 16:35:02,055 [INFO] CADModel:114 - Register for checkConnection events
2023-04-24 16:35:02,055 [FATAL] Updater:308 - Updater called before beeing initialized
2023-04-24 16:35:02,055 [ERROR] CADModel:125 - Updater not yet initialized, retry later 
2023-04-24 16:35:02,060 [FATAL] Updater:308 - Updater called before beeing initialized
2023-04-24 16:35:02,225 [FATAL] Updater:308 - Updater called before beeing initialized
2023-04-24 16:35:02,240 [INFO] DbMcusAds:53 - JSON generation date=Tue Mar 07 10:50:55 EET 2023 (1678179055335)
2023-04-24 16:35:02,240 [FATAL] Updater:308 - Updater called before beeing initialized
2023-04-24 16:35:02,328 [WARN] DetailPanel:346 - Failed to get advertising image, set to default
2023-04-24 16:35:02,493 [INFO] ThirdPartyUpdaterWithRetryManager:70 - Updater plugin not ready yet. [2/15]
2023-04-24 16:35:02,543 [FATAL] Updater:308 - Updater called before beeing initialized
2023-04-24 16:35:02,548 [FATAL] Updater:308 - Updater called before beeing initialized
2023-04-24 16:35:02,548 [FATAL] Updater:308 - Updater called before beeing initialized
2023-04-24 16:35:02,548 [WARN] DetailPanel:346 - Failed to get advertising image, set to default
2023-04-24 16:35:02,548 [FATAL] Updater:308 - Updater called before beeing initialized
2023-04-24 16:35:02,643 [ERROR] Updater:1120 - MainUpdater not yet initialized. External WinMGr cannot be set.
2023-04-24 16:35:02,653 [INFO] Updater:1056 - Updater Version found : 6.8.0
2023-04-24 16:35:02,678 [INFO] ApplicationProperties:184 - Using Application install path: C:\ST\STM32CubeIDE_1.12.0\STM32CubeIDE\plugins\com.st.stm32cube.common.mx_6.8.0.202302231600
2023-04-24 16:35:02,922 [INFO] MainUpdater:2854 - connection check result : 10
2023-04-24 16:35:02,922 [INFO] MainUpdater:283 - Updater Check For Update Now.
2023-04-24 16:35:02,922 [INFO] MicroXplorer:498 - Change Database Version : DB.6.0.80
2023-04-24 16:35:03,113 [INFO] CheckServerUpdateThread:120 - End of CheckServer Thread
2023-04-24 16:35:03,158 [INFO] MainUpdater:2854 - connection check result : 10
2023-04-24 16:35:03,178 [INFO] McuFinderGlobals:66 - Set McuFinderConnectedMode to true
2023-04-24 16:35:04,236 [INFO] ServerAccessManage:473 - Download File mcusAds.json._tmp_
2023-04-24 16:35:04,356 [INFO] LoadUrlFilesThread:156 - End of LoadUrlFiles Thread
2023-04-24 16:35:04,705 [INFO] ServerAccessManage:473 - Download File cube-finder-db.zip
2023-04-24 16:35:05,498 [WARN] MainUpdater:1187 - Updater busy. Cannot search thirdparties
2023-04-24 16:35:05,498 [INFO] ThirdPartyUpdaterWithRetryManager:96 - Updater plugin is busy. [1/15]
2023-04-24 16:35:08,502 [WARN] MainUpdater:1187 - Updater busy. Cannot search thirdparties
2023-04-24 16:35:08,502 [INFO] ThirdPartyUpdaterWithRetryManager:96 - Updater plugin is busy. [2/15]
2023-04-24 16:35:11,504 [WARN] MainUpdater:1187 - Updater busy. Cannot search thirdparties
2023-04-24 16:35:11,504 [INFO] ThirdPartyUpdaterWithRetryManager:96 - Updater plugin is busy. [3/15]
2023-04-24 16:35:14,507 [WARN] MainUpdater:1187 - Updater busy. Cannot search thirdparties
2023-04-24 16:35:14,507 [INFO] ThirdPartyUpdaterWithRetryManager:96 - Updater plugin is busy. [4/15]
2023-04-24 16:35:17,512 [WARN] MainUpdater:1187 - Updater busy. Cannot search thirdparties
2023-04-24 16:35:17,512 [INFO] ThirdPartyUpdaterWithRetryManager:96 - Updater plugin is busy. [5/15]
2023-04-24 16:35:20,523 [WARN] MainUpdater:1187 - Updater busy. Cannot search thirdparties
2023-04-24 16:35:20,523 [INFO] ThirdPartyUpdaterWithRetryManager:96 - Updater plugin is busy. [6/15]
2023-04-24 16:35:23,529 [WARN] MainUpdater:1187 - Updater busy. Cannot search thirdparties
2023-04-24 16:35:23,529 [INFO] ThirdPartyUpdaterWithRetryManager:96 - Updater plugin is busy. [7/15]
2023-04-24 16:35:26,532 [WARN] MainUpdater:1187 - Updater busy. Cannot search thirdparties
2023-04-24 16:35:26,532 [INFO] ThirdPartyUpdaterWithRetryManager:96 - Updater plugin is busy. [8/15]
2023-04-24 16:35:29,546 [WARN] MainUpdater:1187 - Updater busy. Cannot search thirdparties
2023-04-24 16:35:29,546 [INFO] ThirdPartyUpdaterWithRetryManager:96 - Updater plugin is busy. [9/15]
2023-04-24 16:35:32,557 [WARN] MainUpdater:1187 - Updater busy. Cannot search thirdparties
2023-04-24 16:35:32,557 [INFO] ThirdPartyUpdaterWithRetryManager:96 - Updater plugin is busy. [10/15]
2023-04-24 16:35:34,976 [INFO] FileExtend:240 - Unzip File : cube-finder-db.zip
2023-04-24 16:35:34,981 [INFO] FileExtend:255 - Standard Zip Deflate
2023-04-24 16:35:35,571 [WARN] MainUpdater:1187 - Updater busy. Cannot search thirdparties
2023-04-24 16:35:35,571 [INFO] ThirdPartyUpdaterWithRetryManager:96 - Updater plugin is busy. [11/15]
2023-04-24 16:35:36,013 [INFO] LoadUrlFilesThread:156 - End of LoadUrlFiles Thread
2023-04-24 16:35:36,744 [INFO] ServerAccessManage:473 - Download File crdb.zip
2023-04-24 16:35:37,417 [INFO] FileExtend:240 - Unzip File : crdb.zip
2023-04-24 16:35:37,422 [INFO] FileExtend:255 - Standard Zip Deflate
2023-04-24 16:35:37,571 [INFO] LoadUrlFilesThread:156 - End of LoadUrlFiles Thread
2023-04-24 16:35:38,503 [INFO] ServerAccessManage:473 - Download File tutoVideoDB.zip
2023-04-24 16:35:38,584 [WARN] MainUpdater:1187 - Updater busy. Cannot search thirdparties
2023-04-24 16:35:38,584 [INFO] ThirdPartyUpdaterWithRetryManager:96 - Updater plugin is busy. [12/15]
2023-04-24 16:35:38,651 [INFO] FileExtend:240 - Unzip File : tutoVideoDB.zip
2023-04-24 16:35:38,651 [INFO] FileExtend:255 - Standard Zip Deflate
2023-04-24 16:35:38,796 [INFO] LoadUrlFilesThread:156 - End of LoadUrlFiles Thread
2023-04-24 16:35:38,806 [WARN] DbFile:41 - Overriding database path with different value: C:\Users\ALTAWKEL\.stmcufinder\plugins\mcufinder/ => C:\Users\ALTAWKEL\.stmcufinder\plugins\mcufinder
2023-04-24 16:35:39,016 [INFO] ServerAccessManage:473 - Download File api_config.json
2023-04-24 16:35:39,166 [INFO] LoadUrlFilesThread:156 - End of LoadUrlFiles Thread
2023-04-24 16:35:39,166 [INFO] DbMcusAds:53 - JSON generation date=Tue Mar 07 10:50:55 EET 2023 (1678179055335)
2023-04-24 16:35:39,206 [INFO] LoadUrlFilesThread:185 - End of LoadServerUrlFiles without Thread
2023-04-24 16:35:39,206 [INFO] TargetSelectorAdapter:259 - Refresh data is successful
2023-04-24 16:35:39,494 [INFO] ApiDb:581 - Connected to CubeFinder SQLite database (C:\Users\ALTAWKEL\.stmcufinder\plugins\mcufinder\mcu\cube-finder-db.db)
2023-04-24 16:35:39,569 [INFO] ApiDb:668 - CubeFinder database Data Model version=2.1
2023-04-24 16:35:39,569 [INFO] ApiDb:669 - CubeFinder database Configuration version=3.0.35
2023-04-24 16:35:39,569 [INFO] ApiDb:670 - CubeFinder database generation date=2023-03-10 (1678456172)
2023-04-24 16:35:39,569 [INFO] ApiDb:671 - CubeFinder database FW Pack versions=[FP-ATR-ASTRA1_V1.1.1, STM32Cube_FW_C0_V1.0.1, STM32Cube_FW_F0_V1.11.4, STM32Cube_FW_F3_V1.11.4, STM32Cube_FW_F4_V1.27.1, STM32Cube_FW_F7_V1.17.0, STM32Cube_FW_G0_V1.6.1, STM32Cube_FW_G4_V1.5.1, STM32Cube_FW_H5_V0.5.1, STM32Cube_FW_H5_V1.0.0, STM32Cube_FW_H7_V1.11.0, STM32Cube_FW_L0_V1.12.2, STM32Cube_FW_L5_V1.5.0, STM32Cube_FW_U5_V1.2.0, STM32Cube_FW_WBA_V1.0.0, STM32Cube_FW_WBA_V1.0.0RC1, STM32Cube_FW_WBA_V1.0.0RC3, STM32Cube_FW_WB_V1.15.0RC1, STM32Cube_FW_WB_V1.16.0, STM32Cube_FW_WB_V1.16.0RC2, STM32Cube_FW_WL_V1.3.0, X-CUBE-ALGOBUILD_V1.3.0, X-CUBE-ALS_V1.0.1, X-CUBE-AZRTOS-F4_V1.1.0, X-CUBE-AZRTOS-F7_V1.1.0, X-CUBE-AZRTOS-G0_V1.1.0, X-CUBE-AZRTOS-G4_V1.0.0, X-CUBE-AZRTOS-H7_V3.0.0, X-CUBE-AZRTOS-L4_V1.0.0, X-CUBE-AZRTOS-L5_V1.1.0, X-CUBE-AZRTOS-WB_V1.1.0, X-CUBE-AZRTOS-WL_V1.0.0, X-CUBE-BLE1_V6.2.4, X-CUBE-BLE2_V3.3.0, X-CUBE-BLEMGR_V1.3.0, X-CUBE-EEPRMA1_V4.1.0, X-CUBE-GNSS1_V6.0.0, X-CUBE-MEMS1_V9.1.0, X-CUBE-MEMS1_V9.4.0, X-CUBE-MEMS1_V9.5.0, X-CUBE-NFC4_V3.0.0, X-CUBE-NFC7_V1.0.0, X-CUBE-SFXS2LP1_V4.0.0, X-CUBE-SUBG2_V5.0.0]
2023-04-24 16:35:41,459 [INFO] ApiDb:240 - Found 297 in-development CPN: [B-G473E-ZEST1S, B-WB1M-WPAN1, B-WL5M-SUBG1, NUCLEO-C031C6, NUCLEO-H503RB, NUCLEO-H563ZI, NUCLEO-U545RE-Q, NUCLEO-U5A5ZJ-Q, NUCLEO-WBA52CG, STEVAL-PROTEUS1, STEVAL-STWINBX1, STM320518-EVAL, STM32C0116-DK, STM32C011D6Y3TR, STM32C011D6Y6TR, STM32C011F4P3, STM32C011F4P6, STM32C011F4U3, STM32C011F4U6TR, STM32C011F6P3, STM32C011F6P6, STM32C011F6U3, STM32C011F6U6TR, STM32C011J4M3, STM32C011J4M6, STM32C011J6M3, STM32C011J6M6, STM32C0316-DK, STM32C031C4T3, STM32C031C4T6, STM32C031C4U3, STM32C031C4U6, STM32C031C6T3, STM32C031C6T6, STM32C031C6U3, STM32C031C6U6, STM32C031F4P3, STM32C031F4P6, STM32C031F6P3, STM32C031F6P6, STM32C031G4U3, STM32C031G4U6, STM32C031G6U3, STM32C031G6U6, STM32C031K4T3, STM32C031K4T6, STM32C031K4U3, STM32C031K4U6, STM32C031K6T3, STM32C031K6T6, STM32C031K6U3, STM32C031K6U6, STM32G071K8TXN, STM32G071K8UXN, STM32G081GBU6N, STM32G081KBT6N, STM32G081KBUXN, STM32G0B1CCT6N, STM32G0B1KCT6, STM32G0B1NEY6TR, STM32G0B1RCT6N, STM32G0C1CCT6, STM32G0C1CCT6N, STM32G0C1CCU6N, STM32G0C1CET6N, STM32G0C1CEU6N, STM32G0C1KCT6, STM32G0C1NEY6TR, STM32G0C1RCI6N, STM32G0C1RCT6N, STM32G0C1REI6N, STM32G0C1RET6N, STM32G0C1VCI6, STM32G0C1VEI6, STM32G471CCT6, STM32G471CCU6, STM32G471CET3, STM32G471CET6, STM32G471CEU3, STM32G471CEU6, STM32G471MCT6, STM32G471MET3, STM32G471MET6, STM32G471MEY6TR, STM32G471QCT6, STM32G471QET3, STM32G471RCT6, STM32G471RET3, STM32G471RET6, STM32G471VCH6, STM32G471VCI6, STM32G471VCT6, STM32G471VEH3, STM32G471VEH6, STM32G471VEI3, STM32G471VEI6, STM32G471VET3, STM32G471VET6, STM32G474CCT6, STM32H503CBT6, STM32H503CBU6, STM32H503EBY6TR, STM32H503KBU6, STM32H503RBT6, STM32H562AGI6, STM32H562AII6, STM32H562IGK6, STM32H562IGT6, STM32H562IIK6, STM32H562IIT6, STM32H562RGT6, STM32H562RGV6, STM32H562RIT6, STM32H562RIV6, STM32H562VGT6, STM32H562VIT6, STM32H562ZGT6, STM32H562ZIT6, STM32H563AGI6, STM32H563AII3Q, STM32H563AII6, STM32H563IGK6, STM32H563IGT6, STM32H563IIK3Q, STM32H563IIK6, STM32H563IIT3Q, STM32H563IIT6, STM32H563MIY3QTR, STM32H563RGT6, STM32H563RGV6, STM32H563RIT6, STM32H563RIV6, STM32H563VGT6, STM32H563VIT3Q, STM32H563VIT6, STM32H563ZGT6, STM32H563ZIT3Q, STM32H563ZIT6, STM32H573AII3Q, STM32H573AII6, STM32H573I-DK, STM32H573IIK3Q, STM32H573IIK6, STM32H573IIT3Q, STM32H573IIT6, STM32H573MIY3QTR, STM32H573RIT6, STM32H573RIV6, STM32H573VIT3Q, STM32H573VIT6, STM32H573ZIT3Q, STM32H573ZIT6, STM32L4R5QGI6STR, STM32MP131AAE3, STM32MP131AAF3, STM32MP131AAG3, STM32MP131CAE3, STM32MP131CAF3, STM32MP131CAG3, STM32MP131DAE7, STM32MP131DAF7, STM32MP131DAG7, STM32MP131FAE7, STM32MP131FAF7, STM32MP131FAG7, STM32MP133AAE3, STM32MP133AAF3, STM32MP133AAG3, STM32MP133CAE3, STM32MP133CAF3, STM32MP133CAG3, STM32MP133DAE7, STM32MP133DAF7, STM32MP133DAG7, STM32MP133FAE7, STM32MP133FAF7, STM32MP133FAG7, STM32MP135AAE3, STM32MP135AAF3, STM32MP135AAG3, STM32MP135CAE3, STM32MP135CAF3, STM32MP135CAG3, STM32MP135DAE7, STM32MP135DAF7, STM32MP135DAG7, STM32MP135F-DK, STM32MP135FAE7, STM32MP135FAF7, STM32MP135FAF7T, STM32MP135FAF7U, STM32MP135FAG7, STM32U535CBT6, STM32U535CBT6Q, STM32U535CBU6, STM32U535CBU6Q, STM32U535CCT6, STM32U535CCT6Q, STM32U535CCU6, STM32U535CCU6Q, STM32U535CET6, STM32U535CET6Q, STM32U535CEU6, STM32U535CEU6Q, STM32U535JEY6QTR, STM32U535NCY6QTR, STM32U535NEY6QTR, STM32U535RBI6, STM32U535RBI6Q, STM32U535RBT6, STM32U535RBT6Q, STM32U535RCI6, STM32U535RCI6Q, STM32U535RCT6, STM32U535RCT6Q, STM32U535REI6, STM32U535REI6Q, STM32U535RET6, STM32U535RET6Q, STM32U535VCI6, STM32U535VCI6Q, STM32U535VCT6, STM32U535VCT6Q, STM32U535VEI6, STM32U535VEI6Q, STM32U535VET6, STM32U535VET6Q, STM32U545CET6, STM32U545CET6Q, STM32U545CEU6, STM32U545CEU6Q, STM32U545JEY6QTR, STM32U545NEY6QTR, STM32U545REI6, STM32U545REI6Q, STM32U545RET6, STM32U545RET6Q, STM32U545VEI6, STM32U545VEI6Q, STM32U545VET6, STM32U545VET6Q, STM32U595AIH6, STM32U595AIH6Q, STM32U595AJH6, STM32U595AJH6Q, STM32U595QII6, STM32U595QII6Q, STM32U595QJI6, STM32U595QJI6Q, STM32U595RIT6, STM32U595RIT6Q, STM32U595RJT6, STM32U595RJT6Q, STM32U595VIT6, STM32U595VIT6Q, STM32U595VJT6, STM32U595VJT6Q, STM32U595ZIT6, STM32U595ZIT6Q, STM32U595ZIY6QTR, STM32U595ZJT6, STM32U595ZJT6Q, STM32U595ZJY6QTR, STM32U599BJY6QTR, STM32U599NIH6Q, STM32U599NJH6Q, STM32U599VIT6Q, STM32U599VJT6, STM32U599VJT6Q, STM32U599ZIT6Q, STM32U599ZIY6QTR, STM32U599ZJT6Q, STM32U599ZJY6QTR, STM32U5A5AJH6, STM32U5A5AJH6Q, STM32U5A5QJI6, STM32U5A5QJI6Q, STM32U5A5RJT6, STM32U5A5RJT6Q, STM32U5A5VJT6, STM32U5A5VJT6Q, STM32U5A5ZJT6, STM32U5A5ZJT6Q, STM32U5A5ZJY6QTR, STM32U5A9BJY6QTR, STM32U5A9J-DK, STM32U5A9NJH6Q, STM32U5A9VJT6Q, STM32U5A9ZJT6Q, STM32U5A9ZJY6QTR, STM32WB1MMCH6, STM32WBA52CEU6, STM32WBA52CEU6T, STM32WBA52CGU6, STM32WBA52CGU6T, STM32WL5MOCH6, STM32WL5MOCH6TR]
2023-04-24 16:35:41,464 [INFO] DbMcus:216 - Found 3775 MCUs, 3775 are supported
2023-04-24 16:35:41,467 [INFO] ApiDb:423 - Load user favorites file C:\Users\ALTAWKEL/.stm32cubeide/favorites.mcus.txt: 0 item(s)
2023-04-24 16:35:41,467 [INFO] ApiDb:427 - User favorites MCUs=[]
2023-04-24 16:35:41,467 [INFO] DbMcus:222 - Set 0 / 0 favorites MCUs
2023-04-24 16:35:41,812 [WARN] PackLoader:240 - Cannot read IP mode file for STMicroelectronics.X-CUBE-GNSS1.6.0.0
2023-04-24 16:35:41,847 [INFO] ApiDb:668 - CubeFinder database Data Model version=2.1
2023-04-24 16:35:41,847 [INFO] ApiDb:669 - CubeFinder database Configuration version=3.0.35
2023-04-24 16:35:41,847 [INFO] ApiDb:670 - CubeFinder database generation date=2023-03-10 (1678456172)
2023-04-24 16:35:41,847 [INFO] ApiDb:671 - CubeFinder database FW Pack versions=[FP-ATR-ASTRA1_V1.1.1, STM32Cube_FW_C0_V1.0.1, STM32Cube_FW_F0_V1.11.4, STM32Cube_FW_F3_V1.11.4, STM32Cube_FW_F4_V1.27.1, STM32Cube_FW_F7_V1.17.0, STM32Cube_FW_G0_V1.6.1, STM32Cube_FW_G4_V1.5.1, STM32Cube_FW_H5_V0.5.1, STM32Cube_FW_H5_V1.0.0, STM32Cube_FW_H7_V1.11.0, STM32Cube_FW_L0_V1.12.2, STM32Cube_FW_L5_V1.5.0, STM32Cube_FW_U5_V1.2.0, STM32Cube_FW_WBA_V1.0.0, STM32Cube_FW_WBA_V1.0.0RC1, STM32Cube_FW_WBA_V1.0.0RC3, STM32Cube_FW_WB_V1.15.0RC1, STM32Cube_FW_WB_V1.16.0, STM32Cube_FW_WB_V1.16.0RC2, STM32Cube_FW_WL_V1.3.0, X-CUBE-ALGOBUILD_V1.3.0, X-CUBE-ALS_V1.0.1, X-CUBE-AZRTOS-F4_V1.1.0, X-CUBE-AZRTOS-F7_V1.1.0, X-CUBE-AZRTOS-G0_V1.1.0, X-CUBE-AZRTOS-G4_V1.0.0, X-CUBE-AZRTOS-H7_V3.0.0, X-CUBE-AZRTOS-L4_V1.0.0, X-CUBE-AZRTOS-L5_V1.1.0, X-CUBE-AZRTOS-WB_V1.1.0, X-CUBE-AZRTOS-WL_V1.0.0, X-CUBE-BLE1_V6.2.4, X-CUBE-BLE2_V3.3.0, X-CUBE-BLEMGR_V1.3.0, X-CUBE-EEPRMA1_V4.1.0, X-CUBE-GNSS1_V6.0.0, X-CUBE-MEMS1_V9.1.0, X-CUBE-MEMS1_V9.4.0, X-CUBE-MEMS1_V9.5.0, X-CUBE-NFC4_V3.0.0, X-CUBE-NFC7_V1.0.0, X-CUBE-SFXS2LP1_V4.0.0, X-CUBE-SUBG2_V5.0.0]
2023-04-24 16:35:41,855 [WARN] PackLoader:240 - Cannot read IP mode file for STMicroelectronics.X-CUBE-AZRTOS-F4.1.1.0
2023-04-24 16:35:41,877 [WARN] PackLoader:240 - Cannot read IP mode file for STMicroelectronics.X-CUBE-SMBUS.2.1.0
2023-04-24 16:35:41,889 [WARN] PackLoader:240 - Cannot read IP mode file for wolfSSL.I-CUBE-wolfSSL.5.6.0
2023-04-24 16:35:41,919 [INFO] DbBoardsSqlite:226 - include board P-NUCLEO-WB55-NUCLEO as a kit item of type 'Nucleo-64'
2023-04-24 16:35:41,919 [INFO] DbBoardsSqlite:226 - include board P-NUCLEO-WB55-USBDONGLE as a kit item of type 'Nucleo USB Dongle'
2023-04-24 16:35:41,919 [INFO] DbBoardsSqlite:226 - include board STEVAL-IDP005V1 as a kit item of type 'Evaluation Board'
2023-04-24 16:35:41,919 [INFO] DbBoardsSqlite:226 - include board STEVAL-IDP005V2 as a kit item of type 'Evaluation Board'
2023-04-24 16:35:41,926 [WARN] PackLoader:240 - Cannot read IP mode file for STMicroelectronics.X-CUBE-AZRTOS-F7.1.1.0
2023-04-24 16:35:41,952 [WARN] PackLoader:240 - Cannot read IP mode file for STMicroelectronics.X-CUBE-BLE1.6.2.4
2023-04-24 16:35:41,972 [WARN] PackLoader:240 - Cannot read IP mode file for emotas.I-CUBE-CANOPEN.1.1.3
2023-04-24 16:35:41,982 [INFO] ApiDb:240 - Found 297 in-development CPN: [B-G473E-ZEST1S, B-WB1M-WPAN1, B-WL5M-SUBG1, NUCLEO-C031C6, NUCLEO-H503RB, NUCLEO-H563ZI, NUCLEO-U545RE-Q, NUCLEO-U5A5ZJ-Q, NUCLEO-WBA52CG, STEVAL-PROTEUS1, STEVAL-STWINBX1, STM320518-EVAL, STM32C0116-DK, STM32C011D6Y3TR, STM32C011D6Y6TR, STM32C011F4P3, STM32C011F4P6, STM32C011F4U3, STM32C011F4U6TR, STM32C011F6P3, STM32C011F6P6, STM32C011F6U3, STM32C011F6U6TR, STM32C011J4M3, STM32C011J4M6, STM32C011J6M3, STM32C011J6M6, STM32C0316-DK, STM32C031C4T3, STM32C031C4T6, STM32C031C4U3, STM32C031C4U6, STM32C031C6T3, STM32C031C6T6, STM32C031C6U3, STM32C031C6U6, STM32C031F4P3, STM32C031F4P6, STM32C031F6P3, STM32C031F6P6, STM32C031G4U3, STM32C031G4U6, STM32C031G6U3, STM32C031G6U6, STM32C031K4T3, STM32C031K4T6, STM32C031K4U3, STM32C031K4U6, STM32C031K6T3, STM32C031K6T6, STM32C031K6U3, STM32C031K6U6, STM32G071K8TXN, STM32G071K8UXN, STM32G081GBU6N, STM32G081KBT6N, STM32G081KBUXN, STM32G0B1CCT6N, STM32G0B1KCT6, STM32G0B1NEY6TR, STM32G0B1RCT6N, STM32G0C1CCT6, STM32G0C1CCT6N, STM32G0C1CCU6N, STM32G0C1CET6N, STM32G0C1CEU6N, STM32G0C1KCT6, STM32G0C1NEY6TR, STM32G0C1RCI6N, STM32G0C1RCT6N, STM32G0C1REI6N, STM32G0C1RET6N, STM32G0C1VCI6, STM32G0C1VEI6, STM32G471CCT6, STM32G471CCU6, STM32G471CET3, STM32G471CET6, STM32G471CEU3, STM32G471CEU6, STM32G471MCT6, STM32G471MET3, STM32G471MET6, STM32G471MEY6TR, STM32G471QCT6, STM32G471QET3, STM32G471RCT6, STM32G471RET3, STM32G471RET6, STM32G471VCH6, STM32G471VCI6, STM32G471VCT6, STM32G471VEH3, STM32G471VEH6, STM32G471VEI3, STM32G471VEI6, STM32G471VET3, STM32G471VET6, STM32G474CCT6, STM32H503CBT6, STM32H503CBU6, STM32H503EBY6TR, STM32H503KBU6, STM32H503RBT6, STM32H562AGI6, STM32H562AII6, STM32H562IGK6, STM32H562IGT6, STM32H562IIK6, STM32H562IIT6, STM32H562RGT6, STM32H562RGV6, STM32H562RIT6, STM32H562RIV6, STM32H562VGT6, STM32H562VIT6, STM32H562ZGT6, STM32H562ZIT6, STM32H563AGI6, STM32H563AII3Q, STM32H563AII6, STM32H563IGK6, STM32H563IGT6, STM32H563IIK3Q, STM32H563IIK6, STM32H563IIT3Q, STM32H563IIT6, STM32H563MIY3QTR, STM32H563RGT6, STM32H563RGV6, STM32H563RIT6, STM32H563RIV6, STM32H563VGT6, STM32H563VIT3Q, STM32H563VIT6, STM32H563ZGT6, STM32H563ZIT3Q, STM32H563ZIT6, STM32H573AII3Q, STM32H573AII6, STM32H573I-DK, STM32H573IIK3Q, STM32H573IIK6, STM32H573IIT3Q, STM32H573IIT6, STM32H573MIY3QTR, STM32H573RIT6, STM32H573RIV6, STM32H573VIT3Q, STM32H573VIT6, STM32H573ZIT3Q, STM32H573ZIT6, STM32L4R5QGI6STR, STM32MP131AAE3, STM32MP131AAF3, STM32MP131AAG3, STM32MP131CAE3, STM32MP131CAF3, STM32MP131CAG3, STM32MP131DAE7, STM32MP131DAF7, STM32MP131DAG7, STM32MP131FAE7, STM32MP131FAF7, STM32MP131FAG7, STM32MP133AAE3, STM32MP133AAF3, STM32MP133AAG3, STM32MP133CAE3, STM32MP133CAF3, STM32MP133CAG3, STM32MP133DAE7, STM32MP133DAF7, STM32MP133DAG7, STM32MP133FAE7, STM32MP133FAF7, STM32MP133FAG7, STM32MP135AAE3, STM32MP135AAF3, STM32MP135AAG3, STM32MP135CAE3, STM32MP135CAF3, STM32MP135CAG3, STM32MP135DAE7, STM32MP135DAF7, STM32MP135DAG7, STM32MP135F-DK, STM32MP135FAE7, STM32MP135FAF7, STM32MP135FAF7T, STM32MP135FAF7U, STM32MP135FAG7, STM32U535CBT6, STM32U535CBT6Q, STM32U535CBU6, STM32U535CBU6Q, STM32U535CCT6, STM32U535CCT6Q, STM32U535CCU6, STM32U535CCU6Q, STM32U535CET6, STM32U535CET6Q, STM32U535CEU6, STM32U535CEU6Q, STM32U535JEY6QTR, STM32U535NCY6QTR, STM32U535NEY6QTR, STM32U535RBI6, STM32U535RBI6Q, STM32U535RBT6, STM32U535RBT6Q, STM32U535RCI6, STM32U535RCI6Q, STM32U535RCT6, STM32U535RCT6Q, STM32U535REI6, STM32U535REI6Q, STM32U535RET6, STM32U535RET6Q, STM32U535VCI6, STM32U535VCI6Q, STM32U535VCT6, STM32U535VCT6Q, STM32U535VEI6, STM32U535VEI6Q, STM32U535VET6, STM32U535VET6Q, STM32U545CET6, STM32U545CET6Q, STM32U545CEU6, STM32U545CEU6Q, STM32U545JEY6QTR, STM32U545NEY6QTR, STM32U545REI6, STM32U545REI6Q, STM32U545RET6, STM32U545RET6Q, STM32U545VEI6, STM32U545VEI6Q, STM32U545VET6, STM32U545VET6Q, STM32U595AIH6, STM32U595AIH6Q, STM32U595AJH6, STM32U595AJH6Q, STM32U595QII6, STM32U595QII6Q, STM32U595QJI6, STM32U595QJI6Q, STM32U595RIT6, STM32U595RIT6Q, STM32U595RJT6, STM32U595RJT6Q, STM32U595VIT6, STM32U595VIT6Q, STM32U595VJT6, STM32U595VJT6Q, STM32U595ZIT6, STM32U595ZIT6Q, STM32U595ZIY6QTR, STM32U595ZJT6, STM32U595ZJT6Q, STM32U595ZJY6QTR, STM32U599BJY6QTR, STM32U599NIH6Q, STM32U599NJH6Q, STM32U599VIT6Q, STM32U599VJT6, STM32U599VJT6Q, STM32U599ZIT6Q, STM32U599ZIY6QTR, STM32U599ZJT6Q, STM32U599ZJY6QTR, STM32U5A5AJH6, STM32U5A5AJH6Q, STM32U5A5QJI6, STM32U5A5QJI6Q, STM32U5A5RJT6, STM32U5A5RJT6Q, STM32U5A5VJT6, STM32U5A5VJT6Q, STM32U5A5ZJT6, STM32U5A5ZJT6Q, STM32U5A5ZJY6QTR, STM32U5A9BJY6QTR, STM32U5A9J-DK, STM32U5A9NJH6Q, STM32U5A9VJT6Q, STM32U5A9ZJT6Q, STM32U5A9ZJY6QTR, STM32WB1MMCH6, STM32WBA52CEU6, STM32WBA52CEU6T, STM32WBA52CGU6, STM32WBA52CGU6T, STM32WL5MOCH6, STM32WL5MOCH6TR]
2023-04-24 16:35:42,012 [WARN] PackLoader:240 - Cannot read IP mode file for STMicroelectronics.X-CUBE-BLEMGR.2.0.0
2023-04-24 16:35:42,070 [WARN] ConditionMgr:438 - getConditionDescription Invalid condition id : UX DEVICE CLASS RTOS Condition cause : null
2023-04-24 16:35:42,073 [WARN] ConditionMgr:438 - getConditionDescription Invalid condition id : UX DEVICE CLASS RTOS Condition cause : null
2023-04-24 16:35:42,075 [WARN] PackLoader:240 - Cannot read IP mode file for STMicroelectronics.X-CUBE-AZRTOS-H7.3.1.0
2023-04-24 16:35:42,075 [WARN] ConditionMgr:1039 - genDependencies : Invalid condition id : UX DEVICE CLASS RTOS Condition cause : null
2023-04-24 16:35:42,075 [WARN] ConditionMgr:1039 - genDependencies : Invalid condition id : UX DEVICE CLASS RTOS Condition cause : null
2023-04-24 16:35:42,080 [WARN] ConditionMgr:1039 - genDependencies : Invalid condition id : UX DEVICE CLASS RTOS Condition cause : null
2023-04-24 16:35:42,080 [WARN] ConditionMgr:1039 - genDependencies : Invalid condition id : UX DEVICE CLASS RTOS Condition cause : null
2023-04-24 16:35:42,080 [WARN] ConditionMgr:1039 - genDependencies : Invalid condition id : UX DEVICE CLASS RTOS Condition cause : null
2023-04-24 16:35:42,120 [WARN] PackLoader:240 - Cannot read IP mode file for STMicroelectronics.X-CUBE-DISPLAY.3.0.0
2023-04-24 16:35:42,145 [WARN] PackLoader:240 - Cannot read IP mode file for STMicroelectronics.X-CUBE-NFC7.1.0.0
2023-04-24 16:35:42,170 [WARN] PackLoader:240 - Cannot read IP mode file for STMicroelectronics.X-CUBE-EEPRMA1.4.1.0
2023-04-24 16:35:42,190 [WARN] PackLoader:240 - Cannot read IP mode file for WES.I-CUBE-Cesium.1.3.0
2023-04-24 16:35:42,210 [WARN] PackLoader:240 - Cannot read IP mode file for STMicroelectronics.X-CUBE-SFXS2LP1.4.0.0
2023-04-24 16:35:42,230 [WARN] PackLoader:240 - Cannot read IP mode file for STMicroelectronics.X-CUBE-BLE2.3.3.0
2023-04-24 16:35:42,295 [WARN] PackLoader:240 - Cannot read IP mode file for STMicroelectronics.X-CUBE-AZRTOS-H7.3.0.0
2023-04-24 16:35:42,321 [INFO] BoardInfo:880 - No configuration file found for board P-NUCLEO-WB55
2023-04-24 16:35:42,321 [INFO] DbBoards:157 - Kit is not supported: P-NUCLEO-WB55
2023-04-24 16:35:42,326 [WARN] PackLoader:240 - Cannot read IP mode file for STMicroelectronics.X-CUBE-ISPU.1.1.0
2023-04-24 16:35:42,344 [INFO] BoardInfo:880 - No configuration file found for board STEVAL-BFA001V1B
2023-04-24 16:35:42,344 [INFO] DbBoards:157 - Kit is not supported: STEVAL-BFA001V1B
2023-04-24 16:35:42,346 [INFO] BoardInfo:880 - No configuration file found for board STEVAL-BFA001V2B
2023-04-24 16:35:42,346 [INFO] DbBoards:157 - Kit is not supported: STEVAL-BFA001V2B
2023-04-24 16:35:42,361 [WARN] PackLoader:240 - Cannot read IP mode file for RoweBots.I-CUBE-UNISONRTOS.5.5.0-4
2023-04-24 16:35:42,383 [WARN] PackLoader:240 - Cannot read IP mode file for STMicroelectronics.X-CUBE-AI.8.0.0
2023-04-24 16:35:42,413 [WARN] PackLoader:240 - Cannot read IP mode file for STMicroelectronics.X-CUBE-FREERTOS.1.0.0
2023-04-24 16:35:42,428 [WARN] PackLoader:240 - Cannot read IP mode file for STMicroelectronics.X-CUBE-FREERTOS.1.0.1
2023-04-24 16:35:42,448 [WARN] PackLoader:240 - Cannot read IP mode file for STMicroelectronics.X-CUBE-TOUCHGFX.4.21.3
2023-04-24 16:35:42,458 [WARN] PackLoader:240 - Cannot read IP mode file for STMicroelectronics.X-CUBE-ALGOBUILD.1.3.0
2023-04-24 16:35:42,483 [WARN] PackLoader:240 - Cannot read IP mode file for STMicroelectronics.X-CUBE-AZRTOS-L5.1.1.0
2023-04-24 16:35:42,521 [WARN] PackLoader:240 - Cannot read IP mode file for STMicroelectronics.X-CUBE-AZRTOS-G0.1.1.0
2023-04-24 16:35:42,526 [INFO] DbBoards:161 - Found 187 boards, 184 are supported
2023-04-24 16:35:42,531 [INFO] ApiDb:423 - Load user favorites file C:\Users\ALTAWKEL/.stm32cubeide/favorites.boards.txt: 1 item(s)
2023-04-24 16:35:42,531 [INFO] ApiDb:427 - User favorites Boards=[NUCLEO-F446RE]
2023-04-24 16:35:42,531 [INFO] DbBoards:190 - Set 1 / 1 favorites Boards
2023-04-24 16:35:42,536 [INFO] ApiDb:668 - CubeFinder database Data Model version=2.1
2023-04-24 16:35:42,536 [INFO] ApiDb:669 - CubeFinder database Configuration version=3.0.35
2023-04-24 16:35:42,536 [INFO] ApiDb:670 - CubeFinder database generation date=2023-03-10 (1678456172)
2023-04-24 16:35:42,536 [INFO] ApiDb:671 - CubeFinder database FW Pack versions=[FP-ATR-ASTRA1_V1.1.1, STM32Cube_FW_C0_V1.0.1, STM32Cube_FW_F0_V1.11.4, STM32Cube_FW_F3_V1.11.4, STM32Cube_FW_F4_V1.27.1, STM32Cube_FW_F7_V1.17.0, STM32Cube_FW_G0_V1.6.1, STM32Cube_FW_G4_V1.5.1, STM32Cube_FW_H5_V0.5.1, STM32Cube_FW_H5_V1.0.0, STM32Cube_FW_H7_V1.11.0, STM32Cube_FW_L0_V1.12.2, STM32Cube_FW_L5_V1.5.0, STM32Cube_FW_U5_V1.2.0, STM32Cube_FW_WBA_V1.0.0, STM32Cube_FW_WBA_V1.0.0RC1, STM32Cube_FW_WBA_V1.0.0RC3, STM32Cube_FW_WB_V1.15.0RC1, STM32Cube_FW_WB_V1.16.0, STM32Cube_FW_WB_V1.16.0RC2, STM32Cube_FW_WL_V1.3.0, X-CUBE-ALGOBUILD_V1.3.0, X-CUBE-ALS_V1.0.1, X-CUBE-AZRTOS-F4_V1.1.0, X-CUBE-AZRTOS-F7_V1.1.0, X-CUBE-AZRTOS-G0_V1.1.0, X-CUBE-AZRTOS-G4_V1.0.0, X-CUBE-AZRTOS-H7_V3.0.0, X-CUBE-AZRTOS-L4_V1.0.0, X-CUBE-AZRTOS-L5_V1.1.0, X-CUBE-AZRTOS-WB_V1.1.0, X-CUBE-AZRTOS-WL_V1.0.0, X-CUBE-BLE1_V6.2.4, X-CUBE-BLE2_V3.3.0, X-CUBE-BLEMGR_V1.3.0, X-CUBE-EEPRMA1_V4.1.0, X-CUBE-GNSS1_V6.0.0, X-CUBE-MEMS1_V9.1.0, X-CUBE-MEMS1_V9.4.0, X-CUBE-MEMS1_V9.5.0, X-CUBE-NFC4_V3.0.0, X-CUBE-NFC7_V1.0.0, X-CUBE-SFXS2LP1_V4.0.0, X-CUBE-SUBG2_V5.0.0]
2023-04-24 16:35:42,541 [WARN] PackLoader:240 - Cannot read IP mode file for STMicroelectronics.X-CUBE-SUBG2.5.0.0
2023-04-24 16:35:42,561 [WARN] PackLoader:240 - Cannot read IP mode file for STMicroelectronics.X-CUBE-NFC4.3.0.0
2023-04-24 16:35:42,586 [WARN] PackLoader:240 - Cannot read IP mode file for STMicroelectronics.X-CUBE-TOF1.3.3.0
2023-04-24 16:35:42,616 [WARN] PackLoader:240 - Cannot read IP mode file for STMicroelectronics.FP-ATR-ASTRA1.1.1.1
2023-04-24 16:35:42,646 [WARN] PackLoader:240 - Cannot read IP mode file for STMicroelectronics.X-CUBE-AZRTOS-G4.1.0.0
2023-04-24 16:35:42,660 [WARN] PackLoader:240 - Cannot read IP mode file for STMicroelectronics.FP-ATR-SIGFOX1.3.2.0
2023-04-24 16:35:42,695 [WARN] PackLoader:240 - Cannot read IP mode file for STMicroelectronics.X-CUBE-AZRTOS-L4.1.0.0
2023-04-24 16:35:42,730 [WARN] PackLoader:240 - Cannot read IP mode file for STMicroelectronics.X-CUBE-AZRTOS-WL.1.0.0
2023-04-24 16:35:42,745 [WARN] PackLoader:240 - Cannot read IP mode file for portGmbH.I-Cube-SoM-uGOAL.1.1.0
2023-04-24 16:35:42,760 [WARN] PackLoader:240 - Cannot read IP mode file for STMicroelectronics.X-CUBE-ALS.1.0.1
2023-04-24 16:35:42,835 [WARN] PackLoader:240 - Cannot read IP mode file for STMicroelectronics.X-CUBE-MEMS1.9.5.0
2023-04-24 16:35:43,135 [WARN] PackLoader:240 - Cannot read IP mode file for STMicroelectronics.X-CUBE-AZRTOS-WB.1.1.0
2023-04-24 16:35:43,195 [WARN] PackLoader:240 - Cannot read IP mode file for SEGGER.I-CUBE-embOS.1.3.1
2023-04-24 16:35:43,310 [WARN] PackLoader:240 - Cannot read IP mode file for STMicroelectronics.FP-ATR-ASTRA1.2.0.0
2023-04-24 16:35:43,310 [INFO] ThirdParty:978 - Integrity check success = true
2023-04-24 16:35:43,310 [INFO] IntegrityCheckThread:100 - exiting critical section [integrity check]
2023-04-24 16:35:43,310 [INFO] IntegrityCheckThread:103 - End integrity checks thread
2023-04-24 16:35:43,806 [INFO] DbExamplesSqlite:376 - Ignored 46 examples not supported by CubeIDE
2023-04-24 16:35:43,806 [INFO] DbExamplesSqlite:377 - Found 7328 examples active
2023-04-24 16:35:43,811 [INFO] DbExamplesSqlite:378 - Found 1095 examples obsolete
2023-04-24 16:35:43,811 [INFO] DbExamplesSqlite:379 - Found 0 examples under development
2023-04-24 16:35:43,811 [INFO] DbExamplesSqlite:380 - Found 77 examples not building
2023-04-24 16:35:43,814 [INFO] DbExamples:125 - Found 7359 examples
2023-04-24 16:35:43,821 [INFO] DbExamples:222 - Found 92 boards with related examples
2023-04-24 16:35:43,821 [INFO] DbExamples:235 - Found 78 MCUs with related examples
2023-04-24 16:35:43,839 [INFO] ApiDb:414 - User favorites file not found: C:\Users\ALTAWKEL/.stm32cubeide/favorites.examples.txt
2023-04-24 16:35:43,839 [INFO] DbExamples:250 - Set 0 / 0 favorites Examples
2023-04-24 16:35:44,192 [INFO] McuFinderGlobals:66 - Set McuFinderConnectedMode to true
2023-04-24 16:35:44,200 [INFO] MultiScanPanel:200 - Auto-refresh data requested => check proxy status ongoing
2023-04-24 16:35:44,205 [INFO] FinderPluginLoader:95 - Searching for filters in installed packs
2023-04-24 16:35:45,846 [INFO] LoadUrlFilesThread:185 - End of LoadServerUrlFiles without Thread
2023-04-24 16:35:45,861 [INFO] DetailPanel:341 - Set advertising image to C:/Users/ALTAWKEL/STM32Cube/Repository/\en.prom-stm32h5-mcu-finder.jpg
2023-04-24 16:36:30,838 [INFO] McuFinderGlobals:66 - Set McuFinderConnectedMode to true
2023-04-24 16:36:30,843 [INFO] ApiDb:448 - Save user favorites file C:\Users\ALTAWKEL/.stm32cubeide/favorites.mcus.txt: 0 item(s)
2023-04-24 16:36:30,843 [INFO] ApiDb:452 - User favorites MCUs=[]
2023-04-24 20:28:11,990 [INFO] MainUpdater:2854 - connection check result : 10
2023-04-24 20:28:12,173 [INFO] McuFinderGlobals:66 - Set McuFinderConnectedMode to true
2023-04-24 20:28:12,177 [INFO] MultiScanPanel:200 - Auto-refresh data requested => check proxy status ongoing
2023-04-24 20:28:12,178 [INFO] FinderPluginLoader:95 - Searching for filters in installed packs
2023-04-24 20:28:13,089 [INFO] LoadUrlFilesThread:185 - End of LoadServerUrlFiles without Thread
2023-04-24 20:28:13,089 [INFO] DetailPanel:341 - Set advertising image to C:/Users/ALTAWKEL/STM32Cube/Repository/\en.prom-stm32h5-mcu-finder.jpg
2023-04-24 20:28:17,005 [INFO] ApiDb:581 - Connected to CubeFinder SQLite database (C:\Users\ALTAWKEL\.stmcufinder\plugins\mcufinder\mcu\cube-finder-db.db)
2023-04-24 20:28:49,205 [INFO] MainUpdater:2854 - connection check result : 10
2023-04-24 20:28:49,205 [INFO] MainUpdater:2854 - connection check result : 10
2023-04-24 20:28:49,255 [INFO] MicroXplorer:468 - Change Database Path : 
2023-04-24 20:28:49,255 [INFO] MicroXplorer:498 - Change Database Version : DB.6.0.80
2023-04-24 20:28:49,255 [WARN] ThirdParty:871 - waiting for thirdparty lock release [close project]
2023-04-24 20:28:49,256 [INFO] ThirdParty:873 - entering critical section [close project]
2023-04-24 20:28:49,257 [INFO] ThirdParty:883 - exiting critical section [close project]
2023-04-24 20:28:49,264 [INFO] PinOutPanel:1499 - setPackage(No Configuration,No Configuration)
2023-04-24 20:28:49,277 [INFO] UtilMem:75 - Begin LoadConfig() Used Memory: 230932688 Bytes (370147328)
2023-04-24 20:28:49,281 [INFO] MicroXplorer:468 - Change Database Path : 
2023-04-24 20:28:49,281 [INFO] MicroXplorer:498 - Change Database Version : DB.6.0.80
2023-04-24 20:28:49,281 [INFO] OpenFileManager:308 - Change cursor
2023-04-24 20:28:49,404 [INFO] Mcu:1937 - Initializing MCU STM32F401CCUx STM32F401CCUx 
2023-04-24 20:28:49,406 [INFO] Mcu:1950 - No CPN specified => set CPN to STM32F401CCU6
2023-04-24 20:28:50,820 [INFO] Context:659 - Trying to add GPIOservice into a context  which must be forbidden
2023-04-24 20:28:51,376 [INFO] ImportTextPane:194 - (OptionalMessage_ERROR) Unable to find key (Mcu.ThirdPartyNb) in loaded IOC file
2023-04-24 20:28:51,376 [INFO] ImportTextPane:194 - (OptionalMessage_ERROR) Unable to find key (Mcu.PinsNb) in loaded IOC file
2023-04-24 20:28:51,376 [INFO] ImportTextPane:194 - (OptionalMessage_ERROR) Unable to find key (Mcu.IPNb) in loaded IOC file
2023-04-24 20:28:51,481 [INFO] RtosManager:555 - Registered RTOS mode: class=CMSIS, group=RTOS, mode=CMSIS_V1, owner=FREERTOS
2023-04-24 20:28:51,482 [INFO] RtosManager:555 - Registered RTOS mode: class=CMSIS, group=RTOS2, mode=CMSIS_V2, owner=FREERTOS
2023-04-24 20:28:51,482 [INFO] RtosManager:555 - Registered RTOS mode: class=RTOS, group=Core, mode=CMSIS_V1, owner=FREERTOS
2023-04-24 20:28:51,482 [INFO] RtosManager:555 - Registered RTOS mode: class=RTOS, group=Core, mode=CMSIS_V2, owner=FREERTOS
2023-04-24 20:28:51,482 [WARN] ModelIntegratedComponent:184 - Missing modes for component STMicroelectronics:FreeRTOS:0.0.1:STMicroelectronics:RTOS:FreeRTOS:Core:::10.2.0:
2023-04-24 20:28:51,491 [WARN] ModelIntegratedComponent:182 - Modes not found for component STMicroelectronics:USB_HOST:1.0.0:STMicroelectronics:USB::USB Host:Audio HS::1.0:USB_HOST_1_0_RESTRICTED_HS
2023-04-24 20:28:51,491 [WARN] ModelIntegratedComponent:188 - Modes not found for component STMicroelectronics:USB_HOST:1.0.0:STMicroelectronics:USB::USB Host:Audio HS::1.0:USB_HOST_1_0_RESTRICTED_HS
2023-04-24 20:28:51,491 [WARN] ModelIntegratedComponent:182 - Modes not found for component STMicroelectronics:USB_HOST:1.0.0:STMicroelectronics:USB::USB Host:CDC HS::1.0:USB_HOST_1_0_RESTRICTED_HS
2023-04-24 20:28:51,491 [WARN] ModelIntegratedComponent:188 - Modes not found for component STMicroelectronics:USB_HOST:1.0.0:STMicroelectronics:USB::USB Host:CDC HS::1.0:USB_HOST_1_0_RESTRICTED_HS
2023-04-24 20:28:51,491 [WARN] ModelIntegratedComponent:182 - Modes not found for component STMicroelectronics:USB_HOST:1.0.0:STMicroelectronics:USB::USB Host:MSC HS::1.0:USB_HOST_1_0_RESTRICTED_HS
2023-04-24 20:28:51,491 [WARN] ModelIntegratedComponent:188 - Modes not found for component STMicroelectronics:USB_HOST:1.0.0:STMicroelectronics:USB::USB Host:MSC HS::1.0:USB_HOST_1_0_RESTRICTED_HS
2023-04-24 20:28:51,491 [WARN] ModelIntegratedComponent:182 - Modes not found for component STMicroelectronics:USB_HOST:1.0.0:STMicroelectronics:USB::USB Host:HID HS::1.0:USB_HOST_1_0_RESTRICTED_HS
2023-04-24 20:28:51,491 [WARN] ModelIntegratedComponent:188 - Modes not found for component STMicroelectronics:USB_HOST:1.0.0:STMicroelectronics:USB::USB Host:HID HS::1.0:USB_HOST_1_0_RESTRICTED_HS
2023-04-24 20:28:51,491 [WARN] ModelIntegratedComponent:182 - Modes not found for component STMicroelectronics:USB_HOST:1.0.0:STMicroelectronics:USB::USB Host:MTP HS::1.0:USB_HOST_1_0_RESTRICTED_HS
2023-04-24 20:28:51,491 [WARN] ModelIntegratedComponent:188 - Modes not found for component STMicroelectronics:USB_HOST:1.0.0:STMicroelectronics:USB::USB Host:MTP HS::1.0:USB_HOST_1_0_RESTRICTED_HS
2023-04-24 20:28:51,510 [WARN] ModelIntegratedComponent:63 - No mode defined for component null
2023-04-24 20:28:51,510 [WARN] ModelIntegratedComponent:63 - No mode defined for component null
2023-04-24 20:28:51,510 [WARN] ModelIntegratedComponent:63 - No mode defined for component null
2023-04-24 20:28:51,510 [WARN] ModelIntegratedComponent:63 - No mode defined for component null
2023-04-24 20:28:51,511 [WARN] ModelIntegratedComponent:63 - No mode defined for component null
2023-04-24 20:28:51,511 [WARN] ModelIntegratedComponent:63 - No mode defined for component null
2023-04-24 20:28:51,511 [WARN] ModelIntegratedComponent:63 - No mode defined for component null
2023-04-24 20:28:51,511 [WARN] ModelIntegratedComponent:63 - No mode defined for component null
2023-04-24 20:28:51,511 [WARN] ModelIntegratedComponent:63 - No mode defined for component null
2023-04-24 20:28:51,511 [WARN] ModelIntegratedComponent:63 - No mode defined for component null
2023-04-24 20:28:51,511 [WARN] ModelIntegratedComponent:63 - No mode defined for component null
2023-04-24 20:28:51,511 [WARN] ModelIntegratedComponent:63 - No mode defined for component null
2023-04-24 20:28:51,511 [WARN] ModelIntegratedComponent:63 - No mode defined for component null
2023-04-24 20:28:51,511 [WARN] ModelIntegratedComponent:63 - No mode defined for component null
2023-04-24 20:28:51,511 [WARN] ModelIntegratedComponent:63 - No mode defined for component null
2023-04-24 20:28:51,511 [WARN] ModelIntegratedComponent:63 - No mode defined for component null
2023-04-24 20:28:51,511 [WARN] ModelIntegratedComponent:63 - No mode defined for component null
2023-04-24 20:28:51,512 [WARN] ModelIntegratedComponent:63 - No mode defined for component null
2023-04-24 20:28:51,512 [WARN] ModelIntegratedComponent:63 - No mode defined for component null
2023-04-24 20:28:51,512 [WARN] ModelIntegratedComponent:63 - No mode defined for component null
2023-04-24 20:28:51,512 [WARN] ModelIntegratedComponent:63 - No mode defined for component null
2023-04-24 20:28:51,512 [WARN] ModelIntegratedComponent:63 - No mode defined for component null
2023-04-24 20:28:51,512 [WARN] ModelIntegratedComponent:63 - No mode defined for component null
2023-04-24 20:28:51,512 [WARN] ModelIntegratedComponent:63 - No mode defined for component null
2023-04-24 20:28:51,512 [WARN] ModelIntegratedComponent:63 - No mode defined for component null
2023-04-24 20:28:51,512 [WARN] ModelIntegratedComponent:63 - No mode defined for component null
2023-04-24 20:28:51,512 [WARN] ModelIntegratedComponent:63 - No mode defined for component null
2023-04-24 20:28:51,512 [WARN] ModelIntegratedComponent:63 - No mode defined for component null
2023-04-24 20:28:51,512 [WARN] ModelIntegratedComponent:63 - No mode defined for component null
2023-04-24 20:28:51,513 [WARN] ModelIntegratedComponent:63 - No mode defined for component null
2023-04-24 20:28:51,513 [WARN] ModelIntegratedComponent:63 - No mode defined for component null
2023-04-24 20:28:51,513 [WARN] ModelIntegratedComponent:63 - No mode defined for component null
2023-04-24 20:28:51,513 [WARN] ModelIntegratedComponent:63 - No mode defined for component null
2023-04-24 20:28:51,703 [WARN] ModelIntegratedComponent:182 - Modes not found for component STMicroelectronics:USB_DEVICE:1.0.0:STMicroelectronics:USB::USB Device:Audio HS::1.0:USB_DEVICE_1_0_RESTRICTED_HS
2023-04-24 20:28:51,703 [WARN] ModelIntegratedComponent:188 - Modes not found for component STMicroelectronics:USB_DEVICE:1.0.0:STMicroelectronics:USB::USB Device:Audio HS::1.0:USB_DEVICE_1_0_RESTRICTED_HS
2023-04-24 20:28:51,703 [WARN] ModelIntegratedComponent:182 - Modes not found for component STMicroelectronics:USB_DEVICE:1.0.0:STMicroelectronics:USB::USB Device:CDC HS::1.0:USB_DEVICE_1_0_RESTRICTED_HS
2023-04-24 20:28:51,703 [WARN] ModelIntegratedComponent:188 - Modes not found for component STMicroelectronics:USB_DEVICE:1.0.0:STMicroelectronics:USB::USB Device:CDC HS::1.0:USB_DEVICE_1_0_RESTRICTED_HS
2023-04-24 20:28:51,703 [WARN] ModelIntegratedComponent:182 - Modes not found for component STMicroelectronics:USB_DEVICE:1.0.0:STMicroelectronics:USB::USB Device:DFU HS::1.0:USB_DEVICE_1_0_RESTRICTED_HS
2023-04-24 20:28:51,705 [WARN] ModelIntegratedComponent:188 - Modes not found for component STMicroelectronics:USB_DEVICE:1.0.0:STMicroelectronics:USB::USB Device:DFU HS::1.0:USB_DEVICE_1_0_RESTRICTED_HS
2023-04-24 20:28:51,705 [WARN] ModelIntegratedComponent:182 - Modes not found for component STMicroelectronics:USB_DEVICE:1.0.0:STMicroelectronics:USB::USB Device:HID HS::1.0:USB_DEVICE_1_0_RESTRICTED_HS
2023-04-24 20:28:51,705 [WARN] ModelIntegratedComponent:188 - Modes not found for component STMicroelectronics:USB_DEVICE:1.0.0:STMicroelectronics:USB::USB Device:HID HS::1.0:USB_DEVICE_1_0_RESTRICTED_HS
2023-04-24 20:28:51,705 [WARN] ModelIntegratedComponent:182 - Modes not found for component STMicroelectronics:USB_DEVICE:1.0.0:STMicroelectronics:USB::USB Device:Custom HID HS::1.0:USB_DEVICE_1_0_RESTRICTED_HS
2023-04-24 20:28:51,705 [WARN] ModelIntegratedComponent:188 - Modes not found for component STMicroelectronics:USB_DEVICE:1.0.0:STMicroelectronics:USB::USB Device:Custom HID HS::1.0:USB_DEVICE_1_0_RESTRICTED_HS
2023-04-24 20:28:51,705 [WARN] ModelIntegratedComponent:182 - Modes not found for component STMicroelectronics:USB_DEVICE:1.0.0:STMicroelectronics:USB::USB Device:MSC HS::1.0:USB_DEVICE_1_0_RESTRICTED_HS
2023-04-24 20:28:51,705 [WARN] ModelIntegratedComponent:188 - Modes not found for component STMicroelectronics:USB_DEVICE:1.0.0:STMicroelectronics:USB::USB Device:MSC HS::1.0:USB_DEVICE_1_0_RESTRICTED_HS
2023-04-24 20:28:51,716 [INFO] ThirdPartyModel:298 - Start build external matchings
2023-04-24 20:28:52,140 [INFO] ThirdPartyModel:316 - End build external matchings
2023-04-24 20:28:52,366 [INFO] UtilMem:75 - End LoadConfig() Used Memory: 193582560 Bytes (370147328)
2023-04-24 20:28:52,438 [WARN] ThirdParty:833 - waiting for thirdparty lock release [change project]
2023-04-24 20:28:52,438 [INFO] ThirdParty:835 - entering critical section [change project]
2023-04-24 20:28:52,439 [INFO] ThirdParty:1030 - CMSIS Pack Vendor :STMicroelectronics X-CUBE-ISPU 1.1.0
2023-04-24 20:28:52,439 [INFO] ThirdParty:1030 - CMSIS Pack Vendor :RoweBots I-CUBE-UNISONRTOS 5.5.0-4
2023-04-24 20:28:52,439 [INFO] ThirdParty:1030 - CMSIS Pack Vendor :STMicroelectronics X-CUBE-GNSS1 6.0.0
2023-04-24 20:28:52,440 [INFO] ThirdParty:1030 - CMSIS Pack Vendor :STMicroelectronics USB_HOST 2.0.0
2023-04-24 20:28:52,440 [INFO] ThirdParty:1030 - CMSIS Pack Vendor :STMicroelectronics X-CUBE-AZRTOS-F4 1.1.0
2023-04-24 20:28:52,440 [INFO] ThirdParty:1030 - CMSIS Pack Vendor :STMicroelectronics LIBJPEG 8.0.0
2023-04-24 20:28:52,440 [INFO] ThirdParty:1030 - CMSIS Pack Vendor :STMicroelectronics X-CUBE-SMBUS 2.1.0
2023-04-24 20:28:52,440 [INFO] ThirdParty:1030 - CMSIS Pack Vendor :wolfSSL I-CUBE-wolfSSL 5.6.0
2023-04-24 20:28:52,440 [INFO] ThirdParty:1030 - CMSIS Pack Vendor :STMicroelectronics USB_DEVICE 3.0.0
2023-04-24 20:28:52,440 [INFO] ThirdParty:1030 - CMSIS Pack Vendor :STMicroelectronics X-CUBE-AI 8.0.0
2023-04-24 20:28:52,440 [INFO] ThirdParty:1030 - CMSIS Pack Vendor :STMicroelectronics X-CUBE-FREERTOS 1.0.0
2023-04-24 20:28:52,441 [INFO] ThirdParty:1030 - CMSIS Pack Vendor :STMicroelectronics X-CUBE-FREERTOS 1.0.1
2023-04-24 20:28:52,441 [INFO] ThirdParty:1030 - CMSIS Pack Vendor :STMicroelectronics X-CUBE-TOUCHGFX 4.21.3
2023-04-24 20:28:52,441 [INFO] ThirdParty:1030 - CMSIS Pack Vendor :STMicroelectronics X-CUBE-AZRTOS-F7 1.1.0
2023-04-24 20:28:52,441 [INFO] ThirdParty:1030 - CMSIS Pack Vendor :STMicroelectronics USB_DEVICE 2.0.0
2023-04-24 20:28:52,441 [INFO] ThirdParty:1030 - CMSIS Pack Vendor :STMicroelectronics X-CUBE-ALGOBUILD 1.3.0
2023-04-24 20:28:52,441 [INFO] ThirdParty:1030 - CMSIS Pack Vendor :STMicroelectronics X-CUBE-BLE1 6.2.4
2023-04-24 20:28:52,441 [INFO] ThirdParty:1030 - CMSIS Pack Vendor :STMicroelectronics X-CUBE-AZRTOS-L5 1.1.0
2023-04-24 20:28:52,441 [INFO] ThirdParty:1030 - CMSIS Pack Vendor :STMicroelectronics FreeRTOS 0.0.1
2023-04-24 20:28:52,441 [INFO] ThirdParty:1030 - CMSIS Pack Vendor :emotas I-CUBE-CANOPEN 1.1.3
2023-04-24 20:28:52,442 [INFO] ThirdParty:1030 - CMSIS Pack Vendor :STMicroelectronics X-CUBE-AZRTOS-G0 1.1.0
2023-04-24 20:28:52,442 [INFO] ThirdParty:1030 - CMSIS Pack Vendor :STMicroelectronics X-CUBE-BLEMGR 2.0.0
2023-04-24 20:28:52,442 [INFO] ThirdParty:1030 - CMSIS Pack Vendor :STMicroelectronics X-CUBE-SUBG2 5.0.0
2023-04-24 20:28:52,442 [INFO] ThirdParty:1030 - CMSIS Pack Vendor :STMicroelectronics X-CUBE-NFC4 3.0.0
2023-04-24 20:28:52,443 [INFO] ThirdParty:1030 - CMSIS Pack Vendor :STMicroelectronics STM32_WPAN 1.0.0
2023-04-24 20:28:52,443 [INFO] ThirdParty:1030 - CMSIS Pack Vendor :STMicroelectronics lwIP 2.0.3
2023-04-24 20:28:52,443 [INFO] ThirdParty:1030 - CMSIS Pack Vendor :STMicroelectronics USB_HOST 1.0.0
2023-04-24 20:28:52,443 [INFO] ThirdParty:1030 - CMSIS Pack Vendor :STMicroelectronics PDM2PCM 3.1.0
2023-04-24 20:28:52,443 [INFO] ThirdParty:1030 - CMSIS Pack Vendor :STMicroelectronics X-CUBE-AZRTOS-H7 3.1.0
2023-04-24 20:28:52,443 [INFO] ThirdParty:1030 - CMSIS Pack Vendor :STMicroelectronics X-CUBE-TOF1 3.3.0
2023-04-24 20:28:52,443 [INFO] ThirdParty:1030 - CMSIS Pack Vendor :STMicroelectronics FP-ATR-ASTRA1 1.1.1
2023-04-24 20:28:52,443 [INFO] ThirdParty:1030 - CMSIS Pack Vendor :STMicroelectronics PDM2PCM 3.3.0
2023-04-24 20:28:52,443 [INFO] ThirdParty:1030 - CMSIS Pack Vendor :STMicroelectronics X-CUBE-DISPLAY 3.0.0
2023-04-24 20:28:52,444 [INFO] ThirdParty:1030 - CMSIS Pack Vendor :STMicroelectronics X-CUBE-AZRTOS-G4 1.0.0
2023-04-24 20:28:52,444 [INFO] ThirdParty:1030 - CMSIS Pack Vendor :STMicroelectronics FP-ATR-SIGFOX1 3.2.0
2023-04-24 20:28:52,444 [INFO] ThirdParty:1030 - CMSIS Pack Vendor :STMicroelectronics X-CUBE-AZRTOS-L4 1.0.0
2023-04-24 20:28:52,444 [INFO] ThirdParty:1030 - CMSIS Pack Vendor :STMicroelectronics HAL Drivers 0.0.0
2023-04-24 20:28:52,444 [INFO] ThirdParty:1030 - CMSIS Pack Vendor :STMicroelectronics MBEDTLS 2.16.2
2023-04-24 20:28:52,444 [INFO] ThirdParty:1030 - CMSIS Pack Vendor :STMicroelectronics MBEDTLS 2.14.1
2023-04-24 20:28:52,444 [INFO] ThirdParty:1030 - CMSIS Pack Vendor :STMicroelectronics X-CUBE-NFC7 1.0.0
2023-04-24 20:28:52,444 [INFO] ThirdParty:1030 - CMSIS Pack Vendor :STMicroelectronics X-CUBE-AZRTOS-WL 1.0.0
2023-04-24 20:28:52,444 [INFO] ThirdParty:1030 - CMSIS Pack Vendor :STMicroelectronics X-CUBE-EEPRMA1 4.1.0
2023-04-24 20:28:52,445 [INFO] ThirdParty:1030 - CMSIS Pack Vendor :portGmbH I-Cube-SoM-uGOAL 1.1.0
2023-04-24 20:28:52,445 [INFO] ThirdParty:1030 - CMSIS Pack Vendor :STMicroelectronics X-CUBE-ALS 1.0.1
2023-04-24 20:28:52,445 [INFO] ThirdParty:1030 - CMSIS Pack Vendor :STMicroelectronics X-CUBE-MEMS1 9.5.0
2023-04-24 20:28:52,445 [INFO] ThirdParty:1030 - CMSIS Pack Vendor :STMicroelectronics ThreadX 1.0.0
2023-04-24 20:28:52,445 [INFO] ThirdParty:1030 - CMSIS Pack Vendor :STMicroelectronics X-CUBE-AZRTOS-WB 1.1.0
2023-04-24 20:28:52,445 [INFO] ThirdParty:1030 - CMSIS Pack Vendor :SEGGER I-CUBE-embOS 1.3.1
2023-04-24 20:28:52,445 [INFO] ThirdParty:1030 - CMSIS Pack Vendor :STMicroelectronics USB_DEVICE 1.0.0
2023-04-24 20:28:52,445 [INFO] ThirdParty:1030 - CMSIS Pack Vendor :STMicroelectronics ThreadX 0.0.2
2023-04-24 20:28:52,446 [INFO] ThirdParty:1030 - CMSIS Pack Vendor :WES I-CUBE-Cesium 1.3.0
2023-04-24 20:28:52,446 [INFO] ThirdParty:1030 - CMSIS Pack Vendor :STMicroelectronics FP-ATR-ASTRA1 2.0.0
2023-04-24 20:28:52,446 [INFO] ThirdParty:1030 - CMSIS Pack Vendor :STMicroelectronics lwIP 2.1.2
2023-04-24 20:28:52,446 [INFO] ThirdParty:1030 - CMSIS Pack Vendor :STMicroelectronics X-CUBE-SFXS2LP1 4.0.0
2023-04-24 20:28:52,446 [INFO] ThirdParty:1030 - CMSIS Pack Vendor :STMicroelectronics X-CUBE-BLE2 3.3.0
2023-04-24 20:28:52,446 [INFO] ThirdParty:1030 - CMSIS Pack Vendor :STMicroelectronics PDM2PCM 3.2.0
2023-04-24 20:28:52,446 [INFO] ThirdParty:1030 - CMSIS Pack Vendor :STMicroelectronics X-CUBE-AZRTOS-H7 3.0.0
2023-04-24 20:28:52,447 [INFO] ThirdParty:841 - exiting critical section [change project]
2023-04-24 20:28:52,790 [INFO] PinOutPanel:1499 - setPackage(No Configuration,No Configuration)
2023-04-24 20:28:52,792 [INFO] PinOutPanel:1499 - setPackage(STM32F401CCUx,UFQFPN48)
2023-04-24 20:28:53,338 [INFO] UtilMem:75 - Before build in PCC Used Memory: 192725016 Bytes (370147328)
2023-04-24 20:28:54,336 [INFO] UtilMem:75 - After build in PCC Used Memory: 230943320 Bytes (370147328)
2023-04-24 20:28:54,366 [INFO] IPUIPlugin:80 - create IPUIPlugin
2023-04-24 20:28:54,366 [INFO] IPUIPlugin:80 - create IPUIPlugin
2023-04-24 20:28:54,372 [INFO] IPUIPlugin:80 - create IPUIPlugin
2023-04-24 20:28:54,373 [INFO] IPUIPlugin:80 - create IPUIPlugin
2023-04-24 20:28:54,373 [INFO] IPUIPlugin:80 - create IPUIPlugin
2023-04-24 20:28:54,373 [INFO] IPUIPlugin:80 - create IPUIPlugin
2023-04-24 20:28:54,373 [INFO] IPUIPlugin:80 - create IPUIPlugin
2023-04-24 20:28:54,374 [INFO] IPUIPlugin:80 - create IPUIPlugin
2023-04-24 20:28:54,374 [INFO] IPUIPlugin:80 - create IPUIPlugin
2023-04-24 20:28:54,374 [INFO] IPUIPlugin:80 - create IPUIPlugin
2023-04-24 20:28:54,374 [INFO] IPUIPlugin:80 - create IPUIPlugin
2023-04-24 20:28:54,374 [INFO] IPUIPlugin:80 - create IPUIPlugin
2023-04-24 20:28:54,375 [INFO] IPUIPlugin:80 - create IPUIPlugin
2023-04-24 20:28:54,375 [INFO] IPUIPlugin:80 - create IPUIPlugin
2023-04-24 20:28:54,375 [INFO] IPUIPlugin:80 - create IPUIPlugin
2023-04-24 20:28:54,375 [INFO] IPUIPlugin:80 - create IPUIPlugin
2023-04-24 20:28:54,376 [INFO] IPUIPlugin:80 - create IPUIPlugin
2023-04-24 20:28:54,376 [INFO] IPUIPlugin:80 - create IPUIPlugin
2023-04-24 20:28:54,376 [INFO] IPUIPlugin:80 - create IPUIPlugin
2023-04-24 20:28:54,376 [INFO] IPUIPlugin:80 - create IPUIPlugin
2023-04-24 20:28:54,377 [INFO] IPUIPlugin:80 - create IPUIPlugin
2023-04-24 20:28:54,377 [INFO] IPUIPlugin:80 - create IPUIPlugin
2023-04-24 20:28:54,377 [INFO] IPUIPlugin:80 - create IPUIPlugin
2023-04-24 20:28:54,378 [INFO] IPUIPlugin:80 - create IPUIPlugin
2023-04-24 20:28:54,378 [INFO] IPUIPlugin:80 - create IPUIPlugin
2023-04-24 20:28:54,378 [INFO] IPUIPlugin:80 - create IPUIPlugin
2023-04-24 20:28:54,379 [INFO] IPUIPlugin:80 - create IPUIPlugin
2023-04-24 20:28:54,379 [INFO] IPUIPlugin:80 - create IPUIPlugin
2023-04-24 20:28:54,380 [INFO] IPUIPlugin:80 - create IPUIPlugin
2023-04-24 20:28:54,380 [INFO] IPUIPlugin:80 - create IPUIPlugin
2023-04-24 20:28:54,381 [INFO] IPUIPlugin:80 - create IPUIPlugin
2023-04-24 20:28:54,381 [INFO] IPUIPlugin:80 - create IPUIPlugin
2023-04-24 20:28:54,381 [INFO] IPUIPlugin:80 - create IPUIPlugin
2023-04-24 20:28:54,382 [INFO] IPUIPlugin:80 - create IPUIPlugin
2023-04-24 20:28:54,382 [INFO] IPUIPlugin:80 - create IPUIPlugin
2023-04-24 20:28:54,383 [INFO] IPUIPlugin:80 - create IPUIPlugin
2023-04-24 20:28:54,383 [INFO] IPUIPlugin:80 - create IPUIPlugin
2023-04-24 20:28:54,462 [INFO] ApiDbMcu:507 - Load IP Config File for PDM2PCM
2023-04-24 20:28:54,712 [INFO] CADModel:165 - CPN selected for project levelSTM32F401CCU6
2023-04-24 20:28:54,713 [INFO] CADModel:114 - Register for checkConnection events
2023-04-24 20:28:54,768 [INFO] OpenFileManager:328 - Restore cursor
2023-04-24 20:28:55,852 [INFO] UtilMem:75 - End SaveConfig() Used Memory: 234493344 Bytes (370147328)
2023-04-24 20:28:55,910 [INFO] UtilMem:75 - End SaveConfig() Used Memory: 247602592 Bytes (370147328)
2023-04-24 20:28:56,560 [INFO] BlockDiagram:2759 - set Specific Code input for plugin: NVIC
2023-04-24 20:28:56,560 [INFO] BlockDiagram:2759 - set Specific Code input for plugin: RCC
2023-04-24 20:28:56,562 [INFO] CodeGenerator:793 - code generatio: config db path: C:\ST\STM32CubeIDE_1.12.0\STM32CubeIDE\plugins\com.st.stm32cube.common.mx_6.8.0.202302231600\\db\
2023-04-24 20:28:57,301 [INFO] CodeEngine:255 - oldGeneratedFile, D:\IMT_ARM\STM32F104_BlackPill\F401cfg\MXTmpFiles\license.tmp_save
2023-04-24 20:28:57,820 [INFO] CodeEngine:279 - Generated code: D:\IMT_ARM\STM32F104_BlackPill\F401cfg\MXTmpFiles\license.tmp
2023-04-24 20:28:57,848 [INFO] CodeEngine:255 - oldGeneratedFile, D:\IMT_ARM\STM32F104_BlackPill\F401cfg\Core\Src\stm32f4xx_it.c_save
2023-04-24 20:28:58,083 [INFO] CodeEngine:279 - Generated code: D:\IMT_ARM\STM32F104_BlackPill\F401cfg\Core\Src\stm32f4xx_it.c
2023-04-24 20:28:58,092 [INFO] CodeEngine:255 - oldGeneratedFile, D:\IMT_ARM\STM32F104_BlackPill\F401cfg\Core\Inc\stm32f4xx_it.h_save
2023-04-24 20:28:58,247 [INFO] CodeEngine:279 - Generated code: D:\IMT_ARM\STM32F104_BlackPill\F401cfg\Core\Inc\stm32f4xx_it.h
2023-04-24 20:28:58,347 [INFO] CodeEngine:255 - oldGeneratedFile, D:\IMT_ARM\STM32F104_BlackPill\F401cfg\Core\Src\stm32f4xx_hal_msp.c_save
2023-04-24 20:28:58,504 [INFO] CodeEngine:279 - Generated code: D:\IMT_ARM\STM32F104_BlackPill\F401cfg\Core\Src\stm32f4xx_hal_msp.c
2023-04-24 20:28:58,516 [INFO] CodeEngine:255 - oldGeneratedFile, D:\IMT_ARM\STM32F104_BlackPill\F401cfg\MXTmpFiles\system.tmp_save
2023-04-24 20:28:58,621 [INFO] CodeEngine:279 - Generated code: D:\IMT_ARM\STM32F104_BlackPill\F401cfg\MXTmpFiles\system.tmp
2023-04-24 20:28:58,640 [INFO] CodeEngine:311 - oldGeneratedFile, D:\IMT_ARM\STM32F104_BlackPill\F401cfg\Core\Inc\stm32f4xx_hal_conf.h_save
2023-04-24 20:28:58,818 [INFO] CodeEngine:335 - Generated code: D:\IMT_ARM\STM32F104_BlackPill\F401cfg\Core\Inc\stm32f4xx_hal_conf.h
2023-04-24 20:28:58,939 [INFO] CodeEngine:255 - oldGeneratedFile, D:\IMT_ARM\STM32F104_BlackPill\F401cfg\Core\Inc\main.h_save
2023-04-24 20:28:59,175 [INFO] CodeEngine:279 - Generated code: D:\IMT_ARM\STM32F104_BlackPill\F401cfg\Core\Inc\main.h
2023-04-24 20:28:59,189 [INFO] CodeEngine:255 - oldGeneratedFile, D:\IMT_ARM\STM32F104_BlackPill\F401cfg\Core\Src\main.c_save
2023-04-24 20:28:59,393 [INFO] CodeEngine:279 - Generated code: D:\IMT_ARM\STM32F104_BlackPill\F401cfg\Core\Src\main.c
2023-04-24 20:29:00,291 [INFO] ProjectBuilder:2996 - Time for Copy HAL[1] : 148mS.
2023-04-24 20:29:00,304 [INFO] ProjectBuilder:4304 - Project Generator version: 3.19.2
2023-04-24 20:29:00,712 [INFO] ConfigFileManager:1483 - The Die is : DIE423
2023-04-24 20:29:00,729 [INFO] ApiDbMcu:507 - Load IP Config File for FATFS
2023-04-24 20:29:00,744 [INFO] ApiDbMcu:507 - Load IP Config File for FREERTOS
2023-04-24 20:29:00,758 [INFO] ApiDbMcu:507 - Load IP Config File for LIBJPEG
2023-04-24 20:29:00,774 [INFO] ApiDbMcu:507 - Load IP Config File for MBEDTLS
2023-04-24 20:29:00,795 [INFO] ApiDbMcu:507 - Load IP Config File for USB_DEVICE
2023-04-24 20:29:00,812 [INFO] ApiDbMcu:507 - Load IP Config File for USB_HOST
2023-04-24 20:29:02,234 [INFO] LogOutputStream:77 - [STDOUT_REDIRECT] 
2023-04-24 20:29:04,999 [INFO] ProjectBuilder:4505 - Time for Generating toolchain IDE Files: 4693mS.
2023-04-24 20:29:05,000 [INFO] ProjectBuilder:2867 - Time for Copy CMSIS : 1mS.
2023-04-24 20:29:05,003 [INFO] ProjectBuilder:2867 - Time for Copy CMSIS : 0mS.
2023-04-24 20:29:08,812 [INFO] McuFinderGlobals:66 - Set McuFinderConnectedMode to true
2023-04-24 20:29:08,816 [INFO] ApiDb:448 - Save user favorites file C:\Users\ALTAWKEL/.stm32cubeide/favorites.mcus.txt: 0 item(s)
2023-04-24 20:29:08,817 [INFO] ApiDb:452 - User favorites MCUs=[]
2023-04-24 23:22:43,061 [INFO] Activator:176 - 


2023-04-24 23:22:43,061 [INFO] Activator:177 - !SESSION log4j initialized
2023-04-24 23:22:51,260 [INFO] LogOutputStream:77 - [STDOUT_REDIRECT] 
2023-04-24 23:23:13,506 [ERROR] LogOutputStream:75 - [STDERR_REDIRECT] SLF4J: Failed to load class "org.slf4j.impl.StaticLoggerBinder".
2023-04-24 23:23:13,506 [ERROR] LogOutputStream:75 - [STDERR_REDIRECT] SLF4J: Defaulting to no-operation (NOP) logger implementation
2023-04-24 23:23:13,511 [ERROR] LogOutputStream:75 - [STDERR_REDIRECT] SLF4J: See http://www.slf4j.org/codes.html#StaticLoggerBinder for further details.
