2023-06-26 02:13:10,382 [INFO] Activator:176 - 


2023-06-26 02:13:10,413 [INFO] Activator:177 - !SESSION log4j initialized
2023-06-26 02:13:19,973 [INFO] LogOutputStream:77 - [STDOUT_REDIRECT] 
2023-06-26 02:13:49,678 [ERROR] LogOutputStream:75 - [STDERR_REDIRECT] SLF4J: Failed to load class "org.slf4j.impl.StaticLoggerBinder".
2023-06-26 02:13:49,678 [ERROR] LogOutputStream:75 - [STDERR_REDIRECT] SLF4J: Defaulting to no-operation (NOP) logger implementation
2023-06-26 02:13:49,694 [ERROR] LogOutputStream:75 - [STDERR_REDIRECT] SLF4J: See http://www.slf4j.org/codes.html#StaticLoggerBinder for further details.
2023-06-26 15:55:41,486 [INFO] Activator:176 - 


2023-06-26 15:55:41,486 [INFO] Activator:177 - !SESSION log4j initialized
2023-06-26 15:55:51,442 [INFO] LogOutputStream:77 - [STDOUT_REDIRECT] 
2023-06-26 15:56:13,506 [ERROR] LogOutputStream:75 - [STDERR_REDIRECT] SLF4J: Failed to load class "org.slf4j.impl.StaticLoggerBinder".
2023-06-26 15:56:13,506 [ERROR] LogOutputStream:75 - [STDERR_REDIRECT] SLF4J: Defaulting to no-operation (NOP) logger implementation
2023-06-26 15:56:13,506 [ERROR] LogOutputStream:75 - [STDERR_REDIRECT] SLF4J: See http://www.slf4j.org/codes.html#StaticLoggerBinder for further details.
2023-06-26 16:08:18,725 [INFO] ApplicationProperties:184 - Using Application install path: C:\ST\STM32CubeIDE_1.12.0\STM32CubeIDE\plugins\com.st.stm32cube.common.mx_6.8.0.202302231600
2023-06-26 16:08:18,740 [INFO] DbMcusXml:78 - Set database path to: C:\ST\STM32CubeIDE_1.12.0\STM32CubeIDE\plugins\com.st.stm32cube.common.mx_6.8.0.202302231600\\db\/mcu/
2023-06-26 16:08:18,740 [INFO] ApiDb:274 - Set plugin database path to: C:\ST\STM32CubeIDE_1.12.0\STM32CubeIDE\plugins\com.st.stm32cube.common.mx_6.8.0.202302231600\\db\/plugins/boardmanager/
2023-06-26 16:08:18,740 [WARN] ApiDb:259 - Overriding images path with different value:  => C:\ST\STM32CubeIDE_1.12.0\STM32CubeIDE\plugins\com.st.stm32cube.common.mx_6.8.0.202302231600\\db\/plugins/mcufinder/images/
2023-06-26 16:08:18,756 [INFO] ApiDb:250 - Set database path to: C:\Users\ALTAWKEL\.stmcufinder\plugins\mcufinder//mcu/
2023-06-26 16:08:18,756 [INFO] DbMcusAds:125 - Set database path to: C:\Users\ALTAWKEL\.stmcufinder\plugins\mcufinder//mcu/
2023-06-26 16:08:18,834 [INFO] CrossReferenceDbSqlite:203 - Set database path to: C:\Users\ALTAWKEL\.stmcufinder\plugins\mcufinder//mcu/cs/
2023-06-26 16:08:18,975 [INFO] RulesReader:64 - Compatibility file has been processed (293 Rules)
2023-06-26 16:08:19,084 [INFO] DbMcusXml:78 - Set database path to: C:\ST\STM32CubeIDE_1.12.0\STM32CubeIDE\plugins\com.st.stm32cube.common.mx_6.8.0.202302231600\\db\/mcu/
2023-06-26 16:08:19,084 [INFO] ApiDb:274 - Set plugin database path to: C:\ST\STM32CubeIDE_1.12.0\STM32CubeIDE\plugins\com.st.stm32cube.common.mx_6.8.0.202302231600\\db\/plugins/boardmanager/
2023-06-26 16:08:19,084 [INFO] ApiDb:261 - Set plugin images path to: C:\ST\STM32CubeIDE_1.12.0\STM32CubeIDE\plugins\com.st.stm32cube.common.mx_6.8.0.202302231600\\db\/plugins/mcufinder/images/
2023-06-26 16:08:19,084 [WARN] DbFile:41 - Overriding database path with different value: C:\Users\ALTAWKEL\.stmcufinder\plugins\mcufinder/ => C:\Users\ALTAWKEL\.stmcufinder\plugins\mcufinder
2023-06-26 16:08:19,084 [INFO] ApiDb:250 - Set database path to: C:\Users\ALTAWKEL\.stmcufinder\plugins\mcufinder//mcu/
2023-06-26 16:08:19,084 [WARN] DbFile:41 - Overriding database path with different value: C:\Users\ALTAWKEL\.stmcufinder\plugins\mcufinder/ => C:\Users\ALTAWKEL\.stmcufinder\plugins\mcufinder
2023-06-26 16:08:19,084 [INFO] DbMcusAds:125 - Set database path to: C:\Users\ALTAWKEL\.stmcufinder\plugins\mcufinder//mcu/
2023-06-26 16:08:19,084 [WARN] DbFile:41 - Overriding database path with different value: C:\Users\ALTAWKEL\.stmcufinder\plugins\mcufinder/ => C:\Users\ALTAWKEL\.stmcufinder\plugins\mcufinder
2023-06-26 16:08:19,084 [WARN] DbFile:41 - Overriding database path with different value: C:\Users\ALTAWKEL\.stmcufinder\plugins\mcufinder/ => C:\Users\ALTAWKEL\.stmcufinder\plugins\mcufinder
2023-06-26 16:08:19,084 [INFO] CrossReferenceDbSqlite:203 - Set database path to: C:\Users\ALTAWKEL\.stmcufinder\plugins\mcufinder//mcu/cs/
2023-06-26 16:08:19,162 [INFO] MainPanel:253 - HeapMemory: 448790528
2023-06-26 16:08:19,271 [INFO] DbMcusXml:78 - Set database path to: C:\ST\STM32CubeIDE_1.12.0\STM32CubeIDE\plugins\com.st.stm32cube.common.mx_6.8.0.202302231600\\db\/mcu/
2023-06-26 16:08:19,271 [INFO] ApiDb:274 - Set plugin database path to: C:\ST\STM32CubeIDE_1.12.0\STM32CubeIDE\plugins\com.st.stm32cube.common.mx_6.8.0.202302231600\\db\/plugins/boardmanager/
2023-06-26 16:08:19,271 [INFO] ApiDb:261 - Set plugin images path to: C:\ST\STM32CubeIDE_1.12.0\STM32CubeIDE\plugins\com.st.stm32cube.common.mx_6.8.0.202302231600\\db\/plugins/mcufinder/images/
2023-06-26 16:08:19,271 [WARN] DbFile:41 - Overriding database path with different value: C:\Users\ALTAWKEL\.stmcufinder\plugins\mcufinder/ => C:\Users\ALTAWKEL\.stmcufinder\plugins\mcufinder
2023-06-26 16:08:19,271 [INFO] ApiDb:250 - Set database path to: C:\Users\ALTAWKEL\.stmcufinder\plugins\mcufinder//mcu/
2023-06-26 16:08:19,271 [WARN] DbFile:41 - Overriding database path with different value: C:\Users\ALTAWKEL\.stmcufinder\plugins\mcufinder/ => C:\Users\ALTAWKEL\.stmcufinder\plugins\mcufinder
2023-06-26 16:08:19,271 [INFO] DbMcusAds:125 - Set database path to: C:\Users\ALTAWKEL\.stmcufinder\plugins\mcufinder//mcu/
2023-06-26 16:08:19,271 [WARN] DbFile:41 - Overriding database path with different value: C:\Users\ALTAWKEL\.stmcufinder\plugins\mcufinder/ => C:\Users\ALTAWKEL\.stmcufinder\plugins\mcufinder
2023-06-26 16:08:19,271 [WARN] DbFile:41 - Overriding database path with different value: C:\Users\ALTAWKEL\.stmcufinder\plugins\mcufinder/ => C:\Users\ALTAWKEL\.stmcufinder\plugins\mcufinder
2023-06-26 16:08:19,271 [INFO] CrossReferenceDbSqlite:203 - Set database path to: C:\Users\ALTAWKEL\.stmcufinder\plugins\mcufinder//mcu/cs/
2023-06-26 16:08:19,303 [INFO] ApplicationProperties:184 - Using Application install path: C:\ST\STM32CubeIDE_1.12.0\STM32CubeIDE\plugins\com.st.stm32cube.common.mx_6.8.0.202302231600
2023-06-26 16:08:19,303 [INFO] PluginManage:196 - Search for loadable plugins [exclusion list=, ]
2023-06-26 16:08:19,318 [INFO] PluginManage:310 - Check plugin analytics
2023-06-26 16:08:19,490 [INFO] AnalyticsPlugin:253 - Accepted Software Licenses: 
2023-06-26 16:08:19,490 [INFO] AnalyticsPlugin:255 - Accepted CMSIS Pack Licenses: 
2023-06-26 16:08:19,490 [INFO] AnalyticsPlugin:257 - Accepted Firmware Licenses: FW.F4.1.27.0
2023-06-26 16:08:19,506 [INFO] PluginManage:359 - Loaded plugin analytics (category:tool,tabindex:-1)
2023-06-26 16:08:19,506 [INFO] PluginManage:310 - Check plugin cadmodel
2023-06-26 16:08:19,521 [INFO] CADModel:105 - Init CAD model plugin
2023-06-26 16:08:19,521 [INFO] PluginManage:359 - Loaded plugin cadmodel (category:power,tabindex:5)
2023-06-26 16:08:19,521 [INFO] PluginManage:310 - Check plugin clock
2023-06-26 16:08:19,537 [INFO] PluginManage:359 - Loaded plugin clock (category:base,tabindex:2)
2023-06-26 16:08:19,537 [INFO] PluginManage:310 - Check plugin ddr
2023-06-26 16:08:19,537 [INFO] PluginManage:359 - Loaded plugin ddr (category:tool,tabindex:6)
2023-06-26 16:08:19,537 [INFO] PluginManage:310 - Check plugin filemanager
2023-06-26 16:08:19,818 [INFO] PluginManage:359 - Loaded plugin filemanager (category:base,tabindex:10)
2023-06-26 16:08:19,818 [INFO] PluginManage:310 - Check plugin ipmanager
2023-06-26 16:08:19,818 [INFO] PluginManage:359 - Loaded plugin ipmanager (category:base,tabindex:5)
2023-06-26 16:08:19,818 [INFO] PluginManage:310 - Check plugin lpbam
2023-06-26 16:08:19,834 [INFO] PluginManage:359 - Loaded plugin lpbam (category:base,tabindex:0)
2023-06-26 16:08:19,834 [INFO] PluginManage:310 - Check plugin pinoutandconfiguration
2023-06-26 16:08:19,865 [INFO] PluginManage:359 - Loaded plugin pinoutandconfiguration (category:base,tabindex:1)
2023-06-26 16:08:19,865 [INFO] PluginManage:310 - Check plugin pinoutconfig
2023-06-26 16:08:19,959 [WARN] SupportedApi:132 - Cannot load RTOS API schema: s4s-elt-must-match.1: The content of 'definitions' must match (annotation?, (simpleType | complexType)?, (unique | key | keyref)*)). A problem was found starting at: attribute.
2023-06-26 16:08:20,162 [INFO] PluginManage:359 - Loaded plugin pinoutconfig (category:base,tabindex:0)
2023-06-26 16:08:20,162 [INFO] PluginManage:310 - Check plugin power
2023-06-26 16:08:20,177 [INFO] PluginManage:359 - Loaded plugin power (category:power,tabindex:4)
2023-06-26 16:08:20,177 [INFO] PluginManage:310 - Check plugin projectmanager
2023-06-26 16:08:20,193 [INFO] PluginManage:359 - Loaded plugin projectmanager (category:projectmanager,tabindex:3)
2023-06-26 16:08:20,193 [INFO] PluginManage:310 - Check plugin thirdparty
2023-06-26 16:08:20,443 [INFO] PluginManage:359 - Loaded plugin thirdparty (category:base,tabindex:-1)
2023-06-26 16:08:20,443 [WARN] IntegrityCheckThread:84 - waiting for thirdparty lock release [integrity check]
2023-06-26 16:08:20,443 [INFO] PluginManage:310 - Check plugin tools
2023-06-26 16:08:20,443 [INFO] IntegrityCheckThread:86 - entering critical section [integrity check]
2023-06-26 16:08:20,443 [INFO] ThirdPartyUpdaterWithRetryManager:70 - Updater plugin not ready yet. [1/15]
2023-06-26 16:08:20,474 [INFO] PluginManage:359 - Loaded plugin tools (category:base,tabindex:7)
2023-06-26 16:08:20,474 [INFO] PluginManage:310 - Check plugin tutovideos
2023-06-26 16:08:20,712 [INFO] PluginManage:359 - Loaded plugin tutovideos (category:base,tabindex:-1)
2023-06-26 16:08:20,712 [INFO] PluginManage:310 - Check plugin updater
2023-06-26 16:08:20,728 [INFO] PluginManage:359 - Loaded plugin updater (category:base,tabindex:12)
2023-06-26 16:08:20,728 [INFO] PluginManage:283 - PluginManage : Loaded plugins [15]
2023-06-26 16:08:21,009 [INFO] PinOutPanel:1499 - setPackage(No Configuration,No Configuration)
2023-06-26 16:08:21,072 [INFO] CADModel:165 - CPN selected for project level
2023-06-26 16:08:21,072 [INFO] CADModel:114 - Register for checkConnection events
2023-06-26 16:08:21,103 [INFO] IPUIPlugin:80 - create IPUIPlugin
2023-06-26 16:08:21,103 [INFO] PluginManager:220 - loadIPPluginJar : add adc
2023-06-26 16:08:21,150 [INFO] IPUIPlugin:80 - create IPUIPlugin
2023-06-26 16:08:21,150 [INFO] PluginManager:220 - loadIPPluginJar : add aes
2023-06-26 16:08:21,181 [INFO] IPUIPlugin:80 - create IPUIPlugin
2023-06-26 16:08:21,181 [INFO] PluginManager:220 - loadIPPluginJar : add can
2023-06-26 16:08:21,197 [INFO] IPUIPlugin:80 - create IPUIPlugin
2023-06-26 16:08:21,197 [INFO] PluginManager:220 - loadIPPluginJar : add comp
2023-06-26 16:08:21,228 [INFO] IPUIPlugin:80 - create IPUIPlugin
2023-06-26 16:08:21,228 [INFO] PluginManager:220 - loadIPPluginJar : add cryp
2023-06-26 16:08:21,259 [INFO] IPUIPlugin:80 - create IPUIPlugin
2023-06-26 16:08:21,259 [INFO] PluginManager:220 - loadIPPluginJar : add dfsdm
2023-06-26 16:08:21,275 [INFO] IPUIPlugin:80 - create IPUIPlugin
2023-06-26 16:08:21,275 [INFO] PluginManager:220 - loadIPPluginJar : add dma
2023-06-26 16:08:21,306 [INFO] IPUIPlugin:80 - create IPUIPlugin
2023-06-26 16:08:21,306 [INFO] PluginManager:220 - loadIPPluginJar : add dma3
2023-06-26 16:08:21,322 [INFO] IPUIPlugin:80 - create IPUIPlugin
2023-06-26 16:08:21,322 [INFO] PluginManager:220 - loadIPPluginJar : add fatfs
2023-06-26 16:08:21,368 [INFO] IPUIPlugin:80 - create IPUIPlugin
2023-06-26 16:08:21,368 [INFO] PluginManager:220 - loadIPPluginJar : add fmc
2023-06-26 16:08:21,384 [INFO] IPUIPlugin:80 - create IPUIPlugin
2023-06-26 16:08:21,384 [INFO] PluginManager:220 - loadIPPluginJar : add freertos
2023-06-26 16:08:21,400 [INFO] IPUIPlugin:80 - create IPUIPlugin
2023-06-26 16:08:21,400 [INFO] PluginManager:220 - loadIPPluginJar : add genericplugin
2023-06-26 16:08:21,478 [INFO] IPUIPlugin:80 - create IPUIPlugin
2023-06-26 16:08:21,478 [INFO] PluginManager:220 - loadIPPluginJar : add gfxmmu
2023-06-26 16:08:21,618 [INFO] IPUIPlugin:80 - create IPUIPlugin
2023-06-26 16:08:21,618 [INFO] PluginManager:220 - loadIPPluginJar : add gic
2023-06-26 16:08:21,634 [INFO] IPUIPlugin:80 - create IPUIPlugin
2023-06-26 16:08:21,634 [INFO] PluginManager:220 - loadIPPluginJar : add gpio
2023-06-26 16:08:21,712 [INFO] IPUIPlugin:80 - create IPUIPlugin
2023-06-26 16:08:21,712 [INFO] PluginManager:220 - loadIPPluginJar : add gtzc
2023-06-26 16:08:21,759 [INFO] IPUIPlugin:80 - create IPUIPlugin
2023-06-26 16:08:21,759 [INFO] PluginManager:220 - loadIPPluginJar : add hash
2023-06-26 16:08:21,806 [INFO] IPUIPlugin:80 - create IPUIPlugin
2023-06-26 16:08:21,806 [INFO] PluginManager:220 - loadIPPluginJar : add i2c
2023-06-26 16:08:21,837 [INFO] IPUIPlugin:80 - create IPUIPlugin
2023-06-26 16:08:21,837 [INFO] PluginManager:220 - loadIPPluginJar : add i2s
2023-06-26 16:08:21,884 [INFO] IPUIPlugin:80 - create IPUIPlugin
2023-06-26 16:08:21,884 [INFO] PluginManager:220 - loadIPPluginJar : add i3c
2023-06-26 16:08:21,978 [INFO] IPUIPlugin:80 - create IPUIPlugin
2023-06-26 16:08:21,978 [INFO] PluginManager:220 - loadIPPluginJar : add ipddr
2023-06-26 16:08:22,071 [INFO] IPUIPlugin:80 - create IPUIPlugin
2023-06-26 16:08:22,071 [INFO] PluginManager:220 - loadIPPluginJar : add linkedlist
2023-06-26 16:08:22,103 [INFO] IPUIPlugin:80 - create IPUIPlugin
2023-06-26 16:08:22,103 [INFO] PluginManager:220 - loadIPPluginJar : add lorawan
2023-06-26 16:08:22,156 [INFO] IPUIPlugin:80 - create IPUIPlugin
2023-06-26 16:08:22,157 [INFO] PluginManager:220 - loadIPPluginJar : add ltdc
2023-06-26 16:08:22,180 [INFO] IPUIPlugin:80 - create IPUIPlugin
2023-06-26 16:08:22,180 [INFO] PluginManager:220 - loadIPPluginJar : add mdma
2023-06-26 16:08:22,194 [INFO] IPUIPlugin:80 - create IPUIPlugin
2023-06-26 16:08:22,194 [INFO] PluginManager:220 - loadIPPluginJar : add nvic
2023-06-26 16:08:22,229 [INFO] IPUIPlugin:80 - create IPUIPlugin
2023-06-26 16:08:22,229 [INFO] PluginManager:220 - loadIPPluginJar : add opamp
2023-06-26 16:08:22,275 [INFO] IPUIPlugin:80 - create IPUIPlugin
2023-06-26 16:08:22,275 [INFO] PluginManager:220 - loadIPPluginJar : add openamp
2023-06-26 16:08:22,322 [INFO] IPUIPlugin:80 - create IPUIPlugin
2023-06-26 16:08:22,322 [INFO] PluginManager:220 - loadIPPluginJar : add pdm2pcm
2023-06-26 16:08:22,338 [INFO] IPUIPlugin:80 - create IPUIPlugin
2023-06-26 16:08:22,338 [INFO] PluginManager:220 - loadIPPluginJar : add plateformsettings
2023-06-26 16:08:22,354 [INFO] IPUIPlugin:80 - create IPUIPlugin
2023-06-26 16:08:22,354 [INFO] PluginManager:220 - loadIPPluginJar : add quadspi
2023-06-26 16:08:22,369 [INFO] IPUIPlugin:80 - create IPUIPlugin
2023-06-26 16:08:22,369 [INFO] PluginManager:220 - loadIPPluginJar : add resmgrutility
2023-06-26 16:08:22,416 [INFO] IPUIPlugin:80 - create IPUIPlugin
2023-06-26 16:08:22,416 [INFO] PluginManager:220 - loadIPPluginJar : add sai
2023-06-26 16:08:22,447 [INFO] IPUIPlugin:80 - create IPUIPlugin
2023-06-26 16:08:22,447 [INFO] PluginManager:220 - loadIPPluginJar : add spi
2023-06-26 16:08:22,494 [INFO] IPUIPlugin:80 - create IPUIPlugin
2023-06-26 16:08:22,494 [INFO] PluginManager:220 - loadIPPluginJar : add stm32_wpan
2023-06-26 16:08:22,510 [INFO] IPUIPlugin:80 - create IPUIPlugin
2023-06-26 16:08:22,510 [INFO] PluginManager:220 - loadIPPluginJar : add tim
2023-06-26 16:08:22,557 [INFO] IPUIPlugin:80 - create IPUIPlugin
2023-06-26 16:08:22,557 [INFO] PluginManager:220 - loadIPPluginJar : add touchsensing
2023-06-26 16:08:22,572 [INFO] IPUIPlugin:80 - create IPUIPlugin
2023-06-26 16:08:22,572 [INFO] PluginManager:220 - loadIPPluginJar : add tracer_emb
2023-06-26 16:08:22,603 [INFO] IPUIPlugin:80 - create IPUIPlugin
2023-06-26 16:08:22,603 [INFO] PluginManager:220 - loadIPPluginJar : add ts
2023-06-26 16:08:22,619 [INFO] IPUIPlugin:80 - create IPUIPlugin
2023-06-26 16:08:22,619 [INFO] PluginManager:220 - loadIPPluginJar : add tsc
2023-06-26 16:08:22,635 [INFO] IPUIPlugin:80 - create IPUIPlugin
2023-06-26 16:08:22,635 [INFO] PluginManager:220 - loadIPPluginJar : add ucpd
2023-06-26 16:08:22,682 [INFO] IPUIPlugin:80 - create IPUIPlugin
2023-06-26 16:08:22,682 [INFO] PluginManager:220 - loadIPPluginJar : add usart
2023-06-26 16:08:22,713 [INFO] IPUIPlugin:80 - create IPUIPlugin
2023-06-26 16:08:22,713 [INFO] PluginManager:220 - loadIPPluginJar : add usbx
2023-06-26 16:08:22,856 [INFO] CADModel:165 - CPN selected for project level
2023-06-26 16:08:22,856 [INFO] CADModel:114 - Register for checkConnection events
2023-06-26 16:08:22,856 [FATAL] Updater:308 - Updater called before beeing initialized
2023-06-26 16:08:22,856 [ERROR] CADModel:125 - Updater not yet initialized, retry later 
2023-06-26 16:08:23,043 [INFO] CADModel:165 - CPN selected for project level
2023-06-26 16:08:23,043 [INFO] CADModel:114 - Register for checkConnection events
2023-06-26 16:08:23,043 [FATAL] Updater:308 - Updater called before beeing initialized
2023-06-26 16:08:23,043 [ERROR] CADModel:125 - Updater not yet initialized, retry later 
2023-06-26 16:08:23,043 [FATAL] Updater:308 - Updater called before beeing initialized
2023-06-26 16:08:23,199 [FATAL] Updater:308 - Updater called before beeing initialized
2023-06-26 16:08:23,215 [INFO] DbMcusAds:53 - JSON generation date=Tue Mar 07 10:50:55 EET 2023 (1678179055335)
2023-06-26 16:08:23,215 [FATAL] Updater:308 - Updater called before beeing initialized
2023-06-26 16:08:23,278 [WARN] DetailPanel:346 - Failed to get advertising image, set to default
2023-06-26 16:08:23,449 [INFO] ThirdPartyUpdaterWithRetryManager:70 - Updater plugin not ready yet. [2/15]
2023-06-26 16:08:23,449 [FATAL] Updater:308 - Updater called before beeing initialized
2023-06-26 16:08:23,449 [FATAL] Updater:308 - Updater called before beeing initialized
2023-06-26 16:08:23,449 [FATAL] Updater:308 - Updater called before beeing initialized
2023-06-26 16:08:23,449 [WARN] DetailPanel:346 - Failed to get advertising image, set to default
2023-06-26 16:08:23,449 [FATAL] Updater:308 - Updater called before beeing initialized
2023-06-26 16:08:23,512 [ERROR] Updater:1120 - MainUpdater not yet initialized. External WinMGr cannot be set.
2023-06-26 16:08:23,528 [INFO] Updater:1056 - Updater Version found : 6.8.0
2023-06-26 16:08:23,543 [INFO] ApplicationProperties:184 - Using Application install path: C:\ST\STM32CubeIDE_1.12.0\STM32CubeIDE\plugins\com.st.stm32cube.common.mx_6.8.0.202302231600
2023-06-26 16:08:23,920 [INFO] MainUpdater:2854 - connection check result : 10
2023-06-26 16:08:23,921 [INFO] MainUpdater:3548 - Updater definition file requires update
2023-06-26 16:08:23,923 [INFO] MainUpdater:283 - Updater Check For Update Now.
2023-06-26 16:08:23,925 [INFO] MicroXplorer:498 - Change Database Version : DB.6.0.80
2023-06-26 16:08:24,033 [INFO] ServerAccessManage:473 - Download File updaters.zip
2023-06-26 16:08:24,266 [INFO] FileExtend:240 - Unzip File : updaters.zip
2023-06-26 16:08:24,266 [INFO] FileExtend:255 - Standard Zip Deflate
2023-06-26 16:08:25,172 [INFO] ServerAccessManage:473 - Download File PacksControlFlags.xml
2023-06-26 16:08:25,375 [INFO] ServerAccessManage:473 - Download File cubemx.pidx
2023-06-26 16:08:25,545 [INFO] LoadServerUpdatesThread:373 - End of LoadServerUpdate Thread
2023-06-26 16:08:25,759 [INFO] CheckServerUpdateThread:120 - End of CheckServer Thread
2023-06-26 16:08:25,865 [INFO] MainUpdater:2854 - connection check result : 10
2023-06-26 16:08:25,888 [INFO] McuFinderGlobals:66 - Set McuFinderConnectedMode to true
2023-06-26 16:08:26,461 [WARN] MainUpdater:1187 - Updater busy. Cannot search thirdparties
2023-06-26 16:08:26,461 [INFO] ThirdPartyUpdaterWithRetryManager:96 - Updater plugin is busy. [1/15]
2023-06-26 16:08:26,505 [INFO] ServerAccessManage:473 - Download File mcusAds.json._tmp_
2023-06-26 16:08:26,624 [INFO] LoadUrlFilesThread:156 - End of LoadUrlFiles Thread
2023-06-26 16:08:26,854 [INFO] ServerAccessManage:473 - Download File cube-finder-db.zip
2023-06-26 16:08:29,476 [WARN] MainUpdater:1187 - Updater busy. Cannot search thirdparties
2023-06-26 16:08:29,476 [INFO] ThirdPartyUpdaterWithRetryManager:96 - Updater plugin is busy. [2/15]
2023-06-26 16:08:32,486 [WARN] MainUpdater:1187 - Updater busy. Cannot search thirdparties
2023-06-26 16:08:32,486 [INFO] ThirdPartyUpdaterWithRetryManager:96 - Updater plugin is busy. [3/15]
2023-06-26 16:08:35,490 [WARN] MainUpdater:1187 - Updater busy. Cannot search thirdparties
2023-06-26 16:08:35,490 [INFO] ThirdPartyUpdaterWithRetryManager:96 - Updater plugin is busy. [4/15]
2023-06-26 16:08:38,501 [WARN] MainUpdater:1187 - Updater busy. Cannot search thirdparties
2023-06-26 16:08:38,501 [INFO] ThirdPartyUpdaterWithRetryManager:96 - Updater plugin is busy. [5/15]
2023-06-26 16:08:41,503 [WARN] MainUpdater:1187 - Updater busy. Cannot search thirdparties
2023-06-26 16:08:41,503 [INFO] ThirdPartyUpdaterWithRetryManager:96 - Updater plugin is busy. [6/15]
2023-06-26 16:08:44,515 [WARN] MainUpdater:1187 - Updater busy. Cannot search thirdparties
2023-06-26 16:08:44,515 [INFO] ThirdPartyUpdaterWithRetryManager:96 - Updater plugin is busy. [7/15]
2023-06-26 16:08:47,516 [WARN] MainUpdater:1187 - Updater busy. Cannot search thirdparties
2023-06-26 16:08:47,516 [INFO] ThirdPartyUpdaterWithRetryManager:96 - Updater plugin is busy. [8/15]
2023-06-26 16:08:50,187 [INFO] FileExtend:240 - Unzip File : cube-finder-db.zip
2023-06-26 16:08:50,187 [INFO] FileExtend:255 - Standard Zip Deflate
2023-06-26 16:08:50,523 [WARN] MainUpdater:1187 - Updater busy. Cannot search thirdparties
2023-06-26 16:08:50,527 [INFO] ThirdPartyUpdaterWithRetryManager:96 - Updater plugin is busy. [9/15]
2023-06-26 16:08:51,203 [INFO] LoadUrlFilesThread:156 - End of LoadUrlFiles Thread
2023-06-26 16:08:52,151 [INFO] ServerAccessManage:473 - Download File crdb.zip
2023-06-26 16:08:53,004 [INFO] FileExtend:240 - Unzip File : crdb.zip
2023-06-26 16:08:53,004 [INFO] FileExtend:255 - Standard Zip Deflate
2023-06-26 16:08:53,152 [INFO] LoadUrlFilesThread:156 - End of LoadUrlFiles Thread
2023-06-26 16:08:53,371 [INFO] ServerAccessManage:473 - Download File tutoVideoDB.zip
2023-06-26 16:08:53,466 [INFO] FileExtend:240 - Unzip File : tutoVideoDB.zip
2023-06-26 16:08:53,467 [INFO] FileExtend:255 - Standard Zip Deflate
2023-06-26 16:08:53,541 [WARN] MainUpdater:1187 - Updater busy. Cannot search thirdparties
2023-06-26 16:08:53,541 [INFO] ThirdPartyUpdaterWithRetryManager:96 - Updater plugin is busy. [10/15]
2023-06-26 16:08:53,593 [INFO] LoadUrlFilesThread:156 - End of LoadUrlFiles Thread
2023-06-26 16:08:53,599 [WARN] DbFile:41 - Overriding database path with different value: C:\Users\ALTAWKEL\.stmcufinder\plugins\mcufinder/ => C:\Users\ALTAWKEL\.stmcufinder\plugins\mcufinder
2023-06-26 16:08:53,836 [INFO] ServerAccessManage:473 - Download File api_config.json
2023-06-26 16:08:53,960 [INFO] LoadUrlFilesThread:156 - End of LoadUrlFiles Thread
2023-06-26 16:08:53,963 [INFO] DbMcusAds:53 - JSON generation date=Tue Mar 07 10:50:55 EET 2023 (1678179055335)
2023-06-26 16:08:53,993 [INFO] LoadUrlFilesThread:185 - End of LoadServerUrlFiles without Thread
2023-06-26 16:08:53,994 [INFO] TargetSelectorAdapter:259 - Refresh data is successful
2023-06-26 16:08:54,146 [INFO] ApiDb:581 - Connected to CubeFinder SQLite database (C:\Users\ALTAWKEL\.stmcufinder\plugins\mcufinder\mcu\cube-finder-db.db)
2023-06-26 16:08:54,215 [INFO] ApiDb:668 - CubeFinder database Data Model version=2.1
2023-06-26 16:08:54,215 [INFO] ApiDb:669 - CubeFinder database Configuration version=3.0.35
2023-06-26 16:08:54,216 [INFO] ApiDb:670 - CubeFinder database generation date=2023-05-12 (1683877179)
2023-06-26 16:08:54,216 [INFO] ApiDb:671 - CubeFinder database FW Pack versions=[FP-ATR-ASTRA1_V2.0.0, FP-SNS-FLIGHT1_V5.0.0, FP-SNS-MOTENV1_V4.3.0, STM32Cube_FW_C0_V1.0.1, STM32Cube_FW_F0_V1.11.4, STM32Cube_FW_F3_V1.11.4, STM32Cube_FW_F4_V1.27.1, STM32Cube_FW_F7_V1.17.0, STM32Cube_FW_G0_V1.6.1, STM32Cube_FW_G4_V1.5.1, STM32Cube_FW_H5_V0.5.1, STM32Cube_FW_H5_V1.0.0, STM32Cube_FW_H7_V1.11.0, STM32Cube_FW_L0_V1.12.2, STM32Cube_FW_L5_V1.5.0, STM32Cube_FW_U5_V1.2.0, STM32Cube_FW_WBA_V1.0.0, STM32Cube_FW_WBA_V1.0.0RC1, STM32Cube_FW_WBA_V1.0.0RC3, STM32Cube_FW_WB_V1.15.0RC1, STM32Cube_FW_WB_V1.16.0, STM32Cube_FW_WB_V1.16.0RC2, STM32Cube_FW_WL_V1.3.0, X-CUBE-ALGOBUILD_V1.3.0, X-CUBE-ALS_V1.0.1, X-CUBE-AZRTOS-F4_V1.1.0, X-CUBE-AZRTOS-F7_V1.1.0, X-CUBE-AZRTOS-G0_V1.1.0, X-CUBE-AZRTOS-G4_V2.0.0, X-CUBE-AZRTOS-H7_V3.1.0, X-CUBE-AZRTOS-L4_V1.0.0, X-CUBE-AZRTOS-L5_V1.1.0, X-CUBE-AZRTOS-WB_V1.1.0, X-CUBE-AZRTOS-WL_V1.0.0, X-CUBE-BLE1_V6.2.4, X-CUBE-BLE2_V3.3.0, X-CUBE-BLEMGR_V2.0.0, X-CUBE-EEPRMA1_V4.1.0, X-CUBE-FREERTOS_V1.0.1, X-CUBE-GNSS1_V6.0.0, X-CUBE-MEMS1_V9.1.0, X-CUBE-MEMS1_V9.4.0, X-CUBE-MEMS1_V9.6.0, X-CUBE-NFC4_V3.0.0, X-CUBE-NFC7_V1.0.0, X-CUBE-SFXS2LP1_V4.0.0, X-CUBE-SUBG2_V5.0.0]
2023-06-26 16:08:55,990 [INFO] ApiDb:240 - Found 297 in-development CPN: [B-G473E-ZEST1S, B-WB1M-WPAN1, B-WL5M-SUBG1, NUCLEO-C031C6, NUCLEO-H503RB, NUCLEO-H563ZI, NUCLEO-U545RE-Q, NUCLEO-U5A5ZJ-Q, NUCLEO-WBA52CG, STEVAL-PROTEUS1, STEVAL-STWINBX1, STM320518-EVAL, STM32C0116-DK, STM32C011D6Y3TR, STM32C011D6Y6TR, STM32C011F4P3, STM32C011F4P6, STM32C011F4U3, STM32C011F4U6TR, STM32C011F6P3, STM32C011F6P6, STM32C011F6U3, STM32C011F6U6TR, STM32C011J4M3, STM32C011J4M6, STM32C011J6M3, STM32C011J6M6, STM32C0316-DK, STM32C031C4T3, STM32C031C4T6, STM32C031C4U3, STM32C031C4U6, STM32C031C6T3, STM32C031C6T6, STM32C031C6U3, STM32C031C6U6, STM32C031F4P3, STM32C031F4P6, STM32C031F6P3, STM32C031F6P6, STM32C031G4U3, STM32C031G4U6, STM32C031G6U3, STM32C031G6U6, STM32C031K4T3, STM32C031K4T6, STM32C031K4U3, STM32C031K4U6, STM32C031K6T3, STM32C031K6T6, STM32C031K6U3, STM32C031K6U6, STM32G071K8TXN, STM32G071K8UXN, STM32G081GBU6N, STM32G081KBT6N, STM32G081KBUXN, STM32G0B1CCT6N, STM32G0B1KCT6, STM32G0B1NEY6TR, STM32G0B1RCT6N, STM32G0C1CCT6, STM32G0C1CCT6N, STM32G0C1CCU6N, STM32G0C1CET6N, STM32G0C1CEU6N, STM32G0C1KCT6, STM32G0C1NEY6TR, STM32G0C1RCI6N, STM32G0C1RCT6N, STM32G0C1REI6N, STM32G0C1RET6N, STM32G0C1VCI6, STM32G0C1VEI6, STM32G471CCT6, STM32G471CCU6, STM32G471CET3, STM32G471CET6, STM32G471CEU3, STM32G471CEU6, STM32G471MCT6, STM32G471MET3, STM32G471MET6, STM32G471MEY6TR, STM32G471QCT6, STM32G471QET3, STM32G471RCT6, STM32G471RET3, STM32G471RET6, STM32G471VCH6, STM32G471VCI6, STM32G471VCT6, STM32G471VEH3, STM32G471VEH6, STM32G471VEI3, STM32G471VEI6, STM32G471VET3, STM32G471VET6, STM32G474CCT6, STM32H503CBT6, STM32H503CBU6, STM32H503EBY6TR, STM32H503KBU6, STM32H503RBT6, STM32H562AGI6, STM32H562AII6, STM32H562IGK6, STM32H562IGT6, STM32H562IIK6, STM32H562IIT6, STM32H562RGT6, STM32H562RGV6, STM32H562RIT6, STM32H562RIV6, STM32H562VGT6, STM32H562VIT6, STM32H562ZGT6, STM32H562ZIT6, STM32H563AGI6, STM32H563AII3Q, STM32H563AII6, STM32H563IGK6, STM32H563IGT6, STM32H563IIK3Q, STM32H563IIK6, STM32H563IIT3Q, STM32H563IIT6, STM32H563MIY3QTR, STM32H563RGT6, STM32H563RGV6, STM32H563RIT6, STM32H563RIV6, STM32H563VGT6, STM32H563VIT3Q, STM32H563VIT6, STM32H563ZGT6, STM32H563ZIT3Q, STM32H563ZIT6, STM32H573AII3Q, STM32H573AII6, STM32H573I-DK, STM32H573IIK3Q, STM32H573IIK6, STM32H573IIT3Q, STM32H573IIT6, STM32H573MIY3QTR, STM32H573RIT6, STM32H573RIV6, STM32H573VIT3Q, STM32H573VIT6, STM32H573ZIT3Q, STM32H573ZIT6, STM32L4R5QGI6STR, STM32MP131AAE3, STM32MP131AAF3, STM32MP131AAG3, STM32MP131CAE3, STM32MP131CAF3, STM32MP131CAG3, STM32MP131DAE7, STM32MP131DAF7, STM32MP131DAG7, STM32MP131FAE7, STM32MP131FAF7, STM32MP131FAG7, STM32MP133AAE3, STM32MP133AAF3, STM32MP133AAG3, STM32MP133CAE3, STM32MP133CAF3, STM32MP133CAG3, STM32MP133DAE7, STM32MP133DAF7, STM32MP133DAG7, STM32MP133FAE7, STM32MP133FAF7, STM32MP133FAG7, STM32MP135AAE3, STM32MP135AAF3, STM32MP135AAG3, STM32MP135CAE3, STM32MP135CAF3, STM32MP135CAG3, STM32MP135DAE7, STM32MP135DAF7, STM32MP135DAG7, STM32MP135F-DK, STM32MP135FAE7, STM32MP135FAF7, STM32MP135FAF7T, STM32MP135FAF7U, STM32MP135FAG7, STM32U535CBT6, STM32U535CBT6Q, STM32U535CBU6, STM32U535CBU6Q, STM32U535CCT6, STM32U535CCT6Q, STM32U535CCU6, STM32U535CCU6Q, STM32U535CET6, STM32U535CET6Q, STM32U535CEU6, STM32U535CEU6Q, STM32U535JEY6QTR, STM32U535NCY6QTR, STM32U535NEY6QTR, STM32U535RBI6, STM32U535RBI6Q, STM32U535RBT6, STM32U535RBT6Q, STM32U535RCI6, STM32U535RCI6Q, STM32U535RCT6, STM32U535RCT6Q, STM32U535REI6, STM32U535REI6Q, STM32U535RET6, STM32U535RET6Q, STM32U535VCI6, STM32U535VCI6Q, STM32U535VCT6, STM32U535VCT6Q, STM32U535VEI6, STM32U535VEI6Q, STM32U535VET6, STM32U535VET6Q, STM32U545CET6, STM32U545CET6Q, STM32U545CEU6, STM32U545CEU6Q, STM32U545JEY6QTR, STM32U545NEY6QTR, STM32U545REI6, STM32U545REI6Q, STM32U545RET6, STM32U545RET6Q, STM32U545VEI6, STM32U545VEI6Q, STM32U545VET6, STM32U545VET6Q, STM32U595AIH6, STM32U595AIH6Q, STM32U595AJH6, STM32U595AJH6Q, STM32U595QII6, STM32U595QII6Q, STM32U595QJI6, STM32U595QJI6Q, STM32U595RIT6, STM32U595RIT6Q, STM32U595RJT6, STM32U595RJT6Q, STM32U595VIT6, STM32U595VIT6Q, STM32U595VJT6, STM32U595VJT6Q, STM32U595ZIT6, STM32U595ZIT6Q, STM32U595ZIY6QTR, STM32U595ZJT6, STM32U595ZJT6Q, STM32U595ZJY6QTR, STM32U599BJY6QTR, STM32U599NIH6Q, STM32U599NJH6Q, STM32U599VIT6Q, STM32U599VJT6, STM32U599VJT6Q, STM32U599ZIT6Q, STM32U599ZIY6QTR, STM32U599ZJT6Q, STM32U599ZJY6QTR, STM32U5A5AJH6, STM32U5A5AJH6Q, STM32U5A5QJI6, STM32U5A5QJI6Q, STM32U5A5RJT6, STM32U5A5RJT6Q, STM32U5A5VJT6, STM32U5A5VJT6Q, STM32U5A5ZJT6, STM32U5A5ZJT6Q, STM32U5A5ZJY6QTR, STM32U5A9BJY6QTR, STM32U5A9J-DK, STM32U5A9NJH6Q, STM32U5A9VJT6Q, STM32U5A9ZJT6Q, STM32U5A9ZJY6QTR, STM32WB1MMCH6, STM32WBA52CEU6, STM32WBA52CEU6T, STM32WBA52CGU6, STM32WBA52CGU6T, STM32WL5MOCH6, STM32WL5MOCH6TR]
2023-06-26 16:08:55,995 [INFO] DbMcus:216 - Found 3775 MCUs, 3775 are supported
2023-06-26 16:08:55,999 [INFO] ApiDb:423 - Load user favorites file C:\Users\ALTAWKEL/.stm32cubeide/favorites.mcus.txt: 0 item(s)
2023-06-26 16:08:55,999 [INFO] ApiDb:427 - User favorites MCUs=[]
2023-06-26 16:08:55,999 [INFO] DbMcus:222 - Set 0 / 0 favorites MCUs
2023-06-26 16:08:56,249 [INFO] ApiDb:668 - CubeFinder database Data Model version=2.1
2023-06-26 16:08:56,249 [INFO] ApiDb:669 - CubeFinder database Configuration version=3.0.35
2023-06-26 16:08:56,249 [INFO] ApiDb:670 - CubeFinder database generation date=2023-05-12 (1683877179)
2023-06-26 16:08:56,249 [INFO] ApiDb:671 - CubeFinder database FW Pack versions=[FP-ATR-ASTRA1_V2.0.0, FP-SNS-FLIGHT1_V5.0.0, FP-SNS-MOTENV1_V4.3.0, STM32Cube_FW_C0_V1.0.1, STM32Cube_FW_F0_V1.11.4, STM32Cube_FW_F3_V1.11.4, STM32Cube_FW_F4_V1.27.1, STM32Cube_FW_F7_V1.17.0, STM32Cube_FW_G0_V1.6.1, STM32Cube_FW_G4_V1.5.1, STM32Cube_FW_H5_V0.5.1, STM32Cube_FW_H5_V1.0.0, STM32Cube_FW_H7_V1.11.0, STM32Cube_FW_L0_V1.12.2, STM32Cube_FW_L5_V1.5.0, STM32Cube_FW_U5_V1.2.0, STM32Cube_FW_WBA_V1.0.0, STM32Cube_FW_WBA_V1.0.0RC1, STM32Cube_FW_WBA_V1.0.0RC3, STM32Cube_FW_WB_V1.15.0RC1, STM32Cube_FW_WB_V1.16.0, STM32Cube_FW_WB_V1.16.0RC2, STM32Cube_FW_WL_V1.3.0, X-CUBE-ALGOBUILD_V1.3.0, X-CUBE-ALS_V1.0.1, X-CUBE-AZRTOS-F4_V1.1.0, X-CUBE-AZRTOS-F7_V1.1.0, X-CUBE-AZRTOS-G0_V1.1.0, X-CUBE-AZRTOS-G4_V2.0.0, X-CUBE-AZRTOS-H7_V3.1.0, X-CUBE-AZRTOS-L4_V1.0.0, X-CUBE-AZRTOS-L5_V1.1.0, X-CUBE-AZRTOS-WB_V1.1.0, X-CUBE-AZRTOS-WL_V1.0.0, X-CUBE-BLE1_V6.2.4, X-CUBE-BLE2_V3.3.0, X-CUBE-BLEMGR_V2.0.0, X-CUBE-EEPRMA1_V4.1.0, X-CUBE-FREERTOS_V1.0.1, X-CUBE-GNSS1_V6.0.0, X-CUBE-MEMS1_V9.1.0, X-CUBE-MEMS1_V9.4.0, X-CUBE-MEMS1_V9.6.0, X-CUBE-NFC4_V3.0.0, X-CUBE-NFC7_V1.0.0, X-CUBE-SFXS2LP1_V4.0.0, X-CUBE-SUBG2_V5.0.0]
2023-06-26 16:08:56,305 [INFO] DbBoardsSqlite:226 - include board P-NUCLEO-WB55-NUCLEO as a kit item of type 'Nucleo-64'
2023-06-26 16:08:56,305 [INFO] DbBoardsSqlite:226 - include board P-NUCLEO-WB55-USBDONGLE as a kit item of type 'Nucleo USB Dongle'
2023-06-26 16:08:56,306 [INFO] DbBoardsSqlite:226 - include board STEVAL-IDP005V1 as a kit item of type 'Evaluation Board'
2023-06-26 16:08:56,306 [INFO] DbBoardsSqlite:226 - include board STEVAL-IDP005V2 as a kit item of type 'Evaluation Board'
2023-06-26 16:08:56,358 [INFO] ApiDb:240 - Found 297 in-development CPN: [B-G473E-ZEST1S, B-WB1M-WPAN1, B-WL5M-SUBG1, NUCLEO-C031C6, NUCLEO-H503RB, NUCLEO-H563ZI, NUCLEO-U545RE-Q, NUCLEO-U5A5ZJ-Q, NUCLEO-WBA52CG, STEVAL-PROTEUS1, STEVAL-STWINBX1, STM320518-EVAL, STM32C0116-DK, STM32C011D6Y3TR, STM32C011D6Y6TR, STM32C011F4P3, STM32C011F4P6, STM32C011F4U3, STM32C011F4U6TR, STM32C011F6P3, STM32C011F6P6, STM32C011F6U3, STM32C011F6U6TR, STM32C011J4M3, STM32C011J4M6, STM32C011J6M3, STM32C011J6M6, STM32C0316-DK, STM32C031C4T3, STM32C031C4T6, STM32C031C4U3, STM32C031C4U6, STM32C031C6T3, STM32C031C6T6, STM32C031C6U3, STM32C031C6U6, STM32C031F4P3, STM32C031F4P6, STM32C031F6P3, STM32C031F6P6, STM32C031G4U3, STM32C031G4U6, STM32C031G6U3, STM32C031G6U6, STM32C031K4T3, STM32C031K4T6, STM32C031K4U3, STM32C031K4U6, STM32C031K6T3, STM32C031K6T6, STM32C031K6U3, STM32C031K6U6, STM32G071K8TXN, STM32G071K8UXN, STM32G081GBU6N, STM32G081KBT6N, STM32G081KBUXN, STM32G0B1CCT6N, STM32G0B1KCT6, STM32G0B1NEY6TR, STM32G0B1RCT6N, STM32G0C1CCT6, STM32G0C1CCT6N, STM32G0C1CCU6N, STM32G0C1CET6N, STM32G0C1CEU6N, STM32G0C1KCT6, STM32G0C1NEY6TR, STM32G0C1RCI6N, STM32G0C1RCT6N, STM32G0C1REI6N, STM32G0C1RET6N, STM32G0C1VCI6, STM32G0C1VEI6, STM32G471CCT6, STM32G471CCU6, STM32G471CET3, STM32G471CET6, STM32G471CEU3, STM32G471CEU6, STM32G471MCT6, STM32G471MET3, STM32G471MET6, STM32G471MEY6TR, STM32G471QCT6, STM32G471QET3, STM32G471RCT6, STM32G471RET3, STM32G471RET6, STM32G471VCH6, STM32G471VCI6, STM32G471VCT6, STM32G471VEH3, STM32G471VEH6, STM32G471VEI3, STM32G471VEI6, STM32G471VET3, STM32G471VET6, STM32G474CCT6, STM32H503CBT6, STM32H503CBU6, STM32H503EBY6TR, STM32H503KBU6, STM32H503RBT6, STM32H562AGI6, STM32H562AII6, STM32H562IGK6, STM32H562IGT6, STM32H562IIK6, STM32H562IIT6, STM32H562RGT6, STM32H562RGV6, STM32H562RIT6, STM32H562RIV6, STM32H562VGT6, STM32H562VIT6, STM32H562ZGT6, STM32H562ZIT6, STM32H563AGI6, STM32H563AII3Q, STM32H563AII6, STM32H563IGK6, STM32H563IGT6, STM32H563IIK3Q, STM32H563IIK6, STM32H563IIT3Q, STM32H563IIT6, STM32H563MIY3QTR, STM32H563RGT6, STM32H563RGV6, STM32H563RIT6, STM32H563RIV6, STM32H563VGT6, STM32H563VIT3Q, STM32H563VIT6, STM32H563ZGT6, STM32H563ZIT3Q, STM32H563ZIT6, STM32H573AII3Q, STM32H573AII6, STM32H573I-DK, STM32H573IIK3Q, STM32H573IIK6, STM32H573IIT3Q, STM32H573IIT6, STM32H573MIY3QTR, STM32H573RIT6, STM32H573RIV6, STM32H573VIT3Q, STM32H573VIT6, STM32H573ZIT3Q, STM32H573ZIT6, STM32L4R5QGI6STR, STM32MP131AAE3, STM32MP131AAF3, STM32MP131AAG3, STM32MP131CAE3, STM32MP131CAF3, STM32MP131CAG3, STM32MP131DAE7, STM32MP131DAF7, STM32MP131DAG7, STM32MP131FAE7, STM32MP131FAF7, STM32MP131FAG7, STM32MP133AAE3, STM32MP133AAF3, STM32MP133AAG3, STM32MP133CAE3, STM32MP133CAF3, STM32MP133CAG3, STM32MP133DAE7, STM32MP133DAF7, STM32MP133DAG7, STM32MP133FAE7, STM32MP133FAF7, STM32MP133FAG7, STM32MP135AAE3, STM32MP135AAF3, STM32MP135AAG3, STM32MP135CAE3, STM32MP135CAF3, STM32MP135CAG3, STM32MP135DAE7, STM32MP135DAF7, STM32MP135DAG7, STM32MP135F-DK, STM32MP135FAE7, STM32MP135FAF7, STM32MP135FAF7T, STM32MP135FAF7U, STM32MP135FAG7, STM32U535CBT6, STM32U535CBT6Q, STM32U535CBU6, STM32U535CBU6Q, STM32U535CCT6, STM32U535CCT6Q, STM32U535CCU6, STM32U535CCU6Q, STM32U535CET6, STM32U535CET6Q, STM32U535CEU6, STM32U535CEU6Q, STM32U535JEY6QTR, STM32U535NCY6QTR, STM32U535NEY6QTR, STM32U535RBI6, STM32U535RBI6Q, STM32U535RBT6, STM32U535RBT6Q, STM32U535RCI6, STM32U535RCI6Q, STM32U535RCT6, STM32U535RCT6Q, STM32U535REI6, STM32U535REI6Q, STM32U535RET6, STM32U535RET6Q, STM32U535VCI6, STM32U535VCI6Q, STM32U535VCT6, STM32U535VCT6Q, STM32U535VEI6, STM32U535VEI6Q, STM32U535VET6, STM32U535VET6Q, STM32U545CET6, STM32U545CET6Q, STM32U545CEU6, STM32U545CEU6Q, STM32U545JEY6QTR, STM32U545NEY6QTR, STM32U545REI6, STM32U545REI6Q, STM32U545RET6, STM32U545RET6Q, STM32U545VEI6, STM32U545VEI6Q, STM32U545VET6, STM32U545VET6Q, STM32U595AIH6, STM32U595AIH6Q, STM32U595AJH6, STM32U595AJH6Q, STM32U595QII6, STM32U595QII6Q, STM32U595QJI6, STM32U595QJI6Q, STM32U595RIT6, STM32U595RIT6Q, STM32U595RJT6, STM32U595RJT6Q, STM32U595VIT6, STM32U595VIT6Q, STM32U595VJT6, STM32U595VJT6Q, STM32U595ZIT6, STM32U595ZIT6Q, STM32U595ZIY6QTR, STM32U595ZJT6, STM32U595ZJT6Q, STM32U595ZJY6QTR, STM32U599BJY6QTR, STM32U599NIH6Q, STM32U599NJH6Q, STM32U599VIT6Q, STM32U599VJT6, STM32U599VJT6Q, STM32U599ZIT6Q, STM32U599ZIY6QTR, STM32U599ZJT6Q, STM32U599ZJY6QTR, STM32U5A5AJH6, STM32U5A5AJH6Q, STM32U5A5QJI6, STM32U5A5QJI6Q, STM32U5A5RJT6, STM32U5A5RJT6Q, STM32U5A5VJT6, STM32U5A5VJT6Q, STM32U5A5ZJT6, STM32U5A5ZJT6Q, STM32U5A5ZJY6QTR, STM32U5A9BJY6QTR, STM32U5A9J-DK, STM32U5A9NJH6Q, STM32U5A9VJT6Q, STM32U5A9ZJT6Q, STM32U5A9ZJY6QTR, STM32WB1MMCH6, STM32WBA52CEU6, STM32WBA52CEU6T, STM32WBA52CGU6, STM32WBA52CGU6T, STM32WL5MOCH6, STM32WL5MOCH6TR]
2023-06-26 16:08:56,532 [INFO] BoardInfo:880 - No configuration file found for board P-NUCLEO-WB55
2023-06-26 16:08:56,533 [INFO] DbBoards:157 - Kit is not supported: P-NUCLEO-WB55
2023-06-26 16:08:56,538 [INFO] BoardInfo:880 - No configuration file found for board STEVAL-BFA001V1B
2023-06-26 16:08:56,538 [INFO] DbBoards:157 - Kit is not supported: STEVAL-BFA001V1B
2023-06-26 16:08:56,540 [INFO] BoardInfo:880 - No configuration file found for board STEVAL-BFA001V2B
2023-06-26 16:08:56,540 [INFO] DbBoards:157 - Kit is not supported: STEVAL-BFA001V2B
2023-06-26 16:08:56,684 [INFO] DbBoards:161 - Found 187 boards, 184 are supported
2023-06-26 16:08:56,694 [INFO] ApiDb:423 - Load user favorites file C:\Users\ALTAWKEL/.stm32cubeide/favorites.boards.txt: 1 item(s)
2023-06-26 16:08:56,694 [INFO] ApiDb:427 - User favorites Boards=[NUCLEO-F446RE]
2023-06-26 16:08:56,695 [INFO] DbBoards:190 - Set 1 / 1 favorites Boards
2023-06-26 16:08:56,698 [INFO] ApiDb:668 - CubeFinder database Data Model version=2.1
2023-06-26 16:08:56,698 [INFO] ApiDb:669 - CubeFinder database Configuration version=3.0.35
2023-06-26 16:08:56,699 [INFO] ApiDb:670 - CubeFinder database generation date=2023-05-12 (1683877179)
2023-06-26 16:08:56,699 [INFO] ApiDb:671 - CubeFinder database FW Pack versions=[FP-ATR-ASTRA1_V2.0.0, FP-SNS-FLIGHT1_V5.0.0, FP-SNS-MOTENV1_V4.3.0, STM32Cube_FW_C0_V1.0.1, STM32Cube_FW_F0_V1.11.4, STM32Cube_FW_F3_V1.11.4, STM32Cube_FW_F4_V1.27.1, STM32Cube_FW_F7_V1.17.0, STM32Cube_FW_G0_V1.6.1, STM32Cube_FW_G4_V1.5.1, STM32Cube_FW_H5_V0.5.1, STM32Cube_FW_H5_V1.0.0, STM32Cube_FW_H7_V1.11.0, STM32Cube_FW_L0_V1.12.2, STM32Cube_FW_L5_V1.5.0, STM32Cube_FW_U5_V1.2.0, STM32Cube_FW_WBA_V1.0.0, STM32Cube_FW_WBA_V1.0.0RC1, STM32Cube_FW_WBA_V1.0.0RC3, STM32Cube_FW_WB_V1.15.0RC1, STM32Cube_FW_WB_V1.16.0, STM32Cube_FW_WB_V1.16.0RC2, STM32Cube_FW_WL_V1.3.0, X-CUBE-ALGOBUILD_V1.3.0, X-CUBE-ALS_V1.0.1, X-CUBE-AZRTOS-F4_V1.1.0, X-CUBE-AZRTOS-F7_V1.1.0, X-CUBE-AZRTOS-G0_V1.1.0, X-CUBE-AZRTOS-G4_V2.0.0, X-CUBE-AZRTOS-H7_V3.1.0, X-CUBE-AZRTOS-L4_V1.0.0, X-CUBE-AZRTOS-L5_V1.1.0, X-CUBE-AZRTOS-WB_V1.1.0, X-CUBE-AZRTOS-WL_V1.0.0, X-CUBE-BLE1_V6.2.4, X-CUBE-BLE2_V3.3.0, X-CUBE-BLEMGR_V2.0.0, X-CUBE-EEPRMA1_V4.1.0, X-CUBE-FREERTOS_V1.0.1, X-CUBE-GNSS1_V6.0.0, X-CUBE-MEMS1_V9.1.0, X-CUBE-MEMS1_V9.4.0, X-CUBE-MEMS1_V9.6.0, X-CUBE-NFC4_V3.0.0, X-CUBE-NFC7_V1.0.0, X-CUBE-SFXS2LP1_V4.0.0, X-CUBE-SUBG2_V5.0.0]
2023-06-26 16:08:56,737 [WARN] PackLoader:240 - Cannot read IP mode file for STMicroelectronics.X-CUBE-SMBUS.2.1.0
2023-06-26 16:08:56,782 [WARN] PackLoader:240 - Cannot read IP mode file for STMicroelectronics.X-CUBE-AZRTOS-F7.1.1.0
2023-06-26 16:08:56,801 [ERROR] RealEvaluatedCondition:428 - Found unsupported composite condition: GROUP='STM32_MetaDataManager' CLASS='Data Exchange'
2023-06-26 16:08:56,801 [ERROR] RealEvaluatedCondition:428 - Found unsupported composite condition: GROUP='STM32_MetaDataManager' CLASS='Data Exchange'
2023-06-26 16:08:56,803 [WARN] PackLoader:240 - Cannot read IP mode file for STMicroelectronics.FP-SNS-MOTENV1.4.3.0
2023-06-26 16:08:56,818 [WARN] PackLoader:240 - Cannot read IP mode file for STMicroelectronics.FP-SNS-FLIGHT1.5.0.0
2023-06-26 16:08:56,831 [ERROR] RealEvaluatedCondition:428 - Found unsupported composite condition: CLASS='Data Exchange' GROUP='STM32_MetaDataManager'
2023-06-26 16:08:56,831 [ERROR] RealEvaluatedCondition:428 - Found unsupported composite condition: CLASS='Data Exchange' GROUP='STM32_MetaDataManager'
2023-06-26 16:08:56,832 [WARN] PackLoader:240 - Cannot read IP mode file for STMicroelectronics.FP-SNS-MOTENV1.4.3.1
2023-06-26 16:08:56,848 [WARN] PackLoader:240 - Cannot read IP mode file for STMicroelectronics.FP-SNS-FLIGHT1.5.0.1
2023-06-26 16:08:56,865 [WARN] PackLoader:240 - Cannot read IP mode file for STMicroelectronics.X-CUBE-BLE1.6.2.4
2023-06-26 16:08:56,881 [WARN] PackLoader:240 - Cannot read IP mode file for STMicroelectronics.X-CUBE-DISPLAY.3.0.0
2023-06-26 16:08:56,911 [INFO] LogOutputStream:77 - [STDOUT_REDIRECT] 1 : Invalid condition id : UX_CORESTACK_Condition cause : null
2023-06-26 16:08:56,912 [INFO] LogOutputStream:77 - [STDOUT_REDIRECT] 1 : Invalid condition id : UX_CORESTACK_Condition cause : null
2023-06-26 16:08:56,913 [INFO] LogOutputStream:77 - [STDOUT_REDIRECT] 1 : Invalid condition id : UX_CORESTACK_Condition cause : null
2023-06-26 16:08:56,914 [INFO] LogOutputStream:77 - [STDOUT_REDIRECT] 1 : Invalid condition id : UX_CORESTACK_Condition cause : null
2023-06-26 16:08:56,915 [INFO] LogOutputStream:77 - [STDOUT_REDIRECT] 1 : Invalid condition id : UX_CORESTACK_Condition cause : null
2023-06-26 16:08:56,919 [WARN] PackLoader:240 - Cannot read IP mode file for STMicroelectronics.X-CUBE-AZRTOS-WL.2.0.0
2023-06-26 16:08:56,951 [WARN] PackLoader:240 - Cannot read IP mode file for WES.I-CUBE-Cesium.1.3.0
2023-06-26 16:08:56,962 [WARN] PackLoader:240 - Cannot read IP mode file for STMicroelectronics.X-CUBE-BLE2.3.3.0
2023-06-26 16:08:56,974 [WARN] PackLoader:240 - Cannot read IP mode file for STMicroelectronics.X-CUBE-TOUCHGFX.4.21.3
2023-06-26 16:08:56,986 [WARN] PackLoader:240 - Cannot read IP mode file for STMicroelectronics.X-CUBE-TOUCHGFX.4.21.4
2023-06-26 16:08:56,998 [WARN] PackLoader:240 - Cannot read IP mode file for STMicroelectronics.X-CUBE-ALGOBUILD.1.3.0
2023-06-26 16:08:57,033 [WARN] PackLoader:240 - Cannot read IP mode file for STMicroelectronics.X-CUBE-AZRTOS-G0.1.1.0
2023-06-26 16:08:57,051 [WARN] PackLoader:240 - Cannot read IP mode file for STMicroelectronics.X-CUBE-NFC4.3.0.0
2023-06-26 16:08:57,064 [WARN] PackLoader:240 - Cannot read IP mode file for STMicroelectronics.FP-ATR-SIGFOX1.3.2.0
2023-06-26 16:08:57,129 [WARN] PackLoader:240 - Cannot read IP mode file for STMicroelectronics.X-CUBE-MEMS1.9.5.0
2023-06-26 16:08:57,483 [WARN] PackLoader:240 - Cannot read IP mode file for SEGGER.I-CUBE-embOS.1.3.1
2023-06-26 16:08:57,580 [WARN] PackLoader:240 - Cannot read IP mode file for STMicroelectronics.X-CUBE-GNSS1.6.0.0
2023-06-26 16:08:57,626 [WARN] PackLoader:240 - Cannot read IP mode file for STMicroelectronics.X-CUBE-AZRTOS-F4.1.1.0
2023-06-26 16:08:57,647 [WARN] PackLoader:240 - Cannot read IP mode file for wolfSSL.I-CUBE-wolfSSL.5.6.0
2023-06-26 16:08:57,731 [WARN] PackLoader:240 - Cannot read IP mode file for STMicroelectronics.X-CUBE-MEMS1.9.6.0
2023-06-26 16:08:58,125 [WARN] PackLoader:240 - Cannot read IP mode file for emotas.I-CUBE-CANOPEN.1.1.3
2023-06-26 16:08:58,128 [INFO] DbExamplesSqlite:376 - Ignored 45 examples not supported by CubeIDE
2023-06-26 16:08:58,128 [INFO] DbExamplesSqlite:377 - Found 7342 examples active
2023-06-26 16:08:58,131 [INFO] DbExamplesSqlite:378 - Found 1107 examples obsolete
2023-06-26 16:08:58,132 [INFO] DbExamplesSqlite:379 - Found 0 examples under development
2023-06-26 16:08:58,132 [INFO] DbExamplesSqlite:380 - Found 77 examples not building
2023-06-26 16:08:58,135 [INFO] DbExamples:125 - Found 7374 examples
2023-06-26 16:08:58,176 [INFO] DbExamples:222 - Found 92 boards with related examples
2023-06-26 16:08:58,178 [INFO] DbExamples:235 - Found 78 MCUs with related examples
2023-06-26 16:08:58,179 [WARN] PackLoader:240 - Cannot read IP mode file for STMicroelectronics.X-CUBE-BLEMGR.2.0.0
2023-06-26 16:08:58,213 [INFO] ApiDb:414 - User favorites file not found: C:\Users\ALTAWKEL/.stm32cubeide/favorites.examples.txt
2023-06-26 16:08:58,214 [INFO] DbExamples:250 - Set 0 / 0 favorites Examples
2023-06-26 16:08:58,247 [WARN] ConditionMgr:438 - getConditionDescription Invalid condition id : UX DEVICE CLASS RTOS Condition cause : null
2023-06-26 16:08:58,249 [WARN] ConditionMgr:438 - getConditionDescription Invalid condition id : UX DEVICE CLASS RTOS Condition cause : null
2023-06-26 16:08:58,260 [WARN] PackLoader:240 - Cannot read IP mode file for STMicroelectronics.X-CUBE-AZRTOS-H7.3.1.0
2023-06-26 16:08:58,263 [WARN] ConditionMgr:1039 - genDependencies : Invalid condition id : UX DEVICE CLASS RTOS Condition cause : null
2023-06-26 16:08:58,263 [WARN] ConditionMgr:1039 - genDependencies : Invalid condition id : UX DEVICE CLASS RTOS Condition cause : null
2023-06-26 16:08:58,266 [WARN] ConditionMgr:1039 - genDependencies : Invalid condition id : UX DEVICE CLASS RTOS Condition cause : null
2023-06-26 16:08:58,267 [WARN] ConditionMgr:1039 - genDependencies : Invalid condition id : UX DEVICE CLASS RTOS Condition cause : null
2023-06-26 16:08:58,268 [WARN] ConditionMgr:1039 - genDependencies : Invalid condition id : UX DEVICE CLASS RTOS Condition cause : null
2023-06-26 16:08:58,293 [WARN] PackLoader:240 - Cannot read IP mode file for STMicroelectronics.X-CUBE-NFC7.1.0.1
2023-06-26 16:08:58,312 [WARN] PackLoader:240 - Cannot read IP mode file for STMicroelectronics.X-CUBE-NFC7.1.0.0
2023-06-26 16:08:58,337 [WARN] PackLoader:240 - Cannot read IP mode file for STMicroelectronics.X-CUBE-EEPRMA1.4.1.0
2023-06-26 16:08:58,397 [WARN] ConditionMgr:438 - getConditionDescription Invalid condition id : LAN8742 Phy interface Condition cause : null
2023-06-26 16:08:58,399 [WARN] PackLoader:240 - Cannot read IP mode file for STMicroelectronics.X-CUBE-AZRTOS-L4.2.0.0
2023-06-26 16:08:58,400 [WARN] ConditionMgr:1039 - genDependencies : Invalid condition id : LAN8742 Phy interface Condition cause : null
2023-06-26 16:08:58,401 [WARN] ConditionMgr:1039 - genDependencies : Invalid condition id : LAN8742 Phy interface Condition cause : null
2023-06-26 16:08:58,402 [WARN] ConditionMgr:1039 - genDependencies : Invalid condition id : LAN8742 Phy interface Condition cause : null
2023-06-26 16:08:58,431 [WARN] PackLoader:240 - Cannot read IP mode file for STMicroelectronics.X-CUBE-SFXS2LP1.4.0.0
2023-06-26 16:08:58,491 [WARN] PackLoader:240 - Cannot read IP mode file for STMicroelectronics.X-CUBE-AZRTOS-H7.3.0.0
2023-06-26 16:08:58,526 [WARN] PackLoader:240 - Cannot read IP mode file for STMicroelectronics.X-CUBE-ISPU.1.1.0
2023-06-26 16:08:58,550 [WARN] PackLoader:240 - Cannot read IP mode file for RoweBots.I-CUBE-UNISONRTOS.5.5.0-4
2023-06-26 16:08:58,586 [WARN] PackLoader:240 - Cannot read IP mode file for STMicroelectronics.X-CUBE-AI.8.0.0
2023-06-26 16:08:58,614 [WARN] PackLoader:240 - Cannot read IP mode file for STMicroelectronics.X-CUBE-FREERTOS.1.0.0
2023-06-26 16:08:58,631 [WARN] PackLoader:240 - Cannot read IP mode file for STMicroelectronics.X-CUBE-FREERTOS.1.0.1
2023-06-26 16:08:58,674 [WARN] PackLoader:240 - Cannot read IP mode file for STMicroelectronics.X-CUBE-AZRTOS-L5.1.1.0
2023-06-26 16:08:58,690 [WARN] PackLoader:240 - Cannot read IP mode file for STMicroelectronics.X-CUBE-AI.8.0.1
2023-06-26 16:08:58,714 [WARN] PackLoader:240 - Cannot read IP mode file for STMicroelectronics.X-CUBE-SUBG2.5.0.0
2023-06-26 16:08:58,757 [WARN] PackLoader:240 - Cannot read IP mode file for STMicroelectronics.X-CUBE-AZRTOS-G4.2.0.0
2023-06-26 16:08:58,784 [INFO] McuFinderGlobals:66 - Set McuFinderConnectedMode to true
2023-06-26 16:08:58,784 [WARN] PackLoader:240 - Cannot read IP mode file for STMicroelectronics.X-CUBE-TOF1.3.3.0
2023-06-26 16:08:58,797 [INFO] MultiScanPanel:200 - Auto-refresh data requested => check proxy status ongoing
2023-06-26 16:08:58,801 [INFO] FinderPluginLoader:95 - Searching for filters in installed packs
2023-06-26 16:08:58,810 [WARN] PackLoader:240 - Cannot read IP mode file for STMicroelectronics.FP-ATR-ASTRA1.1.1.1
2023-06-26 16:08:58,838 [WARN] PackLoader:240 - Cannot read IP mode file for STMicroelectronics.X-CUBE-AZRTOS-G4.1.0.0
2023-06-26 16:08:58,873 [WARN] PackLoader:240 - Cannot read IP mode file for STMicroelectronics.X-CUBE-AZRTOS-L4.1.0.0
2023-06-26 16:08:58,902 [WARN] PackLoader:240 - Cannot read IP mode file for STMicroelectronics.X-CUBE-AZRTOS-WL.1.0.0
2023-06-26 16:08:58,918 [WARN] PackLoader:240 - Cannot read IP mode file for portGmbH.I-Cube-SoM-uGOAL.1.1.0
2023-06-26 16:08:58,932 [WARN] PackLoader:240 - Cannot read IP mode file for STMicroelectronics.X-CUBE-ALS.1.0.1
2023-06-26 16:08:58,960 [WARN] PackLoader:240 - Cannot read IP mode file for STMicroelectronics.X-CUBE-AZRTOS-WB.1.1.0
2023-06-26 16:08:58,978 [WARN] PackLoader:240 - Cannot read IP mode file for STMicroelectronics.FP-ATR-ASTRA1.2.0.0
2023-06-26 16:08:58,978 [INFO] ThirdParty:978 - Integrity check success = true
2023-06-26 16:08:58,979 [INFO] IntegrityCheckThread:100 - exiting critical section [integrity check]
2023-06-26 16:08:58,979 [INFO] IntegrityCheckThread:103 - End integrity checks thread
2023-06-26 16:09:00,514 [INFO] LoadUrlFilesThread:185 - End of LoadServerUrlFiles without Thread
2023-06-26 16:09:00,652 [INFO] DetailPanel:341 - Set advertising image to C:/Users/ALTAWKEL/STM32Cube/Repository/\en.prom-stm32h5-mcu-finder.jpg
2023-06-26 16:10:20,782 [INFO] McuFinderGlobals:66 - Set McuFinderConnectedMode to true
2023-06-26 16:10:20,783 [INFO] ApiDb:448 - Save user favorites file C:\Users\ALTAWKEL/.stm32cubeide/favorites.mcus.txt: 0 item(s)
2023-06-26 16:10:20,784 [INFO] ApiDb:452 - User favorites MCUs=[]
