2023-04-21 01:05:55,856 [INFO] Activator:176 - 


2023-04-21 01:05:55,861 [INFO] Activator:177 - !SESSION log4j initialized
2023-04-21 01:05:58,241 [INFO] LogOutputStream:77 - [STDOUT_REDIRECT] 
2023-04-21 01:06:11,291 [INFO] ApplicationProperties:184 - Using Application install path: C:\ST\STM32CubeIDE_1.12.0\STM32CubeIDE\plugins\com.st.stm32cube.common.mx_6.8.0.202302231600
2023-04-21 01:06:11,317 [INFO] DbMcusXml:78 - Set database path to: C:\ST\STM32CubeIDE_1.12.0\STM32CubeIDE\plugins\com.st.stm32cube.common.mx_6.8.0.202302231600\\db\/mcu/
2023-04-21 01:06:11,317 [INFO] ApiDb:274 - Set plugin database path to: C:\ST\STM32CubeIDE_1.12.0\STM32CubeIDE\plugins\com.st.stm32cube.common.mx_6.8.0.202302231600\\db\/plugins/boardmanager/
2023-04-21 01:06:11,322 [WARN] ApiDb:259 - Overriding images path with different value:  => C:\ST\STM32CubeIDE_1.12.0\STM32CubeIDE\plugins\com.st.stm32cube.common.mx_6.8.0.202302231600\\db\/plugins/mcufinder/images/
2023-04-21 01:06:11,332 [INFO] ApiDb:250 - Set database path to: C:\Users\ALTAWKEL\.stmcufinder\plugins\mcufinder//mcu/
2023-04-21 01:06:11,332 [INFO] DbMcusAds:125 - Set database path to: C:\Users\ALTAWKEL\.stmcufinder\plugins\mcufinder//mcu/
2023-04-21 01:06:14,471 [INFO] CrossReferenceDbSqlite:203 - Set database path to: C:\Users\ALTAWKEL\.stmcufinder\plugins\mcufinder//mcu/cs/
2023-04-21 01:06:14,625 [INFO] RulesReader:64 - Compatibility file has been processed (293 Rules)
2023-04-21 01:06:14,725 [INFO] DbMcusXml:78 - Set database path to: C:\ST\STM32CubeIDE_1.12.0\STM32CubeIDE\plugins\com.st.stm32cube.common.mx_6.8.0.202302231600\\db\/mcu/
2023-04-21 01:06:14,725 [INFO] ApiDb:274 - Set plugin database path to: C:\ST\STM32CubeIDE_1.12.0\STM32CubeIDE\plugins\com.st.stm32cube.common.mx_6.8.0.202302231600\\db\/plugins/boardmanager/
2023-04-21 01:06:14,730 [INFO] ApiDb:261 - Set plugin images path to: C:\ST\STM32CubeIDE_1.12.0\STM32CubeIDE\plugins\com.st.stm32cube.common.mx_6.8.0.202302231600\\db\/plugins/mcufinder/images/
2023-04-21 01:06:14,730 [WARN] DbFile:41 - Overriding database path with different value: C:\Users\ALTAWKEL\.stmcufinder\plugins\mcufinder/ => C:\Users\ALTAWKEL\.stmcufinder\plugins\mcufinder
2023-04-21 01:06:14,730 [INFO] ApiDb:250 - Set database path to: C:\Users\ALTAWKEL\.stmcufinder\plugins\mcufinder//mcu/
2023-04-21 01:06:14,730 [WARN] DbFile:41 - Overriding database path with different value: C:\Users\ALTAWKEL\.stmcufinder\plugins\mcufinder/ => C:\Users\ALTAWKEL\.stmcufinder\plugins\mcufinder
2023-04-21 01:06:14,730 [INFO] DbMcusAds:125 - Set database path to: C:\Users\ALTAWKEL\.stmcufinder\plugins\mcufinder//mcu/
2023-04-21 01:06:14,730 [WARN] DbFile:41 - Overriding database path with different value: C:\Users\ALTAWKEL\.stmcufinder\plugins\mcufinder/ => C:\Users\ALTAWKEL\.stmcufinder\plugins\mcufinder
2023-04-21 01:06:14,730 [WARN] DbFile:41 - Overriding database path with different value: C:\Users\ALTAWKEL\.stmcufinder\plugins\mcufinder/ => C:\Users\ALTAWKEL\.stmcufinder\plugins\mcufinder
2023-04-21 01:06:14,730 [INFO] CrossReferenceDbSqlite:203 - Set database path to: C:\Users\ALTAWKEL\.stmcufinder\plugins\mcufinder//mcu/cs/
2023-04-21 01:06:14,843 [INFO] MainPanel:253 - HeapMemory: 268435456
2023-04-21 01:06:15,020 [INFO] DbMcusXml:78 - Set database path to: C:\ST\STM32CubeIDE_1.12.0\STM32CubeIDE\plugins\com.st.stm32cube.common.mx_6.8.0.202302231600\\db\/mcu/
2023-04-21 01:06:15,020 [INFO] ApiDb:274 - Set plugin database path to: C:\ST\STM32CubeIDE_1.12.0\STM32CubeIDE\plugins\com.st.stm32cube.common.mx_6.8.0.202302231600\\db\/plugins/boardmanager/
2023-04-21 01:06:15,020 [INFO] ApiDb:261 - Set plugin images path to: C:\ST\STM32CubeIDE_1.12.0\STM32CubeIDE\plugins\com.st.stm32cube.common.mx_6.8.0.202302231600\\db\/plugins/mcufinder/images/
2023-04-21 01:06:15,020 [WARN] DbFile:41 - Overriding database path with different value: C:\Users\ALTAWKEL\.stmcufinder\plugins\mcufinder/ => C:\Users\ALTAWKEL\.stmcufinder\plugins\mcufinder
2023-04-21 01:06:15,020 [INFO] ApiDb:250 - Set database path to: C:\Users\ALTAWKEL\.stmcufinder\plugins\mcufinder//mcu/
2023-04-21 01:06:15,020 [WARN] DbFile:41 - Overriding database path with different value: C:\Users\ALTAWKEL\.stmcufinder\plugins\mcufinder/ => C:\Users\ALTAWKEL\.stmcufinder\plugins\mcufinder
2023-04-21 01:06:15,020 [INFO] DbMcusAds:125 - Set database path to: C:\Users\ALTAWKEL\.stmcufinder\plugins\mcufinder//mcu/
2023-04-21 01:06:15,020 [WARN] DbFile:41 - Overriding database path with different value: C:\Users\ALTAWKEL\.stmcufinder\plugins\mcufinder/ => C:\Users\ALTAWKEL\.stmcufinder\plugins\mcufinder
2023-04-21 01:06:15,020 [WARN] DbFile:41 - Overriding database path with different value: C:\Users\ALTAWKEL\.stmcufinder\plugins\mcufinder/ => C:\Users\ALTAWKEL\.stmcufinder\plugins\mcufinder
2023-04-21 01:06:15,020 [INFO] CrossReferenceDbSqlite:203 - Set database path to: C:\Users\ALTAWKEL\.stmcufinder\plugins\mcufinder//mcu/cs/
2023-04-21 01:06:15,050 [INFO] ApplicationProperties:184 - Using Application install path: C:\ST\STM32CubeIDE_1.12.0\STM32CubeIDE\plugins\com.st.stm32cube.common.mx_6.8.0.202302231600
2023-04-21 01:06:15,055 [INFO] PluginManage:196 - Search for loadable plugins [exclusion list=, ]
2023-04-21 01:06:15,055 [INFO] PluginManage:310 - Check plugin analytics
2023-04-21 01:06:15,239 [INFO] AnalyticsPlugin:253 - Accepted Software Licenses: 
2023-04-21 01:06:15,239 [INFO] AnalyticsPlugin:255 - Accepted CMSIS Pack Licenses: 
2023-04-21 01:06:15,239 [INFO] AnalyticsPlugin:257 - Accepted Firmware Licenses: FW.F4.1.27.0
2023-04-21 01:06:15,254 [INFO] PluginManage:359 - Loaded plugin analytics (category:tool,tabindex:-1)
2023-04-21 01:06:15,254 [INFO] PluginManage:310 - Check plugin cadmodel
2023-04-21 01:06:15,274 [INFO] CADModel:105 - Init CAD model plugin
2023-04-21 01:06:15,274 [INFO] PluginManage:359 - Loaded plugin cadmodel (category:power,tabindex:5)
2023-04-21 01:06:15,274 [INFO] PluginManage:310 - Check plugin clock
2023-04-21 01:06:15,299 [INFO] PluginManage:359 - Loaded plugin clock (category:base,tabindex:2)
2023-04-21 01:06:15,299 [INFO] PluginManage:310 - Check plugin ddr
2023-04-21 01:06:15,305 [INFO] PluginManage:359 - Loaded plugin ddr (category:tool,tabindex:6)
2023-04-21 01:06:15,305 [INFO] PluginManage:310 - Check plugin filemanager
2023-04-21 01:06:15,444 [INFO] PluginManage:359 - Loaded plugin filemanager (category:base,tabindex:10)
2023-04-21 01:06:15,444 [INFO] PluginManage:310 - Check plugin ipmanager
2023-04-21 01:06:15,454 [INFO] PluginManage:359 - Loaded plugin ipmanager (category:base,tabindex:5)
2023-04-21 01:06:15,454 [INFO] PluginManage:310 - Check plugin lpbam
2023-04-21 01:06:15,474 [INFO] PluginManage:359 - Loaded plugin lpbam (category:base,tabindex:0)
2023-04-21 01:06:15,474 [INFO] PluginManage:310 - Check plugin pinoutandconfiguration
2023-04-21 01:06:15,494 [INFO] PluginManage:359 - Loaded plugin pinoutandconfiguration (category:base,tabindex:1)
2023-04-21 01:06:15,494 [INFO] PluginManage:310 - Check plugin pinoutconfig
2023-04-21 01:06:15,580 [WARN] SupportedApi:132 - Cannot load RTOS API schema: s4s-elt-must-match.1: The content of 'definitions' must match (annotation?, (simpleType | complexType)?, (unique | key | keyref)*)). A problem was found starting at: attribute.
2023-04-21 01:06:15,754 [INFO] PluginManage:359 - Loaded plugin pinoutconfig (category:base,tabindex:0)
2023-04-21 01:06:15,754 [INFO] PluginManage:310 - Check plugin power
2023-04-21 01:06:15,779 [INFO] PluginManage:359 - Loaded plugin power (category:power,tabindex:4)
2023-04-21 01:06:15,779 [INFO] PluginManage:310 - Check plugin projectmanager
2023-04-21 01:06:15,794 [INFO] PluginManage:359 - Loaded plugin projectmanager (category:projectmanager,tabindex:3)
2023-04-21 01:06:15,794 [INFO] PluginManage:310 - Check plugin thirdparty
2023-04-21 01:06:16,165 [INFO] PluginManage:359 - Loaded plugin thirdparty (category:base,tabindex:-1)
2023-04-21 01:06:16,165 [WARN] IntegrityCheckThread:84 - waiting for thirdparty lock release [integrity check]
2023-04-21 01:06:16,165 [INFO] IntegrityCheckThread:86 - entering critical section [integrity check]
2023-04-21 01:06:16,165 [INFO] PluginManage:310 - Check plugin tools
2023-04-21 01:06:16,170 [INFO] ThirdPartyUpdaterWithRetryManager:70 - Updater plugin not ready yet. [1/15]
2023-04-21 01:06:16,210 [INFO] PluginManage:359 - Loaded plugin tools (category:base,tabindex:7)
2023-04-21 01:06:16,215 [INFO] PluginManage:310 - Check plugin tutovideos
2023-04-21 01:06:16,595 [INFO] PluginManage:359 - Loaded plugin tutovideos (category:base,tabindex:-1)
2023-04-21 01:06:16,595 [INFO] PluginManage:310 - Check plugin updater
2023-04-21 01:06:16,610 [INFO] PluginManage:359 - Loaded plugin updater (category:base,tabindex:12)
2023-04-21 01:06:16,610 [INFO] PluginManage:283 - PluginManage : Loaded plugins [15]
2023-04-21 01:06:16,898 [INFO] PinOutPanel:1499 - setPackage(No Configuration,No Configuration)
2023-04-21 01:06:16,970 [INFO] CADModel:165 - CPN selected for project level
2023-04-21 01:06:16,970 [INFO] CADModel:114 - Register for checkConnection events
2023-04-21 01:06:17,010 [INFO] IPUIPlugin:80 - create IPUIPlugin
2023-04-21 01:06:17,010 [INFO] PluginManager:220 - loadIPPluginJar : add adc
2023-04-21 01:06:17,050 [INFO] IPUIPlugin:80 - create IPUIPlugin
2023-04-21 01:06:17,050 [INFO] PluginManager:220 - loadIPPluginJar : add aes
2023-04-21 01:06:17,108 [INFO] IPUIPlugin:80 - create IPUIPlugin
2023-04-21 01:06:17,111 [INFO] PluginManager:220 - loadIPPluginJar : add can
2023-04-21 01:06:17,131 [INFO] IPUIPlugin:80 - create IPUIPlugin
2023-04-21 01:06:17,131 [INFO] PluginManager:220 - loadIPPluginJar : add comp
2023-04-21 01:06:17,163 [INFO] IPUIPlugin:80 - create IPUIPlugin
2023-04-21 01:06:17,163 [INFO] PluginManager:220 - loadIPPluginJar : add cryp
2023-04-21 01:06:17,193 [INFO] IPUIPlugin:80 - create IPUIPlugin
2023-04-21 01:06:17,193 [INFO] PluginManager:220 - loadIPPluginJar : add dfsdm
2023-04-21 01:06:17,213 [INFO] IPUIPlugin:80 - create IPUIPlugin
2023-04-21 01:06:17,213 [INFO] PluginManager:220 - loadIPPluginJar : add dma
2023-04-21 01:06:17,267 [INFO] IPUIPlugin:80 - create IPUIPlugin
2023-04-21 01:06:17,267 [INFO] PluginManager:220 - loadIPPluginJar : add dma3
2023-04-21 01:06:17,292 [INFO] IPUIPlugin:80 - create IPUIPlugin
2023-04-21 01:06:17,292 [INFO] PluginManager:220 - loadIPPluginJar : add fatfs
2023-04-21 01:06:17,343 [INFO] IPUIPlugin:80 - create IPUIPlugin
2023-04-21 01:06:17,343 [INFO] PluginManager:220 - loadIPPluginJar : add fmc
2023-04-21 01:06:17,368 [INFO] IPUIPlugin:80 - create IPUIPlugin
2023-04-21 01:06:17,368 [INFO] PluginManager:220 - loadIPPluginJar : add freertos
2023-04-21 01:06:17,398 [INFO] IPUIPlugin:80 - create IPUIPlugin
2023-04-21 01:06:17,398 [INFO] PluginManager:220 - loadIPPluginJar : add genericplugin
2023-04-21 01:06:17,531 [INFO] IPUIPlugin:80 - create IPUIPlugin
2023-04-21 01:06:17,531 [INFO] PluginManager:220 - loadIPPluginJar : add gfxmmu
2023-04-21 01:06:17,673 [INFO] IPUIPlugin:80 - create IPUIPlugin
2023-04-21 01:06:17,673 [INFO] PluginManager:220 - loadIPPluginJar : add gic
2023-04-21 01:06:17,683 [INFO] IPUIPlugin:80 - create IPUIPlugin
2023-04-21 01:06:17,683 [INFO] PluginManager:220 - loadIPPluginJar : add gpio
2023-04-21 01:06:17,767 [INFO] IPUIPlugin:80 - create IPUIPlugin
2023-04-21 01:06:17,767 [INFO] PluginManager:220 - loadIPPluginJar : add gtzc
2023-04-21 01:06:17,798 [INFO] IPUIPlugin:80 - create IPUIPlugin
2023-04-21 01:06:17,798 [INFO] PluginManager:220 - loadIPPluginJar : add hash
2023-04-21 01:06:17,841 [INFO] IPUIPlugin:80 - create IPUIPlugin
2023-04-21 01:06:17,841 [INFO] PluginManager:220 - loadIPPluginJar : add i2c
2023-04-21 01:06:17,876 [INFO] IPUIPlugin:80 - create IPUIPlugin
2023-04-21 01:06:17,876 [INFO] PluginManager:220 - loadIPPluginJar : add i2s
2023-04-21 01:06:17,906 [INFO] IPUIPlugin:80 - create IPUIPlugin
2023-04-21 01:06:17,906 [INFO] PluginManager:220 - loadIPPluginJar : add i3c
2023-04-21 01:06:17,998 [INFO] IPUIPlugin:80 - create IPUIPlugin
2023-04-21 01:06:17,998 [INFO] PluginManager:220 - loadIPPluginJar : add ipddr
2023-04-21 01:06:18,073 [INFO] IPUIPlugin:80 - create IPUIPlugin
2023-04-21 01:06:18,073 [INFO] PluginManager:220 - loadIPPluginJar : add linkedlist
2023-04-21 01:06:18,103 [INFO] IPUIPlugin:80 - create IPUIPlugin
2023-04-21 01:06:18,103 [INFO] PluginManager:220 - loadIPPluginJar : add lorawan
2023-04-21 01:06:18,128 [INFO] IPUIPlugin:80 - create IPUIPlugin
2023-04-21 01:06:18,128 [INFO] PluginManager:220 - loadIPPluginJar : add ltdc
2023-04-21 01:06:18,140 [INFO] IPUIPlugin:80 - create IPUIPlugin
2023-04-21 01:06:18,140 [INFO] PluginManager:220 - loadIPPluginJar : add mdma
2023-04-21 01:06:18,155 [INFO] IPUIPlugin:80 - create IPUIPlugin
2023-04-21 01:06:18,155 [INFO] PluginManager:220 - loadIPPluginJar : add nvic
2023-04-21 01:06:18,180 [INFO] IPUIPlugin:80 - create IPUIPlugin
2023-04-21 01:06:18,180 [INFO] PluginManager:220 - loadIPPluginJar : add opamp
2023-04-21 01:06:18,229 [INFO] IPUIPlugin:80 - create IPUIPlugin
2023-04-21 01:06:18,229 [INFO] PluginManager:220 - loadIPPluginJar : add openamp
2023-04-21 01:06:18,269 [INFO] IPUIPlugin:80 - create IPUIPlugin
2023-04-21 01:06:18,269 [INFO] PluginManager:220 - loadIPPluginJar : add pdm2pcm
2023-04-21 01:06:18,285 [INFO] IPUIPlugin:80 - create IPUIPlugin
2023-04-21 01:06:18,285 [INFO] PluginManager:220 - loadIPPluginJar : add plateformsettings
2023-04-21 01:06:18,304 [INFO] IPUIPlugin:80 - create IPUIPlugin
2023-04-21 01:06:18,304 [INFO] PluginManager:220 - loadIPPluginJar : add quadspi
2023-04-21 01:06:18,314 [INFO] IPUIPlugin:80 - create IPUIPlugin
2023-04-21 01:06:18,314 [INFO] PluginManager:220 - loadIPPluginJar : add resmgrutility
2023-04-21 01:06:18,359 [INFO] IPUIPlugin:80 - create IPUIPlugin
2023-04-21 01:06:18,359 [INFO] PluginManager:220 - loadIPPluginJar : add sai
2023-04-21 01:06:18,390 [INFO] IPUIPlugin:80 - create IPUIPlugin
2023-04-21 01:06:18,390 [INFO] PluginManager:220 - loadIPPluginJar : add spi
2023-04-21 01:06:18,440 [INFO] IPUIPlugin:80 - create IPUIPlugin
2023-04-21 01:06:18,440 [INFO] PluginManager:220 - loadIPPluginJar : add stm32_wpan
2023-04-21 01:06:18,453 [INFO] IPUIPlugin:80 - create IPUIPlugin
2023-04-21 01:06:18,460 [INFO] PluginManager:220 - loadIPPluginJar : add tim
2023-04-21 01:06:18,508 [INFO] IPUIPlugin:80 - create IPUIPlugin
2023-04-21 01:06:18,508 [INFO] PluginManager:220 - loadIPPluginJar : add touchsensing
2023-04-21 01:06:18,528 [INFO] IPUIPlugin:80 - create IPUIPlugin
2023-04-21 01:06:18,528 [INFO] PluginManager:220 - loadIPPluginJar : add tracer_emb
2023-04-21 01:06:18,548 [INFO] IPUIPlugin:80 - create IPUIPlugin
2023-04-21 01:06:18,548 [INFO] PluginManager:220 - loadIPPluginJar : add ts
2023-04-21 01:06:18,569 [INFO] IPUIPlugin:80 - create IPUIPlugin
2023-04-21 01:06:18,569 [INFO] PluginManager:220 - loadIPPluginJar : add tsc
2023-04-21 01:06:18,594 [INFO] IPUIPlugin:80 - create IPUIPlugin
2023-04-21 01:06:18,594 [INFO] PluginManager:220 - loadIPPluginJar : add ucpd
2023-04-21 01:06:18,634 [INFO] IPUIPlugin:80 - create IPUIPlugin
2023-04-21 01:06:18,634 [INFO] PluginManager:220 - loadIPPluginJar : add usart
2023-04-21 01:06:18,676 [INFO] IPUIPlugin:80 - create IPUIPlugin
2023-04-21 01:06:18,676 [INFO] PluginManager:220 - loadIPPluginJar : add usbx
2023-04-21 01:06:18,820 [INFO] CADModel:165 - CPN selected for project level
2023-04-21 01:06:18,820 [INFO] CADModel:114 - Register for checkConnection events
2023-04-21 01:06:18,820 [FATAL] Updater:308 - Updater called before beeing initialized
2023-04-21 01:06:18,820 [ERROR] CADModel:125 - Updater not yet initialized, retry later 
2023-04-21 01:06:19,003 [INFO] CADModel:165 - CPN selected for project level
2023-04-21 01:06:19,003 [INFO] CADModel:114 - Register for checkConnection events
2023-04-21 01:06:19,003 [FATAL] Updater:308 - Updater called before beeing initialized
2023-04-21 01:06:19,003 [ERROR] CADModel:125 - Updater not yet initialized, retry later 
2023-04-21 01:06:19,003 [FATAL] Updater:308 - Updater called before beeing initialized
2023-04-21 01:06:19,169 [FATAL] Updater:308 - Updater called before beeing initialized
2023-04-21 01:06:19,174 [INFO] ThirdPartyUpdaterWithRetryManager:70 - Updater plugin not ready yet. [2/15]
2023-04-21 01:06:19,179 [INFO] DbMcusAds:53 - JSON generation date=Tue Mar 07 10:50:55 EET 2023 (1678179055335)
2023-04-21 01:06:19,179 [FATAL] Updater:308 - Updater called before beeing initialized
2023-04-21 01:06:19,322 [WARN] DetailPanel:346 - Failed to get advertising image, set to default
2023-04-21 01:06:19,520 [FATAL] Updater:308 - Updater called before beeing initialized
2023-04-21 01:06:19,525 [FATAL] Updater:308 - Updater called before beeing initialized
2023-04-21 01:06:19,525 [FATAL] Updater:308 - Updater called before beeing initialized
2023-04-21 01:06:19,525 [WARN] DetailPanel:346 - Failed to get advertising image, set to default
2023-04-21 01:06:19,525 [FATAL] Updater:308 - Updater called before beeing initialized
2023-04-21 01:06:19,615 [ERROR] Updater:1120 - MainUpdater not yet initialized. External WinMGr cannot be set.
2023-04-21 01:06:19,625 [INFO] Updater:1056 - Updater Version found : 6.8.0
2023-04-21 01:06:19,645 [ERROR] LogOutputStream:75 - [STDERR_REDIRECT] SLF4J: Failed to load class "org.slf4j.impl.StaticLoggerBinder".
2023-04-21 01:06:19,645 [ERROR] LogOutputStream:75 - [STDERR_REDIRECT] SLF4J: Defaulting to no-operation (NOP) logger implementation
2023-04-21 01:06:19,645 [ERROR] LogOutputStream:75 - [STDERR_REDIRECT] SLF4J: See http://www.slf4j.org/codes.html#StaticLoggerBinder for further details.
2023-04-21 01:06:19,645 [INFO] ApplicationProperties:184 - Using Application install path: C:\ST\STM32CubeIDE_1.12.0\STM32CubeIDE\plugins\com.st.stm32cube.common.mx_6.8.0.202302231600
2023-04-21 01:06:20,065 [INFO] MainUpdater:2854 - connection check result : 10
2023-04-21 01:06:20,070 [INFO] MainUpdater:3548 - Updater definition file requires update
2023-04-21 01:06:20,070 [INFO] MainUpdater:283 - Updater Check For Update Now.
2023-04-21 01:06:20,075 [INFO] MicroXplorer:498 - Change Database Version : DB.6.0.80
2023-04-21 01:06:20,188 [INFO] ServerAccessManage:473 - Download File updaters.zip
2023-04-21 01:06:20,422 [INFO] FileExtend:240 - Unzip File : updaters.zip
2023-04-21 01:06:20,422 [INFO] FileExtend:255 - Standard Zip Deflate
2023-04-21 01:06:21,021 [INFO] ServerAccessManage:473 - Download File PacksControlFlags.xml
2023-04-21 01:06:21,210 [INFO] ServerAccessManage:473 - Download File cubemx.pidx
2023-04-21 01:06:21,551 [INFO] LoadServerUpdatesThread:373 - End of LoadServerUpdate Thread
2023-04-21 01:06:21,868 [INFO] CheckServerUpdateThread:120 - End of CheckServer Thread
2023-04-21 01:06:22,024 [INFO] MainUpdater:2854 - connection check result : 10
2023-04-21 01:06:22,044 [INFO] McuFinderGlobals:66 - Set McuFinderConnectedMode to true
2023-04-21 01:06:22,179 [WARN] MainUpdater:1187 - Updater busy. Cannot search thirdparties
2023-04-21 01:06:22,179 [INFO] ThirdPartyUpdaterWithRetryManager:96 - Updater plugin is busy. [1/15]
2023-04-21 01:06:22,513 [INFO] ServerAccessManage:473 - Download File mcusAds.json._tmp_
2023-04-21 01:06:22,633 [INFO] LoadUrlFilesThread:156 - End of LoadUrlFiles Thread
2023-04-21 01:06:23,212 [INFO] ServerAccessManage:473 - Download File cube-finder-db.zip
2023-04-21 01:06:25,189 [WARN] MainUpdater:1187 - Updater busy. Cannot search thirdparties
2023-04-21 01:06:25,189 [INFO] ThirdPartyUpdaterWithRetryManager:96 - Updater plugin is busy. [2/15]
2023-04-21 01:06:28,193 [WARN] MainUpdater:1187 - Updater busy. Cannot search thirdparties
2023-04-21 01:06:28,193 [INFO] ThirdPartyUpdaterWithRetryManager:96 - Updater plugin is busy. [3/15]
2023-04-21 01:06:31,208 [WARN] MainUpdater:1187 - Updater busy. Cannot search thirdparties
2023-04-21 01:06:31,208 [INFO] ThirdPartyUpdaterWithRetryManager:96 - Updater plugin is busy. [4/15]
2023-04-21 01:06:34,219 [WARN] MainUpdater:1187 - Updater busy. Cannot search thirdparties
2023-04-21 01:06:34,219 [INFO] ThirdPartyUpdaterWithRetryManager:96 - Updater plugin is busy. [5/15]
2023-04-21 01:06:37,225 [WARN] MainUpdater:1187 - Updater busy. Cannot search thirdparties
2023-04-21 01:06:37,225 [INFO] ThirdPartyUpdaterWithRetryManager:96 - Updater plugin is busy. [6/15]
2023-04-21 01:06:40,232 [WARN] MainUpdater:1187 - Updater busy. Cannot search thirdparties
2023-04-21 01:06:40,232 [INFO] ThirdPartyUpdaterWithRetryManager:96 - Updater plugin is busy. [7/15]
2023-04-21 01:06:43,235 [WARN] MainUpdater:1187 - Updater busy. Cannot search thirdparties
2023-04-21 01:06:43,235 [INFO] ThirdPartyUpdaterWithRetryManager:96 - Updater plugin is busy. [8/15]
2023-04-21 01:06:44,501 [INFO] FileExtend:240 - Unzip File : cube-finder-db.zip
2023-04-21 01:06:44,501 [INFO] FileExtend:255 - Standard Zip Deflate
2023-04-21 01:06:45,683 [INFO] LoadUrlFilesThread:156 - End of LoadUrlFiles Thread
2023-04-21 01:06:46,236 [WARN] MainUpdater:1187 - Updater busy. Cannot search thirdparties
2023-04-21 01:06:46,236 [INFO] ThirdPartyUpdaterWithRetryManager:96 - Updater plugin is busy. [9/15]
2023-04-21 01:06:46,390 [INFO] ServerAccessManage:473 - Download File crdb.zip
2023-04-21 01:06:47,099 [INFO] FileExtend:240 - Unzip File : crdb.zip
2023-04-21 01:06:47,099 [INFO] FileExtend:255 - Standard Zip Deflate
2023-04-21 01:06:47,250 [INFO] LoadUrlFilesThread:156 - End of LoadUrlFiles Thread
2023-04-21 01:06:47,855 [INFO] ServerAccessManage:473 - Download File tutoVideoDB.zip
2023-04-21 01:06:47,948 [INFO] FileExtend:240 - Unzip File : tutoVideoDB.zip
2023-04-21 01:06:47,948 [INFO] FileExtend:255 - Standard Zip Deflate
2023-04-21 01:06:48,085 [INFO] LoadUrlFilesThread:156 - End of LoadUrlFiles Thread
2023-04-21 01:06:48,090 [WARN] DbFile:41 - Overriding database path with different value: C:\Users\ALTAWKEL\.stmcufinder\plugins\mcufinder/ => C:\Users\ALTAWKEL\.stmcufinder\plugins\mcufinder
2023-04-21 01:06:48,493 [INFO] ServerAccessManage:473 - Download File api_config.json
2023-04-21 01:06:48,600 [INFO] LoadUrlFilesThread:156 - End of LoadUrlFiles Thread
2023-04-21 01:06:48,600 [INFO] DbMcusAds:53 - JSON generation date=Tue Mar 07 10:50:55 EET 2023 (1678179055335)
2023-04-21 01:06:48,630 [INFO] LoadUrlFilesThread:185 - End of LoadServerUrlFiles without Thread
2023-04-21 01:06:48,630 [INFO] TargetSelectorAdapter:259 - Refresh data is successful
2023-04-21 01:06:48,815 [INFO] ApiDb:581 - Connected to CubeFinder SQLite database (C:\Users\ALTAWKEL\.stmcufinder\plugins\mcufinder\mcu\cube-finder-db.db)
2023-04-21 01:06:48,909 [INFO] ApiDb:668 - CubeFinder database Data Model version=2.1
2023-04-21 01:06:48,909 [INFO] ApiDb:669 - CubeFinder database Configuration version=3.0.35
2023-04-21 01:06:48,909 [INFO] ApiDb:670 - CubeFinder database generation date=2023-03-10 (1678456172)
2023-04-21 01:06:48,909 [INFO] ApiDb:671 - CubeFinder database FW Pack versions=[FP-ATR-ASTRA1_V1.1.1, STM32Cube_FW_C0_V1.0.1, STM32Cube_FW_F0_V1.11.4, STM32Cube_FW_F3_V1.11.4, STM32Cube_FW_F4_V1.27.1, STM32Cube_FW_F7_V1.17.0, STM32Cube_FW_G0_V1.6.1, STM32Cube_FW_G4_V1.5.1, STM32Cube_FW_H5_V0.5.1, STM32Cube_FW_H5_V1.0.0, STM32Cube_FW_H7_V1.11.0, STM32Cube_FW_L0_V1.12.2, STM32Cube_FW_L5_V1.5.0, STM32Cube_FW_U5_V1.2.0, STM32Cube_FW_WBA_V1.0.0, STM32Cube_FW_WBA_V1.0.0RC1, STM32Cube_FW_WBA_V1.0.0RC3, STM32Cube_FW_WB_V1.15.0RC1, STM32Cube_FW_WB_V1.16.0, STM32Cube_FW_WB_V1.16.0RC2, STM32Cube_FW_WL_V1.3.0, X-CUBE-ALGOBUILD_V1.3.0, X-CUBE-ALS_V1.0.1, X-CUBE-AZRTOS-F4_V1.1.0, X-CUBE-AZRTOS-F7_V1.1.0, X-CUBE-AZRTOS-G0_V1.1.0, X-CUBE-AZRTOS-G4_V1.0.0, X-CUBE-AZRTOS-H7_V3.0.0, X-CUBE-AZRTOS-L4_V1.0.0, X-CUBE-AZRTOS-L5_V1.1.0, X-CUBE-AZRTOS-WB_V1.1.0, X-CUBE-AZRTOS-WL_V1.0.0, X-CUBE-BLE1_V6.2.4, X-CUBE-BLE2_V3.3.0, X-CUBE-BLEMGR_V1.3.0, X-CUBE-EEPRMA1_V4.1.0, X-CUBE-GNSS1_V6.0.0, X-CUBE-MEMS1_V9.1.0, X-CUBE-MEMS1_V9.4.0, X-CUBE-MEMS1_V9.5.0, X-CUBE-NFC4_V3.0.0, X-CUBE-NFC7_V1.0.0, X-CUBE-SFXS2LP1_V4.0.0, X-CUBE-SUBG2_V5.0.0]
2023-04-21 01:06:49,539 [WARN] PackLoader:240 - Cannot read IP mode file for STMicroelectronics.X-CUBE-GNSS1.6.0.0
2023-04-21 01:06:49,603 [WARN] PackLoader:240 - Cannot read IP mode file for STMicroelectronics.X-CUBE-AZRTOS-F4.1.1.0
2023-04-21 01:06:49,628 [WARN] PackLoader:240 - Cannot read IP mode file for STMicroelectronics.X-CUBE-SMBUS.2.1.0
2023-04-21 01:06:49,654 [WARN] PackLoader:240 - Cannot read IP mode file for wolfSSL.I-CUBE-wolfSSL.5.6.0
2023-04-21 01:06:49,765 [WARN] PackLoader:240 - Cannot read IP mode file for STMicroelectronics.X-CUBE-AZRTOS-F7.1.1.0
2023-04-21 01:06:49,798 [WARN] PackLoader:240 - Cannot read IP mode file for STMicroelectronics.X-CUBE-BLE1.6.2.4
2023-04-21 01:06:49,835 [WARN] PackLoader:240 - Cannot read IP mode file for emotas.I-CUBE-CANOPEN.1.1.3
2023-04-21 01:06:49,855 [WARN] PackLoader:240 - Cannot read IP mode file for STMicroelectronics.X-CUBE-BLEMGR.2.0.0
2023-04-21 01:06:49,909 [WARN] ConditionMgr:438 - getConditionDescription Invalid condition id : UX DEVICE CLASS RTOS Condition cause : null
2023-04-21 01:06:49,909 [WARN] ConditionMgr:438 - getConditionDescription Invalid condition id : UX DEVICE CLASS RTOS Condition cause : null
2023-04-21 01:06:49,919 [WARN] PackLoader:240 - Cannot read IP mode file for STMicroelectronics.X-CUBE-AZRTOS-H7.3.1.0
2023-04-21 01:06:49,919 [WARN] ConditionMgr:1039 - genDependencies : Invalid condition id : UX DEVICE CLASS RTOS Condition cause : null
2023-04-21 01:06:49,919 [WARN] ConditionMgr:1039 - genDependencies : Invalid condition id : UX DEVICE CLASS RTOS Condition cause : null
2023-04-21 01:06:49,919 [WARN] ConditionMgr:1039 - genDependencies : Invalid condition id : UX DEVICE CLASS RTOS Condition cause : null
2023-04-21 01:06:49,919 [WARN] ConditionMgr:1039 - genDependencies : Invalid condition id : UX DEVICE CLASS RTOS Condition cause : null
2023-04-21 01:06:49,919 [WARN] ConditionMgr:1039 - genDependencies : Invalid condition id : UX DEVICE CLASS RTOS Condition cause : null
2023-04-21 01:06:49,940 [WARN] PackLoader:240 - Cannot read IP mode file for STMicroelectronics.X-CUBE-DISPLAY.3.0.0
2023-04-21 01:06:49,970 [WARN] PackLoader:240 - Cannot read IP mode file for STMicroelectronics.X-CUBE-NFC7.1.0.0
2023-04-21 01:06:49,985 [WARN] PackLoader:240 - Cannot read IP mode file for STMicroelectronics.X-CUBE-EEPRMA1.4.1.0
2023-04-21 01:06:50,013 [WARN] PackLoader:240 - Cannot read IP mode file for WES.I-CUBE-Cesium.1.3.0
2023-04-21 01:06:50,028 [WARN] PackLoader:240 - Cannot read IP mode file for STMicroelectronics.X-CUBE-SFXS2LP1.4.0.0
2023-04-21 01:06:50,045 [WARN] PackLoader:240 - Cannot read IP mode file for STMicroelectronics.X-CUBE-BLE2.3.3.0
2023-04-21 01:06:50,100 [WARN] PackLoader:240 - Cannot read IP mode file for STMicroelectronics.X-CUBE-AZRTOS-H7.3.0.0
2023-04-21 01:06:50,125 [WARN] PackLoader:240 - Cannot read IP mode file for STMicroelectronics.X-CUBE-ISPU.1.1.0
2023-04-21 01:06:50,141 [WARN] PackLoader:240 - Cannot read IP mode file for RoweBots.I-CUBE-UNISONRTOS.5.5.0-4
2023-04-21 01:06:50,161 [WARN] PackLoader:240 - Cannot read IP mode file for STMicroelectronics.X-CUBE-AI.8.0.0
2023-04-21 01:06:50,180 [WARN] PackLoader:240 - Cannot read IP mode file for STMicroelectronics.X-CUBE-FREERTOS.1.0.0
2023-04-21 01:06:50,195 [WARN] PackLoader:240 - Cannot read IP mode file for STMicroelectronics.X-CUBE-FREERTOS.1.0.1
2023-04-21 01:06:50,210 [WARN] PackLoader:240 - Cannot read IP mode file for STMicroelectronics.X-CUBE-TOUCHGFX.4.21.3
2023-04-21 01:06:50,230 [WARN] PackLoader:240 - Cannot read IP mode file for STMicroelectronics.X-CUBE-ALGOBUILD.1.3.0
2023-04-21 01:06:50,265 [WARN] PackLoader:240 - Cannot read IP mode file for STMicroelectronics.X-CUBE-AZRTOS-L5.1.1.0
2023-04-21 01:06:50,313 [WARN] PackLoader:240 - Cannot read IP mode file for STMicroelectronics.X-CUBE-AZRTOS-G0.1.1.0
2023-04-21 01:06:50,335 [WARN] PackLoader:240 - Cannot read IP mode file for STMicroelectronics.X-CUBE-SUBG2.5.0.0
2023-04-21 01:06:50,359 [WARN] PackLoader:240 - Cannot read IP mode file for STMicroelectronics.X-CUBE-NFC4.3.0.0
2023-04-21 01:06:50,389 [WARN] PackLoader:240 - Cannot read IP mode file for STMicroelectronics.X-CUBE-TOF1.3.3.0
2023-04-21 01:06:50,414 [WARN] PackLoader:240 - Cannot read IP mode file for STMicroelectronics.FP-ATR-ASTRA1.1.1.1
2023-04-21 01:06:50,460 [WARN] PackLoader:240 - Cannot read IP mode file for STMicroelectronics.X-CUBE-AZRTOS-G4.1.0.0
2023-04-21 01:06:50,510 [WARN] PackLoader:240 - Cannot read IP mode file for STMicroelectronics.FP-ATR-SIGFOX1.3.2.0
2023-04-21 01:06:50,615 [WARN] PackLoader:240 - Cannot read IP mode file for STMicroelectronics.X-CUBE-AZRTOS-L4.1.0.0
2023-04-21 01:06:50,675 [WARN] PackLoader:240 - Cannot read IP mode file for STMicroelectronics.X-CUBE-AZRTOS-WL.1.0.0
2023-04-21 01:06:50,700 [WARN] PackLoader:240 - Cannot read IP mode file for portGmbH.I-Cube-SoM-uGOAL.1.1.0
2023-04-21 01:06:50,720 [WARN] PackLoader:240 - Cannot read IP mode file for STMicroelectronics.X-CUBE-ALS.1.0.1
2023-04-21 01:06:50,780 [WARN] PackLoader:240 - Cannot read IP mode file for STMicroelectronics.X-CUBE-MEMS1.9.5.0
2023-04-21 01:06:50,970 [WARN] PackLoader:240 - Cannot read IP mode file for STMicroelectronics.X-CUBE-AZRTOS-WB.1.1.0
2023-04-21 01:06:51,060 [WARN] PackLoader:240 - Cannot read IP mode file for SEGGER.I-CUBE-embOS.1.3.1
2023-04-21 01:06:51,150 [WARN] PackLoader:240 - Cannot read IP mode file for STMicroelectronics.FP-ATR-ASTRA1.2.0.0
2023-04-21 01:06:51,150 [INFO] ThirdParty:978 - Integrity check success = true
2023-04-21 01:06:51,156 [INFO] IntegrityCheckThread:100 - exiting critical section [integrity check]
2023-04-21 01:06:51,156 [INFO] IntegrityCheckThread:103 - End integrity checks thread
2023-04-21 01:06:51,753 [INFO] ApiDb:240 - Found 297 in-development CPN: [B-G473E-ZEST1S, B-WB1M-WPAN1, B-WL5M-SUBG1, NUCLEO-C031C6, NUCLEO-H503RB, NUCLEO-H563ZI, NUCLEO-U545RE-Q, NUCLEO-U5A5ZJ-Q, NUCLEO-WBA52CG, STEVAL-PROTEUS1, STEVAL-STWINBX1, STM320518-EVAL, STM32C0116-DK, STM32C011D6Y3TR, STM32C011D6Y6TR, STM32C011F4P3, STM32C011F4P6, STM32C011F4U3, STM32C011F4U6TR, STM32C011F6P3, STM32C011F6P6, STM32C011F6U3, STM32C011F6U6TR, STM32C011J4M3, STM32C011J4M6, STM32C011J6M3, STM32C011J6M6, STM32C0316-DK, STM32C031C4T3, STM32C031C4T6, STM32C031C4U3, STM32C031C4U6, STM32C031C6T3, STM32C031C6T6, STM32C031C6U3, STM32C031C6U6, STM32C031F4P3, STM32C031F4P6, STM32C031F6P3, STM32C031F6P6, STM32C031G4U3, STM32C031G4U6, STM32C031G6U3, STM32C031G6U6, STM32C031K4T3, STM32C031K4T6, STM32C031K4U3, STM32C031K4U6, STM32C031K6T3, STM32C031K6T6, STM32C031K6U3, STM32C031K6U6, STM32G071K8TXN, STM32G071K8UXN, STM32G081GBU6N, STM32G081KBT6N, STM32G081KBUXN, STM32G0B1CCT6N, STM32G0B1KCT6, STM32G0B1NEY6TR, STM32G0B1RCT6N, STM32G0C1CCT6, STM32G0C1CCT6N, STM32G0C1CCU6N, STM32G0C1CET6N, STM32G0C1CEU6N, STM32G0C1KCT6, STM32G0C1NEY6TR, STM32G0C1RCI6N, STM32G0C1RCT6N, STM32G0C1REI6N, STM32G0C1RET6N, STM32G0C1VCI6, STM32G0C1VEI6, STM32G471CCT6, STM32G471CCU6, STM32G471CET3, STM32G471CET6, STM32G471CEU3, STM32G471CEU6, STM32G471MCT6, STM32G471MET3, STM32G471MET6, STM32G471MEY6TR, STM32G471QCT6, STM32G471QET3, STM32G471RCT6, STM32G471RET3, STM32G471RET6, STM32G471VCH6, STM32G471VCI6, STM32G471VCT6, STM32G471VEH3, STM32G471VEH6, STM32G471VEI3, STM32G471VEI6, STM32G471VET3, STM32G471VET6, STM32G474CCT6, STM32H503CBT6, STM32H503CBU6, STM32H503EBY6TR, STM32H503KBU6, STM32H503RBT6, STM32H562AGI6, STM32H562AII6, STM32H562IGK6, STM32H562IGT6, STM32H562IIK6, STM32H562IIT6, STM32H562RGT6, STM32H562RGV6, STM32H562RIT6, STM32H562RIV6, STM32H562VGT6, STM32H562VIT6, STM32H562ZGT6, STM32H562ZIT6, STM32H563AGI6, STM32H563AII3Q, STM32H563AII6, STM32H563IGK6, STM32H563IGT6, STM32H563IIK3Q, STM32H563IIK6, STM32H563IIT3Q, STM32H563IIT6, STM32H563MIY3QTR, STM32H563RGT6, STM32H563RGV6, STM32H563RIT6, STM32H563RIV6, STM32H563VGT6, STM32H563VIT3Q, STM32H563VIT6, STM32H563ZGT6, STM32H563ZIT3Q, STM32H563ZIT6, STM32H573AII3Q, STM32H573AII6, STM32H573I-DK, STM32H573IIK3Q, STM32H573IIK6, STM32H573IIT3Q, STM32H573IIT6, STM32H573MIY3QTR, STM32H573RIT6, STM32H573RIV6, STM32H573VIT3Q, STM32H573VIT6, STM32H573ZIT3Q, STM32H573ZIT6, STM32L4R5QGI6STR, STM32MP131AAE3, STM32MP131AAF3, STM32MP131AAG3, STM32MP131CAE3, STM32MP131CAF3, STM32MP131CAG3, STM32MP131DAE7, STM32MP131DAF7, STM32MP131DAG7, STM32MP131FAE7, STM32MP131FAF7, STM32MP131FAG7, STM32MP133AAE3, STM32MP133AAF3, STM32MP133AAG3, STM32MP133CAE3, STM32MP133CAF3, STM32MP133CAG3, STM32MP133DAE7, STM32MP133DAF7, STM32MP133DAG7, STM32MP133FAE7, STM32MP133FAF7, STM32MP133FAG7, STM32MP135AAE3, STM32MP135AAF3, STM32MP135AAG3, STM32MP135CAE3, STM32MP135CAF3, STM32MP135CAG3, STM32MP135DAE7, STM32MP135DAF7, STM32MP135DAG7, STM32MP135F-DK, STM32MP135FAE7, STM32MP135FAF7, STM32MP135FAF7T, STM32MP135FAF7U, STM32MP135FAG7, STM32U535CBT6, STM32U535CBT6Q, STM32U535CBU6, STM32U535CBU6Q, STM32U535CCT6, STM32U535CCT6Q, STM32U535CCU6, STM32U535CCU6Q, STM32U535CET6, STM32U535CET6Q, STM32U535CEU6, STM32U535CEU6Q, STM32U535JEY6QTR, STM32U535NCY6QTR, STM32U535NEY6QTR, STM32U535RBI6, STM32U535RBI6Q, STM32U535RBT6, STM32U535RBT6Q, STM32U535RCI6, STM32U535RCI6Q, STM32U535RCT6, STM32U535RCT6Q, STM32U535REI6, STM32U535REI6Q, STM32U535RET6, STM32U535RET6Q, STM32U535VCI6, STM32U535VCI6Q, STM32U535VCT6, STM32U535VCT6Q, STM32U535VEI6, STM32U535VEI6Q, STM32U535VET6, STM32U535VET6Q, STM32U545CET6, STM32U545CET6Q, STM32U545CEU6, STM32U545CEU6Q, STM32U545JEY6QTR, STM32U545NEY6QTR, STM32U545REI6, STM32U545REI6Q, STM32U545RET6, STM32U545RET6Q, STM32U545VEI6, STM32U545VEI6Q, STM32U545VET6, STM32U545VET6Q, STM32U595AIH6, STM32U595AIH6Q, STM32U595AJH6, STM32U595AJH6Q, STM32U595QII6, STM32U595QII6Q, STM32U595QJI6, STM32U595QJI6Q, STM32U595RIT6, STM32U595RIT6Q, STM32U595RJT6, STM32U595RJT6Q, STM32U595VIT6, STM32U595VIT6Q, STM32U595VJT6, STM32U595VJT6Q, STM32U595ZIT6, STM32U595ZIT6Q, STM32U595ZIY6QTR, STM32U595ZJT6, STM32U595ZJT6Q, STM32U595ZJY6QTR, STM32U599BJY6QTR, STM32U599NIH6Q, STM32U599NJH6Q, STM32U599VIT6Q, STM32U599VJT6, STM32U599VJT6Q, STM32U599ZIT6Q, STM32U599ZIY6QTR, STM32U599ZJT6Q, STM32U599ZJY6QTR, STM32U5A5AJH6, STM32U5A5AJH6Q, STM32U5A5QJI6, STM32U5A5QJI6Q, STM32U5A5RJT6, STM32U5A5RJT6Q, STM32U5A5VJT6, STM32U5A5VJT6Q, STM32U5A5ZJT6, STM32U5A5ZJT6Q, STM32U5A5ZJY6QTR, STM32U5A9BJY6QTR, STM32U5A9J-DK, STM32U5A9NJH6Q, STM32U5A9VJT6Q, STM32U5A9ZJT6Q, STM32U5A9ZJY6QTR, STM32WB1MMCH6, STM32WBA52CEU6, STM32WBA52CEU6T, STM32WBA52CGU6, STM32WBA52CGU6T, STM32WL5MOCH6, STM32WL5MOCH6TR]
2023-04-21 01:06:51,758 [INFO] DbMcus:216 - Found 3775 MCUs, 3775 are supported
2023-04-21 01:06:51,763 [INFO] ApiDb:423 - Load user favorites file C:\Users\ALTAWKEL/.stm32cubeide/favorites.mcus.txt: 0 item(s)
2023-04-21 01:06:51,763 [INFO] ApiDb:427 - User favorites MCUs=[]
2023-04-21 01:06:51,763 [INFO] DbMcus:222 - Set 0 / 0 favorites MCUs
2023-04-21 01:06:52,377 [INFO] ApiDb:668 - CubeFinder database Data Model version=2.1
2023-04-21 01:06:52,377 [INFO] ApiDb:669 - CubeFinder database Configuration version=3.0.35
2023-04-21 01:06:52,377 [INFO] ApiDb:670 - CubeFinder database generation date=2023-03-10 (1678456172)
2023-04-21 01:06:52,379 [INFO] ApiDb:671 - CubeFinder database FW Pack versions=[FP-ATR-ASTRA1_V1.1.1, STM32Cube_FW_C0_V1.0.1, STM32Cube_FW_F0_V1.11.4, STM32Cube_FW_F3_V1.11.4, STM32Cube_FW_F4_V1.27.1, STM32Cube_FW_F7_V1.17.0, STM32Cube_FW_G0_V1.6.1, STM32Cube_FW_G4_V1.5.1, STM32Cube_FW_H5_V0.5.1, STM32Cube_FW_H5_V1.0.0, STM32Cube_FW_H7_V1.11.0, STM32Cube_FW_L0_V1.12.2, STM32Cube_FW_L5_V1.5.0, STM32Cube_FW_U5_V1.2.0, STM32Cube_FW_WBA_V1.0.0, STM32Cube_FW_WBA_V1.0.0RC1, STM32Cube_FW_WBA_V1.0.0RC3, STM32Cube_FW_WB_V1.15.0RC1, STM32Cube_FW_WB_V1.16.0, STM32Cube_FW_WB_V1.16.0RC2, STM32Cube_FW_WL_V1.3.0, X-CUBE-ALGOBUILD_V1.3.0, X-CUBE-ALS_V1.0.1, X-CUBE-AZRTOS-F4_V1.1.0, X-CUBE-AZRTOS-F7_V1.1.0, X-CUBE-AZRTOS-G0_V1.1.0, X-CUBE-AZRTOS-G4_V1.0.0, X-CUBE-AZRTOS-H7_V3.0.0, X-CUBE-AZRTOS-L4_V1.0.0, X-CUBE-AZRTOS-L5_V1.1.0, X-CUBE-AZRTOS-WB_V1.1.0, X-CUBE-AZRTOS-WL_V1.0.0, X-CUBE-BLE1_V6.2.4, X-CUBE-BLE2_V3.3.0, X-CUBE-BLEMGR_V1.3.0, X-CUBE-EEPRMA1_V4.1.0, X-CUBE-GNSS1_V6.0.0, X-CUBE-MEMS1_V9.1.0, X-CUBE-MEMS1_V9.4.0, X-CUBE-MEMS1_V9.5.0, X-CUBE-NFC4_V3.0.0, X-CUBE-NFC7_V1.0.0, X-CUBE-SFXS2LP1_V4.0.0, X-CUBE-SUBG2_V5.0.0]
2023-04-21 01:06:52,455 [INFO] DbBoardsSqlite:226 - include board P-NUCLEO-WB55-NUCLEO as a kit item of type 'Nucleo-64'
2023-04-21 01:06:52,455 [INFO] DbBoardsSqlite:226 - include board P-NUCLEO-WB55-USBDONGLE as a kit item of type 'Nucleo USB Dongle'
2023-04-21 01:06:52,455 [INFO] DbBoardsSqlite:226 - include board STEVAL-IDP005V1 as a kit item of type 'Evaluation Board'
2023-04-21 01:06:52,455 [INFO] DbBoardsSqlite:226 - include board STEVAL-IDP005V2 as a kit item of type 'Evaluation Board'
2023-04-21 01:06:52,530 [INFO] ApiDb:240 - Found 297 in-development CPN: [B-G473E-ZEST1S, B-WB1M-WPAN1, B-WL5M-SUBG1, NUCLEO-C031C6, NUCLEO-H503RB, NUCLEO-H563ZI, NUCLEO-U545RE-Q, NUCLEO-U5A5ZJ-Q, NUCLEO-WBA52CG, STEVAL-PROTEUS1, STEVAL-STWINBX1, STM320518-EVAL, STM32C0116-DK, STM32C011D6Y3TR, STM32C011D6Y6TR, STM32C011F4P3, STM32C011F4P6, STM32C011F4U3, STM32C011F4U6TR, STM32C011F6P3, STM32C011F6P6, STM32C011F6U3, STM32C011F6U6TR, STM32C011J4M3, STM32C011J4M6, STM32C011J6M3, STM32C011J6M6, STM32C0316-DK, STM32C031C4T3, STM32C031C4T6, STM32C031C4U3, STM32C031C4U6, STM32C031C6T3, STM32C031C6T6, STM32C031C6U3, STM32C031C6U6, STM32C031F4P3, STM32C031F4P6, STM32C031F6P3, STM32C031F6P6, STM32C031G4U3, STM32C031G4U6, STM32C031G6U3, STM32C031G6U6, STM32C031K4T3, STM32C031K4T6, STM32C031K4U3, STM32C031K4U6, STM32C031K6T3, STM32C031K6T6, STM32C031K6U3, STM32C031K6U6, STM32G071K8TXN, STM32G071K8UXN, STM32G081GBU6N, STM32G081KBT6N, STM32G081KBUXN, STM32G0B1CCT6N, STM32G0B1KCT6, STM32G0B1NEY6TR, STM32G0B1RCT6N, STM32G0C1CCT6, STM32G0C1CCT6N, STM32G0C1CCU6N, STM32G0C1CET6N, STM32G0C1CEU6N, STM32G0C1KCT6, STM32G0C1NEY6TR, STM32G0C1RCI6N, STM32G0C1RCT6N, STM32G0C1REI6N, STM32G0C1RET6N, STM32G0C1VCI6, STM32G0C1VEI6, STM32G471CCT6, STM32G471CCU6, STM32G471CET3, STM32G471CET6, STM32G471CEU3, STM32G471CEU6, STM32G471MCT6, STM32G471MET3, STM32G471MET6, STM32G471MEY6TR, STM32G471QCT6, STM32G471QET3, STM32G471RCT6, STM32G471RET3, STM32G471RET6, STM32G471VCH6, STM32G471VCI6, STM32G471VCT6, STM32G471VEH3, STM32G471VEH6, STM32G471VEI3, STM32G471VEI6, STM32G471VET3, STM32G471VET6, STM32G474CCT6, STM32H503CBT6, STM32H503CBU6, STM32H503EBY6TR, STM32H503KBU6, STM32H503RBT6, STM32H562AGI6, STM32H562AII6, STM32H562IGK6, STM32H562IGT6, STM32H562IIK6, STM32H562IIT6, STM32H562RGT6, STM32H562RGV6, STM32H562RIT6, STM32H562RIV6, STM32H562VGT6, STM32H562VIT6, STM32H562ZGT6, STM32H562ZIT6, STM32H563AGI6, STM32H563AII3Q, STM32H563AII6, STM32H563IGK6, STM32H563IGT6, STM32H563IIK3Q, STM32H563IIK6, STM32H563IIT3Q, STM32H563IIT6, STM32H563MIY3QTR, STM32H563RGT6, STM32H563RGV6, STM32H563RIT6, STM32H563RIV6, STM32H563VGT6, STM32H563VIT3Q, STM32H563VIT6, STM32H563ZGT6, STM32H563ZIT3Q, STM32H563ZIT6, STM32H573AII3Q, STM32H573AII6, STM32H573I-DK, STM32H573IIK3Q, STM32H573IIK6, STM32H573IIT3Q, STM32H573IIT6, STM32H573MIY3QTR, STM32H573RIT6, STM32H573RIV6, STM32H573VIT3Q, STM32H573VIT6, STM32H573ZIT3Q, STM32H573ZIT6, STM32L4R5QGI6STR, STM32MP131AAE3, STM32MP131AAF3, STM32MP131AAG3, STM32MP131CAE3, STM32MP131CAF3, STM32MP131CAG3, STM32MP131DAE7, STM32MP131DAF7, STM32MP131DAG7, STM32MP131FAE7, STM32MP131FAF7, STM32MP131FAG7, STM32MP133AAE3, STM32MP133AAF3, STM32MP133AAG3, STM32MP133CAE3, STM32MP133CAF3, STM32MP133CAG3, STM32MP133DAE7, STM32MP133DAF7, STM32MP133DAG7, STM32MP133FAE7, STM32MP133FAF7, STM32MP133FAG7, STM32MP135AAE3, STM32MP135AAF3, STM32MP135AAG3, STM32MP135CAE3, STM32MP135CAF3, STM32MP135CAG3, STM32MP135DAE7, STM32MP135DAF7, STM32MP135DAG7, STM32MP135F-DK, STM32MP135FAE7, STM32MP135FAF7, STM32MP135FAF7T, STM32MP135FAF7U, STM32MP135FAG7, STM32U535CBT6, STM32U535CBT6Q, STM32U535CBU6, STM32U535CBU6Q, STM32U535CCT6, STM32U535CCT6Q, STM32U535CCU6, STM32U535CCU6Q, STM32U535CET6, STM32U535CET6Q, STM32U535CEU6, STM32U535CEU6Q, STM32U535JEY6QTR, STM32U535NCY6QTR, STM32U535NEY6QTR, STM32U535RBI6, STM32U535RBI6Q, STM32U535RBT6, STM32U535RBT6Q, STM32U535RCI6, STM32U535RCI6Q, STM32U535RCT6, STM32U535RCT6Q, STM32U535REI6, STM32U535REI6Q, STM32U535RET6, STM32U535RET6Q, STM32U535VCI6, STM32U535VCI6Q, STM32U535VCT6, STM32U535VCT6Q, STM32U535VEI6, STM32U535VEI6Q, STM32U535VET6, STM32U535VET6Q, STM32U545CET6, STM32U545CET6Q, STM32U545CEU6, STM32U545CEU6Q, STM32U545JEY6QTR, STM32U545NEY6QTR, STM32U545REI6, STM32U545REI6Q, STM32U545RET6, STM32U545RET6Q, STM32U545VEI6, STM32U545VEI6Q, STM32U545VET6, STM32U545VET6Q, STM32U595AIH6, STM32U595AIH6Q, STM32U595AJH6, STM32U595AJH6Q, STM32U595QII6, STM32U595QII6Q, STM32U595QJI6, STM32U595QJI6Q, STM32U595RIT6, STM32U595RIT6Q, STM32U595RJT6, STM32U595RJT6Q, STM32U595VIT6, STM32U595VIT6Q, STM32U595VJT6, STM32U595VJT6Q, STM32U595ZIT6, STM32U595ZIT6Q, STM32U595ZIY6QTR, STM32U595ZJT6, STM32U595ZJT6Q, STM32U595ZJY6QTR, STM32U599BJY6QTR, STM32U599NIH6Q, STM32U599NJH6Q, STM32U599VIT6Q, STM32U599VJT6, STM32U599VJT6Q, STM32U599ZIT6Q, STM32U599ZIY6QTR, STM32U599ZJT6Q, STM32U599ZJY6QTR, STM32U5A5AJH6, STM32U5A5AJH6Q, STM32U5A5QJI6, STM32U5A5QJI6Q, STM32U5A5RJT6, STM32U5A5RJT6Q, STM32U5A5VJT6, STM32U5A5VJT6Q, STM32U5A5ZJT6, STM32U5A5ZJT6Q, STM32U5A5ZJY6QTR, STM32U5A9BJY6QTR, STM32U5A9J-DK, STM32U5A9NJH6Q, STM32U5A9VJT6Q, STM32U5A9ZJT6Q, STM32U5A9ZJY6QTR, STM32WB1MMCH6, STM32WBA52CEU6, STM32WBA52CEU6T, STM32WBA52CGU6, STM32WBA52CGU6T, STM32WL5MOCH6, STM32WL5MOCH6TR]
2023-04-21 01:06:52,683 [INFO] BoardInfo:880 - No configuration file found for board P-NUCLEO-WB55
2023-04-21 01:06:52,688 [INFO] DbBoards:157 - Kit is not supported: P-NUCLEO-WB55
2023-04-21 01:06:52,693 [INFO] BoardInfo:880 - No configuration file found for board STEVAL-BFA001V1B
2023-04-21 01:06:52,693 [INFO] DbBoards:157 - Kit is not supported: STEVAL-BFA001V1B
2023-04-21 01:06:52,693 [INFO] BoardInfo:880 - No configuration file found for board STEVAL-BFA001V2B
2023-04-21 01:06:52,693 [INFO] DbBoards:157 - Kit is not supported: STEVAL-BFA001V2B
2023-04-21 01:06:52,830 [INFO] DbBoards:161 - Found 187 boards, 184 are supported
2023-04-21 01:06:52,835 [INFO] ApiDb:423 - Load user favorites file C:\Users\ALTAWKEL/.stm32cubeide/favorites.boards.txt: 1 item(s)
2023-04-21 01:06:52,835 [INFO] ApiDb:427 - User favorites Boards=[NUCLEO-F446RE]
2023-04-21 01:06:52,835 [INFO] DbBoards:190 - Set 1 / 1 favorites Boards
2023-04-21 01:06:52,840 [INFO] ApiDb:668 - CubeFinder database Data Model version=2.1
2023-04-21 01:06:52,840 [INFO] ApiDb:669 - CubeFinder database Configuration version=3.0.35
2023-04-21 01:06:52,840 [INFO] ApiDb:670 - CubeFinder database generation date=2023-03-10 (1678456172)
2023-04-21 01:06:52,840 [INFO] ApiDb:671 - CubeFinder database FW Pack versions=[FP-ATR-ASTRA1_V1.1.1, STM32Cube_FW_C0_V1.0.1, STM32Cube_FW_F0_V1.11.4, STM32Cube_FW_F3_V1.11.4, STM32Cube_FW_F4_V1.27.1, STM32Cube_FW_F7_V1.17.0, STM32Cube_FW_G0_V1.6.1, STM32Cube_FW_G4_V1.5.1, STM32Cube_FW_H5_V0.5.1, STM32Cube_FW_H5_V1.0.0, STM32Cube_FW_H7_V1.11.0, STM32Cube_FW_L0_V1.12.2, STM32Cube_FW_L5_V1.5.0, STM32Cube_FW_U5_V1.2.0, STM32Cube_FW_WBA_V1.0.0, STM32Cube_FW_WBA_V1.0.0RC1, STM32Cube_FW_WBA_V1.0.0RC3, STM32Cube_FW_WB_V1.15.0RC1, STM32Cube_FW_WB_V1.16.0, STM32Cube_FW_WB_V1.16.0RC2, STM32Cube_FW_WL_V1.3.0, X-CUBE-ALGOBUILD_V1.3.0, X-CUBE-ALS_V1.0.1, X-CUBE-AZRTOS-F4_V1.1.0, X-CUBE-AZRTOS-F7_V1.1.0, X-CUBE-AZRTOS-G0_V1.1.0, X-CUBE-AZRTOS-G4_V1.0.0, X-CUBE-AZRTOS-H7_V3.0.0, X-CUBE-AZRTOS-L4_V1.0.0, X-CUBE-AZRTOS-L5_V1.1.0, X-CUBE-AZRTOS-WB_V1.1.0, X-CUBE-AZRTOS-WL_V1.0.0, X-CUBE-BLE1_V6.2.4, X-CUBE-BLE2_V3.3.0, X-CUBE-BLEMGR_V1.3.0, X-CUBE-EEPRMA1_V4.1.0, X-CUBE-GNSS1_V6.0.0, X-CUBE-MEMS1_V9.1.0, X-CUBE-MEMS1_V9.4.0, X-CUBE-MEMS1_V9.5.0, X-CUBE-NFC4_V3.0.0, X-CUBE-NFC7_V1.0.0, X-CUBE-SFXS2LP1_V4.0.0, X-CUBE-SUBG2_V5.0.0]
2023-04-21 01:06:53,813 [INFO] DbExamplesSqlite:376 - Ignored 46 examples not supported by CubeIDE
2023-04-21 01:06:53,813 [INFO] DbExamplesSqlite:377 - Found 7328 examples active
2023-04-21 01:06:53,818 [INFO] DbExamplesSqlite:378 - Found 1095 examples obsolete
2023-04-21 01:06:53,818 [INFO] DbExamplesSqlite:379 - Found 0 examples under development
2023-04-21 01:06:53,818 [INFO] DbExamplesSqlite:380 - Found 77 examples not building
2023-04-21 01:06:53,818 [INFO] DbExamples:125 - Found 7359 examples
2023-04-21 01:06:53,828 [INFO] DbExamples:222 - Found 92 boards with related examples
2023-04-21 01:06:53,828 [INFO] DbExamples:235 - Found 78 MCUs with related examples
2023-04-21 01:06:53,848 [INFO] ApiDb:414 - User favorites file not found: C:\Users\ALTAWKEL/.stm32cubeide/favorites.examples.txt
2023-04-21 01:06:53,848 [INFO] DbExamples:250 - Set 0 / 0 favorites Examples
2023-04-21 01:06:54,129 [INFO] McuFinderGlobals:66 - Set McuFinderConnectedMode to true
2023-04-21 01:06:54,139 [INFO] MultiScanPanel:200 - Auto-refresh data requested => check proxy status ongoing
2023-04-21 01:06:54,139 [INFO] FinderPluginLoader:95 - Searching for filters in installed packs
2023-04-21 01:06:55,933 [INFO] LoadUrlFilesThread:185 - End of LoadServerUrlFiles without Thread
2023-04-21 01:06:55,943 [INFO] DetailPanel:341 - Set advertising image to C:/Users/ALTAWKEL/STM32Cube/Repository/\en.prom-stm32h5-mcu-finder.jpg
2023-04-21 01:07:24,526 [INFO] MultiScanPanel:200 - Auto-refresh data requested => check proxy status ongoing
2023-04-21 01:07:24,676 [INFO] LoadUrlFilesThread:185 - End of LoadServerUrlFiles without Thread
2023-04-21 01:07:24,676 [INFO] DetailPanel:341 - Set advertising image to C:/Users/ALTAWKEL/STM32Cube/Repository/\en.prom-stm32h5-mcu-finder.jpg
2023-04-21 01:09:41,193 [INFO] McuFinderGlobals:66 - Set McuFinderConnectedMode to true
2023-04-21 01:09:41,198 [INFO] ApiDb:448 - Save user favorites file C:\Users\ALTAWKEL/.stm32cubeide/favorites.mcus.txt: 0 item(s)
2023-04-21 01:09:41,198 [INFO] ApiDb:452 - User favorites MCUs=[]
2023-04-21 01:09:41,198 [INFO] ApiDb:448 - Save user favorites file C:\Users\ALTAWKEL/.stm32cubeide/favorites.boards.txt: 1 item(s)
2023-04-21 01:09:41,203 [INFO] ApiDb:452 - User favorites Boards=[NUCLEO-F446RE]
2023-04-21 01:49:51,718 [ERROR] LogOutputStream:75 - [STDERR_REDIRECT] Warning: NLS missing message: ExternalToolsPreferencePage_External_tool_project_builders_migration_2 in: org.eclipse.ui.externaltools.internal.ui.ExternalToolsUIMessages
2023-04-21 01:49:51,723 [ERROR] LogOutputStream:75 - [STDERR_REDIRECT] Warning: NLS missing message: ExternalToolsPreferencePage_Prompt_before_migrating_3 in: org.eclipse.ui.externaltools.internal.ui.ExternalToolsUIMessages
2023-04-21 01:49:51,724 [ERROR] LogOutputStream:75 - [STDERR_REDIRECT] Warning: NLS missing message: ExternalToolsPreferencePage_1 in: org.eclipse.ui.externaltools.internal.ui.ExternalToolsUIMessages
2023-04-21 02:46:14,883 [INFO] MainUpdater:2854 - connection check result : 10
2023-04-21 02:46:14,993 [INFO] McuFinderGlobals:66 - Set McuFinderConnectedMode to true
2023-04-21 02:46:14,993 [INFO] MultiScanPanel:200 - Auto-refresh data requested => check proxy status ongoing
2023-04-21 02:46:14,998 [INFO] FinderPluginLoader:95 - Searching for filters in installed packs
2023-04-21 02:46:15,591 [INFO] LoadUrlFilesThread:185 - End of LoadServerUrlFiles without Thread
2023-04-21 02:46:15,591 [INFO] DetailPanel:341 - Set advertising image to C:/Users/ALTAWKEL/STM32Cube/Repository/\en.prom-stm32h5-mcu-finder.jpg
2023-04-21 02:46:20,063 [INFO] ApiDb:581 - Connected to CubeFinder SQLite database (C:\Users\ALTAWKEL\.stmcufinder\plugins\mcufinder\mcu\cube-finder-db.db)
2023-04-21 02:47:37,673 [INFO] McuFinderGlobals:66 - Set McuFinderConnectedMode to true
2023-04-21 02:47:37,678 [INFO] ApiDb:448 - Save user favorites file C:\Users\ALTAWKEL/.stm32cubeide/favorites.mcus.txt: 0 item(s)
2023-04-21 02:47:37,678 [INFO] ApiDb:452 - User favorites MCUs=[]
