2023-04-22 04:00:40,929 [INFO] Activator:176 - 


2023-04-22 04:00:40,935 [INFO] Activator:177 - !SESSION log4j initialized
2023-04-22 04:00:48,516 [INFO] LogOutputStream:77 - [STDOUT_REDIRECT] 
2023-04-22 04:01:10,140 [ERROR] LogOutputStream:75 - [STDERR_REDIRECT] SLF4J: Failed to load class "org.slf4j.impl.StaticLoggerBinder".
2023-04-22 04:01:10,141 [ERROR] LogOutputStream:75 - [STDERR_REDIRECT] SLF4J: Defaulting to no-operation (NOP) logger implementation
2023-04-22 04:01:10,143 [ERROR] LogOutputStream:75 - [STDERR_REDIRECT] SLF4J: See http://www.slf4j.org/codes.html#StaticLoggerBinder for further details.
2023-04-22 04:31:23,485 [ERROR] ConfigurationRetriever:142 - IOException on connection: Read timed out
2023-04-22 23:35:14,067 [INFO] ApplicationProperties:184 - Using Application install path: C:\ST\STM32CubeIDE_1.12.0\STM32CubeIDE\plugins\com.st.stm32cube.common.mx_6.8.0.202302231600
2023-04-22 23:35:14,097 [INFO] DbMcusXml:78 - Set database path to: C:\ST\STM32CubeIDE_1.12.0\STM32CubeIDE\plugins\com.st.stm32cube.common.mx_6.8.0.202302231600\\db\/mcu/
2023-04-22 23:35:14,098 [INFO] ApiDb:274 - Set plugin database path to: C:\ST\STM32CubeIDE_1.12.0\STM32CubeIDE\plugins\com.st.stm32cube.common.mx_6.8.0.202302231600\\db\/plugins/boardmanager/
2023-04-22 23:35:14,100 [WARN] ApiDb:259 - Overriding images path with different value:  => C:\ST\STM32CubeIDE_1.12.0\STM32CubeIDE\plugins\com.st.stm32cube.common.mx_6.8.0.202302231600\\db\/plugins/mcufinder/images/
2023-04-22 23:35:14,119 [INFO] ApiDb:250 - Set database path to: C:\Users\ALTAWKEL\.stmcufinder\plugins\mcufinder//mcu/
2023-04-22 23:35:14,121 [INFO] DbMcusAds:125 - Set database path to: C:\Users\ALTAWKEL\.stmcufinder\plugins\mcufinder//mcu/
2023-04-22 23:35:14,261 [INFO] CrossReferenceDbSqlite:203 - Set database path to: C:\Users\ALTAWKEL\.stmcufinder\plugins\mcufinder//mcu/cs/
2023-04-22 23:35:14,432 [INFO] RulesReader:64 - Compatibility file has been processed (293 Rules)
2023-04-22 23:35:14,525 [INFO] DbMcusXml:78 - Set database path to: C:\ST\STM32CubeIDE_1.12.0\STM32CubeIDE\plugins\com.st.stm32cube.common.mx_6.8.0.202302231600\\db\/mcu/
2023-04-22 23:35:14,526 [INFO] ApiDb:274 - Set plugin database path to: C:\ST\STM32CubeIDE_1.12.0\STM32CubeIDE\plugins\com.st.stm32cube.common.mx_6.8.0.202302231600\\db\/plugins/boardmanager/
2023-04-22 23:35:14,526 [INFO] ApiDb:261 - Set plugin images path to: C:\ST\STM32CubeIDE_1.12.0\STM32CubeIDE\plugins\com.st.stm32cube.common.mx_6.8.0.202302231600\\db\/plugins/mcufinder/images/
2023-04-22 23:35:14,526 [WARN] DbFile:41 - Overriding database path with different value: C:\Users\ALTAWKEL\.stmcufinder\plugins\mcufinder/ => C:\Users\ALTAWKEL\.stmcufinder\plugins\mcufinder
2023-04-22 23:35:14,526 [INFO] ApiDb:250 - Set database path to: C:\Users\ALTAWKEL\.stmcufinder\plugins\mcufinder//mcu/
2023-04-22 23:35:14,526 [WARN] DbFile:41 - Overriding database path with different value: C:\Users\ALTAWKEL\.stmcufinder\plugins\mcufinder/ => C:\Users\ALTAWKEL\.stmcufinder\plugins\mcufinder
2023-04-22 23:35:14,526 [INFO] DbMcusAds:125 - Set database path to: C:\Users\ALTAWKEL\.stmcufinder\plugins\mcufinder//mcu/
2023-04-22 23:35:14,526 [WARN] DbFile:41 - Overriding database path with different value: C:\Users\ALTAWKEL\.stmcufinder\plugins\mcufinder/ => C:\Users\ALTAWKEL\.stmcufinder\plugins\mcufinder
2023-04-22 23:35:14,526 [WARN] DbFile:41 - Overriding database path with different value: C:\Users\ALTAWKEL\.stmcufinder\plugins\mcufinder/ => C:\Users\ALTAWKEL\.stmcufinder\plugins\mcufinder
2023-04-22 23:35:14,526 [INFO] CrossReferenceDbSqlite:203 - Set database path to: C:\Users\ALTAWKEL\.stmcufinder\plugins\mcufinder//mcu/cs/
2023-04-22 23:35:14,608 [INFO] MainPanel:253 - HeapMemory: 329252864
2023-04-22 23:35:14,748 [INFO] DbMcusXml:78 - Set database path to: C:\ST\STM32CubeIDE_1.12.0\STM32CubeIDE\plugins\com.st.stm32cube.common.mx_6.8.0.202302231600\\db\/mcu/
2023-04-22 23:35:14,749 [INFO] ApiDb:274 - Set plugin database path to: C:\ST\STM32CubeIDE_1.12.0\STM32CubeIDE\plugins\com.st.stm32cube.common.mx_6.8.0.202302231600\\db\/plugins/boardmanager/
2023-04-22 23:35:14,749 [INFO] ApiDb:261 - Set plugin images path to: C:\ST\STM32CubeIDE_1.12.0\STM32CubeIDE\plugins\com.st.stm32cube.common.mx_6.8.0.202302231600\\db\/plugins/mcufinder/images/
2023-04-22 23:35:14,750 [WARN] DbFile:41 - Overriding database path with different value: C:\Users\ALTAWKEL\.stmcufinder\plugins\mcufinder/ => C:\Users\ALTAWKEL\.stmcufinder\plugins\mcufinder
2023-04-22 23:35:14,750 [INFO] ApiDb:250 - Set database path to: C:\Users\ALTAWKEL\.stmcufinder\plugins\mcufinder//mcu/
2023-04-22 23:35:14,751 [WARN] DbFile:41 - Overriding database path with different value: C:\Users\ALTAWKEL\.stmcufinder\plugins\mcufinder/ => C:\Users\ALTAWKEL\.stmcufinder\plugins\mcufinder
2023-04-22 23:35:14,751 [INFO] DbMcusAds:125 - Set database path to: C:\Users\ALTAWKEL\.stmcufinder\plugins\mcufinder//mcu/
2023-04-22 23:35:14,751 [WARN] DbFile:41 - Overriding database path with different value: C:\Users\ALTAWKEL\.stmcufinder\plugins\mcufinder/ => C:\Users\ALTAWKEL\.stmcufinder\plugins\mcufinder
2023-04-22 23:35:14,751 [WARN] DbFile:41 - Overriding database path with different value: C:\Users\ALTAWKEL\.stmcufinder\plugins\mcufinder/ => C:\Users\ALTAWKEL\.stmcufinder\plugins\mcufinder
2023-04-22 23:35:14,751 [INFO] CrossReferenceDbSqlite:203 - Set database path to: C:\Users\ALTAWKEL\.stmcufinder\plugins\mcufinder//mcu/cs/
2023-04-22 23:35:14,775 [INFO] ApplicationProperties:184 - Using Application install path: C:\ST\STM32CubeIDE_1.12.0\STM32CubeIDE\plugins\com.st.stm32cube.common.mx_6.8.0.202302231600
2023-04-22 23:35:14,778 [INFO] PluginManage:196 - Search for loadable plugins [exclusion list=, ]
2023-04-22 23:35:14,780 [INFO] PluginManage:310 - Check plugin analytics
2023-04-22 23:35:15,033 [INFO] AnalyticsPlugin:253 - Accepted Software Licenses: 
2023-04-22 23:35:15,033 [INFO] AnalyticsPlugin:255 - Accepted CMSIS Pack Licenses: 
2023-04-22 23:35:15,033 [INFO] AnalyticsPlugin:257 - Accepted Firmware Licenses: FW.F4.1.27.0
2023-04-22 23:35:15,038 [INFO] PluginManage:359 - Loaded plugin analytics (category:tool,tabindex:-1)
2023-04-22 23:35:15,039 [INFO] PluginManage:310 - Check plugin cadmodel
2023-04-22 23:35:15,056 [INFO] CADModel:105 - Init CAD model plugin
2023-04-22 23:35:15,056 [INFO] PluginManage:359 - Loaded plugin cadmodel (category:power,tabindex:5)
2023-04-22 23:35:15,056 [INFO] PluginManage:310 - Check plugin clock
2023-04-22 23:35:15,077 [INFO] PluginManage:359 - Loaded plugin clock (category:base,tabindex:2)
2023-04-22 23:35:15,077 [INFO] PluginManage:310 - Check plugin ddr
2023-04-22 23:35:15,080 [INFO] PluginManage:359 - Loaded plugin ddr (category:tool,tabindex:6)
2023-04-22 23:35:15,081 [INFO] PluginManage:310 - Check plugin filemanager
2023-04-22 23:35:15,231 [INFO] PluginManage:359 - Loaded plugin filemanager (category:base,tabindex:10)
2023-04-22 23:35:15,231 [INFO] PluginManage:310 - Check plugin ipmanager
2023-04-22 23:35:15,238 [INFO] PluginManage:359 - Loaded plugin ipmanager (category:base,tabindex:5)
2023-04-22 23:35:15,239 [INFO] PluginManage:310 - Check plugin lpbam
2023-04-22 23:35:15,256 [INFO] PluginManage:359 - Loaded plugin lpbam (category:base,tabindex:0)
2023-04-22 23:35:15,256 [INFO] PluginManage:310 - Check plugin pinoutandconfiguration
2023-04-22 23:35:15,274 [INFO] PluginManage:359 - Loaded plugin pinoutandconfiguration (category:base,tabindex:1)
2023-04-22 23:35:15,274 [INFO] PluginManage:310 - Check plugin pinoutconfig
2023-04-22 23:35:15,411 [WARN] SupportedApi:132 - Cannot load RTOS API schema: s4s-elt-must-match.1: The content of 'definitions' must match (annotation?, (simpleType | complexType)?, (unique | key | keyref)*)). A problem was found starting at: attribute.
2023-04-22 23:35:15,576 [INFO] PluginManage:359 - Loaded plugin pinoutconfig (category:base,tabindex:0)
2023-04-22 23:35:15,576 [INFO] PluginManage:310 - Check plugin power
2023-04-22 23:35:15,599 [INFO] PluginManage:359 - Loaded plugin power (category:power,tabindex:4)
2023-04-22 23:35:15,599 [INFO] PluginManage:310 - Check plugin projectmanager
2023-04-22 23:35:15,617 [INFO] PluginManage:359 - Loaded plugin projectmanager (category:projectmanager,tabindex:3)
2023-04-22 23:35:15,617 [INFO] PluginManage:310 - Check plugin thirdparty
2023-04-22 23:35:15,872 [INFO] PluginManage:359 - Loaded plugin thirdparty (category:base,tabindex:-1)
2023-04-22 23:35:15,872 [WARN] IntegrityCheckThread:84 - waiting for thirdparty lock release [integrity check]
2023-04-22 23:35:15,872 [INFO] PluginManage:310 - Check plugin tools
2023-04-22 23:35:15,872 [INFO] IntegrityCheckThread:86 - entering critical section [integrity check]
2023-04-22 23:35:15,874 [INFO] ThirdPartyUpdaterWithRetryManager:70 - Updater plugin not ready yet. [1/15]
2023-04-22 23:35:15,897 [INFO] PluginManage:359 - Loaded plugin tools (category:base,tabindex:7)
2023-04-22 23:35:15,897 [INFO] PluginManage:310 - Check plugin tutovideos
2023-04-22 23:35:16,156 [INFO] PluginManage:359 - Loaded plugin tutovideos (category:base,tabindex:-1)
2023-04-22 23:35:16,157 [INFO] PluginManage:310 - Check plugin updater
2023-04-22 23:35:16,173 [INFO] PluginManage:359 - Loaded plugin updater (category:base,tabindex:12)
2023-04-22 23:35:16,173 [INFO] PluginManage:283 - PluginManage : Loaded plugins [15]
2023-04-22 23:35:16,431 [INFO] PinOutPanel:1499 - setPackage(No Configuration,No Configuration)
2023-04-22 23:35:16,499 [INFO] CADModel:165 - CPN selected for project level
2023-04-22 23:35:16,499 [INFO] CADModel:114 - Register for checkConnection events
2023-04-22 23:35:16,530 [INFO] IPUIPlugin:80 - create IPUIPlugin
2023-04-22 23:35:16,530 [INFO] PluginManager:220 - loadIPPluginJar : add adc
2023-04-22 23:35:16,561 [INFO] IPUIPlugin:80 - create IPUIPlugin
2023-04-22 23:35:16,561 [INFO] PluginManager:220 - loadIPPluginJar : add aes
2023-04-22 23:35:16,597 [INFO] IPUIPlugin:80 - create IPUIPlugin
2023-04-22 23:35:16,597 [INFO] PluginManager:220 - loadIPPluginJar : add can
2023-04-22 23:35:16,618 [INFO] IPUIPlugin:80 - create IPUIPlugin
2023-04-22 23:35:16,618 [INFO] PluginManager:220 - loadIPPluginJar : add comp
2023-04-22 23:35:16,647 [INFO] IPUIPlugin:80 - create IPUIPlugin
2023-04-22 23:35:16,647 [INFO] PluginManager:220 - loadIPPluginJar : add cryp
2023-04-22 23:35:16,672 [INFO] IPUIPlugin:80 - create IPUIPlugin
2023-04-22 23:35:16,672 [INFO] PluginManager:220 - loadIPPluginJar : add dfsdm
2023-04-22 23:35:16,686 [INFO] IPUIPlugin:80 - create IPUIPlugin
2023-04-22 23:35:16,686 [INFO] PluginManager:220 - loadIPPluginJar : add dma
2023-04-22 23:35:16,725 [INFO] IPUIPlugin:80 - create IPUIPlugin
2023-04-22 23:35:16,725 [INFO] PluginManager:220 - loadIPPluginJar : add dma3
2023-04-22 23:35:16,743 [INFO] IPUIPlugin:80 - create IPUIPlugin
2023-04-22 23:35:16,743 [INFO] PluginManager:220 - loadIPPluginJar : add fatfs
2023-04-22 23:35:16,783 [INFO] IPUIPlugin:80 - create IPUIPlugin
2023-04-22 23:35:16,783 [INFO] PluginManager:220 - loadIPPluginJar : add fmc
2023-04-22 23:35:16,800 [INFO] IPUIPlugin:80 - create IPUIPlugin
2023-04-22 23:35:16,800 [INFO] PluginManager:220 - loadIPPluginJar : add freertos
2023-04-22 23:35:16,817 [INFO] IPUIPlugin:80 - create IPUIPlugin
2023-04-22 23:35:16,817 [INFO] PluginManager:220 - loadIPPluginJar : add genericplugin
2023-04-22 23:35:16,892 [INFO] IPUIPlugin:80 - create IPUIPlugin
2023-04-22 23:35:16,892 [INFO] PluginManager:220 - loadIPPluginJar : add gfxmmu
2023-04-22 23:35:17,008 [INFO] IPUIPlugin:80 - create IPUIPlugin
2023-04-22 23:35:17,008 [INFO] PluginManager:220 - loadIPPluginJar : add gic
2023-04-22 23:35:17,021 [INFO] IPUIPlugin:80 - create IPUIPlugin
2023-04-22 23:35:17,021 [INFO] PluginManager:220 - loadIPPluginJar : add gpio
2023-04-22 23:35:17,099 [INFO] IPUIPlugin:80 - create IPUIPlugin
2023-04-22 23:35:17,099 [INFO] PluginManager:220 - loadIPPluginJar : add gtzc
2023-04-22 23:35:17,127 [INFO] IPUIPlugin:80 - create IPUIPlugin
2023-04-22 23:35:17,127 [INFO] PluginManager:220 - loadIPPluginJar : add hash
2023-04-22 23:35:17,170 [INFO] IPUIPlugin:80 - create IPUIPlugin
2023-04-22 23:35:17,170 [INFO] PluginManager:220 - loadIPPluginJar : add i2c
2023-04-22 23:35:17,206 [INFO] IPUIPlugin:80 - create IPUIPlugin
2023-04-22 23:35:17,206 [INFO] PluginManager:220 - loadIPPluginJar : add i2s
2023-04-22 23:35:17,241 [INFO] IPUIPlugin:80 - create IPUIPlugin
2023-04-22 23:35:17,242 [INFO] PluginManager:220 - loadIPPluginJar : add i3c
2023-04-22 23:35:17,338 [INFO] IPUIPlugin:80 - create IPUIPlugin
2023-04-22 23:35:17,338 [INFO] PluginManager:220 - loadIPPluginJar : add ipddr
2023-04-22 23:35:17,417 [INFO] IPUIPlugin:80 - create IPUIPlugin
2023-04-22 23:35:17,417 [INFO] PluginManager:220 - loadIPPluginJar : add linkedlist
2023-04-22 23:35:17,447 [INFO] IPUIPlugin:80 - create IPUIPlugin
2023-04-22 23:35:17,447 [INFO] PluginManager:220 - loadIPPluginJar : add lorawan
2023-04-22 23:35:17,479 [INFO] IPUIPlugin:80 - create IPUIPlugin
2023-04-22 23:35:17,479 [INFO] PluginManager:220 - loadIPPluginJar : add ltdc
2023-04-22 23:35:17,492 [INFO] IPUIPlugin:80 - create IPUIPlugin
2023-04-22 23:35:17,493 [INFO] PluginManager:220 - loadIPPluginJar : add mdma
2023-04-22 23:35:17,506 [INFO] IPUIPlugin:80 - create IPUIPlugin
2023-04-22 23:35:17,506 [INFO] PluginManager:220 - loadIPPluginJar : add nvic
2023-04-22 23:35:17,540 [INFO] IPUIPlugin:80 - create IPUIPlugin
2023-04-22 23:35:17,540 [INFO] PluginManager:220 - loadIPPluginJar : add opamp
2023-04-22 23:35:17,594 [INFO] IPUIPlugin:80 - create IPUIPlugin
2023-04-22 23:35:17,594 [INFO] PluginManager:220 - loadIPPluginJar : add openamp
2023-04-22 23:35:17,633 [INFO] IPUIPlugin:80 - create IPUIPlugin
2023-04-22 23:35:17,633 [INFO] PluginManager:220 - loadIPPluginJar : add pdm2pcm
2023-04-22 23:35:17,647 [INFO] IPUIPlugin:80 - create IPUIPlugin
2023-04-22 23:35:17,649 [INFO] PluginManager:220 - loadIPPluginJar : add plateformsettings
2023-04-22 23:35:17,667 [INFO] IPUIPlugin:80 - create IPUIPlugin
2023-04-22 23:35:17,668 [INFO] PluginManager:220 - loadIPPluginJar : add quadspi
2023-04-22 23:35:17,682 [INFO] IPUIPlugin:80 - create IPUIPlugin
2023-04-22 23:35:17,682 [INFO] PluginManager:220 - loadIPPluginJar : add resmgrutility
2023-04-22 23:35:17,726 [INFO] IPUIPlugin:80 - create IPUIPlugin
2023-04-22 23:35:17,726 [INFO] PluginManager:220 - loadIPPluginJar : add sai
2023-04-22 23:35:17,761 [INFO] IPUIPlugin:80 - create IPUIPlugin
2023-04-22 23:35:17,761 [INFO] PluginManager:220 - loadIPPluginJar : add spi
2023-04-22 23:35:17,815 [INFO] IPUIPlugin:80 - create IPUIPlugin
2023-04-22 23:35:17,815 [INFO] PluginManager:220 - loadIPPluginJar : add stm32_wpan
2023-04-22 23:35:17,838 [INFO] IPUIPlugin:80 - create IPUIPlugin
2023-04-22 23:35:17,838 [INFO] PluginManager:220 - loadIPPluginJar : add tim
2023-04-22 23:35:17,888 [INFO] IPUIPlugin:80 - create IPUIPlugin
2023-04-22 23:35:17,888 [INFO] PluginManager:220 - loadIPPluginJar : add touchsensing
2023-04-22 23:35:17,909 [INFO] IPUIPlugin:80 - create IPUIPlugin
2023-04-22 23:35:17,909 [INFO] PluginManager:220 - loadIPPluginJar : add tracer_emb
2023-04-22 23:35:17,929 [INFO] IPUIPlugin:80 - create IPUIPlugin
2023-04-22 23:35:17,930 [INFO] PluginManager:220 - loadIPPluginJar : add ts
2023-04-22 23:35:17,948 [INFO] IPUIPlugin:80 - create IPUIPlugin
2023-04-22 23:35:17,948 [INFO] PluginManager:220 - loadIPPluginJar : add tsc
2023-04-22 23:35:17,968 [INFO] IPUIPlugin:80 - create IPUIPlugin
2023-04-22 23:35:17,968 [INFO] PluginManager:220 - loadIPPluginJar : add ucpd
2023-04-22 23:35:18,006 [INFO] IPUIPlugin:80 - create IPUIPlugin
2023-04-22 23:35:18,007 [INFO] PluginManager:220 - loadIPPluginJar : add usart
2023-04-22 23:35:18,043 [INFO] IPUIPlugin:80 - create IPUIPlugin
2023-04-22 23:35:18,043 [INFO] PluginManager:220 - loadIPPluginJar : add usbx
2023-04-22 23:35:18,194 [INFO] CADModel:165 - CPN selected for project level
2023-04-22 23:35:18,195 [INFO] CADModel:114 - Register for checkConnection events
2023-04-22 23:35:18,195 [FATAL] Updater:308 - Updater called before beeing initialized
2023-04-22 23:35:18,195 [ERROR] CADModel:125 - Updater not yet initialized, retry later 
2023-04-22 23:35:18,383 [INFO] CADModel:165 - CPN selected for project level
2023-04-22 23:35:18,383 [INFO] CADModel:114 - Register for checkConnection events
2023-04-22 23:35:18,383 [FATAL] Updater:308 - Updater called before beeing initialized
2023-04-22 23:35:18,384 [ERROR] CADModel:125 - Updater not yet initialized, retry later 
2023-04-22 23:35:18,387 [FATAL] Updater:308 - Updater called before beeing initialized
2023-04-22 23:35:18,529 [FATAL] Updater:308 - Updater called before beeing initialized
2023-04-22 23:35:18,542 [INFO] DbMcusAds:53 - JSON generation date=Tue Mar 07 10:50:55 EET 2023 (1678179055335)
2023-04-22 23:35:18,542 [FATAL] Updater:308 - Updater called before beeing initialized
2023-04-22 23:35:18,633 [WARN] DetailPanel:346 - Failed to get advertising image, set to default
2023-04-22 23:35:18,801 [FATAL] Updater:308 - Updater called before beeing initialized
2023-04-22 23:35:18,806 [FATAL] Updater:308 - Updater called before beeing initialized
2023-04-22 23:35:18,807 [FATAL] Updater:308 - Updater called before beeing initialized
2023-04-22 23:35:18,807 [WARN] DetailPanel:346 - Failed to get advertising image, set to default
2023-04-22 23:35:18,810 [FATAL] Updater:308 - Updater called before beeing initialized
2023-04-22 23:35:18,875 [INFO] ThirdPartyUpdaterWithRetryManager:70 - Updater plugin not ready yet. [2/15]
2023-04-22 23:35:18,934 [ERROR] Updater:1120 - MainUpdater not yet initialized. External WinMGr cannot be set.
2023-04-22 23:35:18,944 [INFO] Updater:1056 - Updater Version found : 6.8.0
2023-04-22 23:35:18,966 [INFO] ApplicationProperties:184 - Using Application install path: C:\ST\STM32CubeIDE_1.12.0\STM32CubeIDE\plugins\com.st.stm32cube.common.mx_6.8.0.202302231600
2023-04-22 23:35:19,880 [INFO] MainUpdater:2854 - connection check result : 10
2023-04-22 23:35:19,881 [INFO] MainUpdater:283 - Updater Check For Update Now.
2023-04-22 23:35:19,881 [INFO] MicroXplorer:498 - Change Database Version : DB.6.0.80
2023-04-22 23:35:20,073 [INFO] CheckServerUpdateThread:120 - End of CheckServer Thread
2023-04-22 23:35:20,131 [INFO] MainUpdater:2854 - connection check result : 10
2023-04-22 23:35:20,737 [INFO] ApiDb:581 - Connected to CubeFinder SQLite database (C:\Users\ALTAWKEL\.stmcufinder\plugins\mcufinder\mcu\cube-finder-db.db)
2023-04-22 23:35:20,880 [INFO] ApiDb:668 - CubeFinder database Data Model version=2.1
2023-04-22 23:35:20,881 [INFO] ApiDb:669 - CubeFinder database Configuration version=3.0.35
2023-04-22 23:35:20,881 [INFO] ApiDb:670 - CubeFinder database generation date=2023-03-10 (1678456172)
2023-04-22 23:35:20,881 [INFO] ApiDb:671 - CubeFinder database FW Pack versions=[FP-ATR-ASTRA1_V1.1.1, STM32Cube_FW_C0_V1.0.1, STM32Cube_FW_F0_V1.11.4, STM32Cube_FW_F3_V1.11.4, STM32Cube_FW_F4_V1.27.1, STM32Cube_FW_F7_V1.17.0, STM32Cube_FW_G0_V1.6.1, STM32Cube_FW_G4_V1.5.1, STM32Cube_FW_H5_V0.5.1, STM32Cube_FW_H5_V1.0.0, STM32Cube_FW_H7_V1.11.0, STM32Cube_FW_L0_V1.12.2, STM32Cube_FW_L5_V1.5.0, STM32Cube_FW_U5_V1.2.0, STM32Cube_FW_WBA_V1.0.0, STM32Cube_FW_WBA_V1.0.0RC1, STM32Cube_FW_WBA_V1.0.0RC3, STM32Cube_FW_WB_V1.15.0RC1, STM32Cube_FW_WB_V1.16.0, STM32Cube_FW_WB_V1.16.0RC2, STM32Cube_FW_WL_V1.3.0, X-CUBE-ALGOBUILD_V1.3.0, X-CUBE-ALS_V1.0.1, X-CUBE-AZRTOS-F4_V1.1.0, X-CUBE-AZRTOS-F7_V1.1.0, X-CUBE-AZRTOS-G0_V1.1.0, X-CUBE-AZRTOS-G4_V1.0.0, X-CUBE-AZRTOS-H7_V3.0.0, X-CUBE-AZRTOS-L4_V1.0.0, X-CUBE-AZRTOS-L5_V1.1.0, X-CUBE-AZRTOS-WB_V1.1.0, X-CUBE-AZRTOS-WL_V1.0.0, X-CUBE-BLE1_V6.2.4, X-CUBE-BLE2_V3.3.0, X-CUBE-BLEMGR_V1.3.0, X-CUBE-EEPRMA1_V4.1.0, X-CUBE-GNSS1_V6.0.0, X-CUBE-MEMS1_V9.1.0, X-CUBE-MEMS1_V9.4.0, X-CUBE-MEMS1_V9.5.0, X-CUBE-NFC4_V3.0.0, X-CUBE-NFC7_V1.0.0, X-CUBE-SFXS2LP1_V4.0.0, X-CUBE-SUBG2_V5.0.0]
2023-04-22 23:35:21,062 [INFO] DbBoardsSqlite:226 - include board P-NUCLEO-WB55-NUCLEO as a kit item of type 'Nucleo-64'
2023-04-22 23:35:21,063 [INFO] DbBoardsSqlite:226 - include board P-NUCLEO-WB55-USBDONGLE as a kit item of type 'Nucleo USB Dongle'
2023-04-22 23:35:21,064 [INFO] DbBoardsSqlite:226 - include board STEVAL-IDP005V1 as a kit item of type 'Evaluation Board'
2023-04-22 23:35:21,064 [INFO] DbBoardsSqlite:226 - include board STEVAL-IDP005V2 as a kit item of type 'Evaluation Board'
2023-04-22 23:35:21,537 [INFO] ApiDb:240 - Found 297 in-development CPN: [B-G473E-ZEST1S, B-WB1M-WPAN1, B-WL5M-SUBG1, NUCLEO-C031C6, NUCLEO-H503RB, NUCLEO-H563ZI, NUCLEO-U545RE-Q, NUCLEO-U5A5ZJ-Q, NUCLEO-WBA52CG, STEVAL-PROTEUS1, STEVAL-STWINBX1, STM320518-EVAL, STM32C0116-DK, STM32C011D6Y3TR, STM32C011D6Y6TR, STM32C011F4P3, STM32C011F4P6, STM32C011F4U3, STM32C011F4U6TR, STM32C011F6P3, STM32C011F6P6, STM32C011F6U3, STM32C011F6U6TR, STM32C011J4M3, STM32C011J4M6, STM32C011J6M3, STM32C011J6M6, STM32C0316-DK, STM32C031C4T3, STM32C031C4T6, STM32C031C4U3, STM32C031C4U6, STM32C031C6T3, STM32C031C6T6, STM32C031C6U3, STM32C031C6U6, STM32C031F4P3, STM32C031F4P6, STM32C031F6P3, STM32C031F6P6, STM32C031G4U3, STM32C031G4U6, STM32C031G6U3, STM32C031G6U6, STM32C031K4T3, STM32C031K4T6, STM32C031K4U3, STM32C031K4U6, STM32C031K6T3, STM32C031K6T6, STM32C031K6U3, STM32C031K6U6, STM32G071K8TXN, STM32G071K8UXN, STM32G081GBU6N, STM32G081KBT6N, STM32G081KBUXN, STM32G0B1CCT6N, STM32G0B1KCT6, STM32G0B1NEY6TR, STM32G0B1RCT6N, STM32G0C1CCT6, STM32G0C1CCT6N, STM32G0C1CCU6N, STM32G0C1CET6N, STM32G0C1CEU6N, STM32G0C1KCT6, STM32G0C1NEY6TR, STM32G0C1RCI6N, STM32G0C1RCT6N, STM32G0C1REI6N, STM32G0C1RET6N, STM32G0C1VCI6, STM32G0C1VEI6, STM32G471CCT6, STM32G471CCU6, STM32G471CET3, STM32G471CET6, STM32G471CEU3, STM32G471CEU6, STM32G471MCT6, STM32G471MET3, STM32G471MET6, STM32G471MEY6TR, STM32G471QCT6, STM32G471QET3, STM32G471RCT6, STM32G471RET3, STM32G471RET6, STM32G471VCH6, STM32G471VCI6, STM32G471VCT6, STM32G471VEH3, STM32G471VEH6, STM32G471VEI3, STM32G471VEI6, STM32G471VET3, STM32G471VET6, STM32G474CCT6, STM32H503CBT6, STM32H503CBU6, STM32H503EBY6TR, STM32H503KBU6, STM32H503RBT6, STM32H562AGI6, STM32H562AII6, STM32H562IGK6, STM32H562IGT6, STM32H562IIK6, STM32H562IIT6, STM32H562RGT6, STM32H562RGV6, STM32H562RIT6, STM32H562RIV6, STM32H562VGT6, STM32H562VIT6, STM32H562ZGT6, STM32H562ZIT6, STM32H563AGI6, STM32H563AII3Q, STM32H563AII6, STM32H563IGK6, STM32H563IGT6, STM32H563IIK3Q, STM32H563IIK6, STM32H563IIT3Q, STM32H563IIT6, STM32H563MIY3QTR, STM32H563RGT6, STM32H563RGV6, STM32H563RIT6, STM32H563RIV6, STM32H563VGT6, STM32H563VIT3Q, STM32H563VIT6, STM32H563ZGT6, STM32H563ZIT3Q, STM32H563ZIT6, STM32H573AII3Q, STM32H573AII6, STM32H573I-DK, STM32H573IIK3Q, STM32H573IIK6, STM32H573IIT3Q, STM32H573IIT6, STM32H573MIY3QTR, STM32H573RIT6, STM32H573RIV6, STM32H573VIT3Q, STM32H573VIT6, STM32H573ZIT3Q, STM32H573ZIT6, STM32L4R5QGI6STR, STM32MP131AAE3, STM32MP131AAF3, STM32MP131AAG3, STM32MP131CAE3, STM32MP131CAF3, STM32MP131CAG3, STM32MP131DAE7, STM32MP131DAF7, STM32MP131DAG7, STM32MP131FAE7, STM32MP131FAF7, STM32MP131FAG7, STM32MP133AAE3, STM32MP133AAF3, STM32MP133AAG3, STM32MP133CAE3, STM32MP133CAF3, STM32MP133CAG3, STM32MP133DAE7, STM32MP133DAF7, STM32MP133DAG7, STM32MP133FAE7, STM32MP133FAF7, STM32MP133FAG7, STM32MP135AAE3, STM32MP135AAF3, STM32MP135AAG3, STM32MP135CAE3, STM32MP135CAF3, STM32MP135CAG3, STM32MP135DAE7, STM32MP135DAF7, STM32MP135DAG7, STM32MP135F-DK, STM32MP135FAE7, STM32MP135FAF7, STM32MP135FAF7T, STM32MP135FAF7U, STM32MP135FAG7, STM32U535CBT6, STM32U535CBT6Q, STM32U535CBU6, STM32U535CBU6Q, STM32U535CCT6, STM32U535CCT6Q, STM32U535CCU6, STM32U535CCU6Q, STM32U535CET6, STM32U535CET6Q, STM32U535CEU6, STM32U535CEU6Q, STM32U535JEY6QTR, STM32U535NCY6QTR, STM32U535NEY6QTR, STM32U535RBI6, STM32U535RBI6Q, STM32U535RBT6, STM32U535RBT6Q, STM32U535RCI6, STM32U535RCI6Q, STM32U535RCT6, STM32U535RCT6Q, STM32U535REI6, STM32U535REI6Q, STM32U535RET6, STM32U535RET6Q, STM32U535VCI6, STM32U535VCI6Q, STM32U535VCT6, STM32U535VCT6Q, STM32U535VEI6, STM32U535VEI6Q, STM32U535VET6, STM32U535VET6Q, STM32U545CET6, STM32U545CET6Q, STM32U545CEU6, STM32U545CEU6Q, STM32U545JEY6QTR, STM32U545NEY6QTR, STM32U545REI6, STM32U545REI6Q, STM32U545RET6, STM32U545RET6Q, STM32U545VEI6, STM32U545VEI6Q, STM32U545VET6, STM32U545VET6Q, STM32U595AIH6, STM32U595AIH6Q, STM32U595AJH6, STM32U595AJH6Q, STM32U595QII6, STM32U595QII6Q, STM32U595QJI6, STM32U595QJI6Q, STM32U595RIT6, STM32U595RIT6Q, STM32U595RJT6, STM32U595RJT6Q, STM32U595VIT6, STM32U595VIT6Q, STM32U595VJT6, STM32U595VJT6Q, STM32U595ZIT6, STM32U595ZIT6Q, STM32U595ZIY6QTR, STM32U595ZJT6, STM32U595ZJT6Q, STM32U595ZJY6QTR, STM32U599BJY6QTR, STM32U599NIH6Q, STM32U599NJH6Q, STM32U599VIT6Q, STM32U599VJT6, STM32U599VJT6Q, STM32U599ZIT6Q, STM32U599ZIY6QTR, STM32U599ZJT6Q, STM32U599ZJY6QTR, STM32U5A5AJH6, STM32U5A5AJH6Q, STM32U5A5QJI6, STM32U5A5QJI6Q, STM32U5A5RJT6, STM32U5A5RJT6Q, STM32U5A5VJT6, STM32U5A5VJT6Q, STM32U5A5ZJT6, STM32U5A5ZJT6Q, STM32U5A5ZJY6QTR, STM32U5A9BJY6QTR, STM32U5A9J-DK, STM32U5A9NJH6Q, STM32U5A9VJT6Q, STM32U5A9ZJT6Q, STM32U5A9ZJY6QTR, STM32WB1MMCH6, STM32WBA52CEU6, STM32WBA52CEU6T, STM32WBA52CGU6, STM32WBA52CGU6T, STM32WL5MOCH6, STM32WL5MOCH6TR]
2023-04-22 23:35:21,708 [INFO] BoardInfo:880 - No configuration file found for board P-NUCLEO-WB55
2023-04-22 23:35:21,708 [INFO] DbBoards:157 - Kit is not supported: P-NUCLEO-WB55
2023-04-22 23:35:21,714 [INFO] BoardInfo:880 - No configuration file found for board STEVAL-BFA001V1B
2023-04-22 23:35:21,714 [INFO] DbBoards:157 - Kit is not supported: STEVAL-BFA001V1B
2023-04-22 23:35:21,715 [INFO] BoardInfo:880 - No configuration file found for board STEVAL-BFA001V2B
2023-04-22 23:35:21,715 [INFO] DbBoards:157 - Kit is not supported: STEVAL-BFA001V2B
2023-04-22 23:35:21,889 [INFO] DbBoards:161 - Found 187 boards, 184 are supported
2023-04-22 23:35:21,894 [INFO] ApiDb:668 - CubeFinder database Data Model version=2.1
2023-04-22 23:35:21,894 [INFO] ApiDb:669 - CubeFinder database Configuration version=3.0.35
2023-04-22 23:35:21,894 [INFO] ApiDb:670 - CubeFinder database generation date=2023-03-10 (1678456172)
2023-04-22 23:35:21,894 [INFO] ApiDb:671 - CubeFinder database FW Pack versions=[FP-ATR-ASTRA1_V1.1.1, STM32Cube_FW_C0_V1.0.1, STM32Cube_FW_F0_V1.11.4, STM32Cube_FW_F3_V1.11.4, STM32Cube_FW_F4_V1.27.1, STM32Cube_FW_F7_V1.17.0, STM32Cube_FW_G0_V1.6.1, STM32Cube_FW_G4_V1.5.1, STM32Cube_FW_H5_V0.5.1, STM32Cube_FW_H5_V1.0.0, STM32Cube_FW_H7_V1.11.0, STM32Cube_FW_L0_V1.12.2, STM32Cube_FW_L5_V1.5.0, STM32Cube_FW_U5_V1.2.0, STM32Cube_FW_WBA_V1.0.0, STM32Cube_FW_WBA_V1.0.0RC1, STM32Cube_FW_WBA_V1.0.0RC3, STM32Cube_FW_WB_V1.15.0RC1, STM32Cube_FW_WB_V1.16.0, STM32Cube_FW_WB_V1.16.0RC2, STM32Cube_FW_WL_V1.3.0, X-CUBE-ALGOBUILD_V1.3.0, X-CUBE-ALS_V1.0.1, X-CUBE-AZRTOS-F4_V1.1.0, X-CUBE-AZRTOS-F7_V1.1.0, X-CUBE-AZRTOS-G0_V1.1.0, X-CUBE-AZRTOS-G4_V1.0.0, X-CUBE-AZRTOS-H7_V3.0.0, X-CUBE-AZRTOS-L4_V1.0.0, X-CUBE-AZRTOS-L5_V1.1.0, X-CUBE-AZRTOS-WB_V1.1.0, X-CUBE-AZRTOS-WL_V1.0.0, X-CUBE-BLE1_V6.2.4, X-CUBE-BLE2_V3.3.0, X-CUBE-BLEMGR_V1.3.0, X-CUBE-EEPRMA1_V4.1.0, X-CUBE-GNSS1_V6.0.0, X-CUBE-MEMS1_V9.1.0, X-CUBE-MEMS1_V9.4.0, X-CUBE-MEMS1_V9.5.0, X-CUBE-NFC4_V3.0.0, X-CUBE-NFC7_V1.0.0, X-CUBE-SFXS2LP1_V4.0.0, X-CUBE-SUBG2_V5.0.0]
2023-04-22 23:35:22,046 [WARN] PackLoader:240 - Cannot read IP mode file for STMicroelectronics.X-CUBE-GNSS1.6.0.0
2023-04-22 23:35:22,092 [WARN] PackLoader:240 - Cannot read IP mode file for STMicroelectronics.X-CUBE-AZRTOS-F4.1.1.0
2023-04-22 23:35:22,111 [WARN] PackLoader:240 - Cannot read IP mode file for STMicroelectronics.X-CUBE-SMBUS.2.1.0
2023-04-22 23:35:22,127 [WARN] PackLoader:240 - Cannot read IP mode file for wolfSSL.I-CUBE-wolfSSL.5.6.0
2023-04-22 23:35:22,155 [WARN] PackLoader:240 - Cannot read IP mode file for STMicroelectronics.X-CUBE-AZRTOS-F7.1.1.0
2023-04-22 23:35:22,171 [WARN] PackLoader:240 - Cannot read IP mode file for STMicroelectronics.X-CUBE-BLE1.6.2.4
2023-04-22 23:35:22,183 [WARN] PackLoader:240 - Cannot read IP mode file for emotas.I-CUBE-CANOPEN.1.1.3
2023-04-22 23:35:22,197 [WARN] PackLoader:240 - Cannot read IP mode file for STMicroelectronics.X-CUBE-BLEMGR.2.0.0
2023-04-22 23:35:22,229 [WARN] ConditionMgr:438 - getConditionDescription Invalid condition id : UX DEVICE CLASS RTOS Condition cause : null
2023-04-22 23:35:22,230 [WARN] ConditionMgr:438 - getConditionDescription Invalid condition id : UX DEVICE CLASS RTOS Condition cause : null
2023-04-22 23:35:22,233 [WARN] PackLoader:240 - Cannot read IP mode file for STMicroelectronics.X-CUBE-AZRTOS-H7.3.1.0
2023-04-22 23:35:22,235 [WARN] ConditionMgr:1039 - genDependencies : Invalid condition id : UX DEVICE CLASS RTOS Condition cause : null
2023-04-22 23:35:22,235 [WARN] ConditionMgr:1039 - genDependencies : Invalid condition id : UX DEVICE CLASS RTOS Condition cause : null
2023-04-22 23:35:22,236 [WARN] ConditionMgr:1039 - genDependencies : Invalid condition id : UX DEVICE CLASS RTOS Condition cause : null
2023-04-22 23:35:22,237 [WARN] ConditionMgr:1039 - genDependencies : Invalid condition id : UX DEVICE CLASS RTOS Condition cause : null
2023-04-22 23:35:22,237 [WARN] ConditionMgr:1039 - genDependencies : Invalid condition id : UX DEVICE CLASS RTOS Condition cause : null
2023-04-22 23:35:22,258 [WARN] PackLoader:240 - Cannot read IP mode file for STMicroelectronics.X-CUBE-DISPLAY.3.0.0
2023-04-22 23:35:22,279 [WARN] PackLoader:240 - Cannot read IP mode file for STMicroelectronics.X-CUBE-NFC7.1.0.0
2023-04-22 23:35:22,294 [WARN] PackLoader:240 - Cannot read IP mode file for STMicroelectronics.X-CUBE-EEPRMA1.4.1.0
2023-04-22 23:35:22,315 [WARN] PackLoader:240 - Cannot read IP mode file for WES.I-CUBE-Cesium.1.3.0
2023-04-22 23:35:22,333 [WARN] PackLoader:240 - Cannot read IP mode file for STMicroelectronics.X-CUBE-SFXS2LP1.4.0.0
2023-04-22 23:35:22,357 [WARN] PackLoader:240 - Cannot read IP mode file for STMicroelectronics.X-CUBE-BLE2.3.3.0
2023-04-22 23:35:22,401 [WARN] PackLoader:240 - Cannot read IP mode file for STMicroelectronics.X-CUBE-AZRTOS-H7.3.0.0
2023-04-22 23:35:22,428 [WARN] PackLoader:240 - Cannot read IP mode file for STMicroelectronics.X-CUBE-ISPU.1.1.0
2023-04-22 23:35:22,448 [WARN] PackLoader:240 - Cannot read IP mode file for RoweBots.I-CUBE-UNISONRTOS.5.5.0-4
2023-04-22 23:35:22,466 [WARN] PackLoader:240 - Cannot read IP mode file for STMicroelectronics.X-CUBE-AI.8.0.0
2023-04-22 23:35:22,482 [WARN] PackLoader:240 - Cannot read IP mode file for STMicroelectronics.X-CUBE-FREERTOS.1.0.0
2023-04-22 23:35:22,497 [WARN] PackLoader:240 - Cannot read IP mode file for STMicroelectronics.X-CUBE-FREERTOS.1.0.1
2023-04-22 23:35:22,513 [WARN] PackLoader:240 - Cannot read IP mode file for STMicroelectronics.X-CUBE-TOUCHGFX.4.21.3
2023-04-22 23:35:22,531 [WARN] PackLoader:240 - Cannot read IP mode file for STMicroelectronics.X-CUBE-ALGOBUILD.1.3.0
2023-04-22 23:35:22,591 [WARN] PackLoader:240 - Cannot read IP mode file for STMicroelectronics.X-CUBE-AZRTOS-L5.1.1.0
2023-04-22 23:35:22,633 [WARN] PackLoader:240 - Cannot read IP mode file for STMicroelectronics.X-CUBE-AZRTOS-G0.1.1.0
2023-04-22 23:35:22,658 [WARN] PackLoader:240 - Cannot read IP mode file for STMicroelectronics.X-CUBE-SUBG2.5.0.0
2023-04-22 23:35:22,683 [WARN] PackLoader:240 - Cannot read IP mode file for STMicroelectronics.X-CUBE-NFC4.3.0.0
2023-04-22 23:35:22,711 [WARN] PackLoader:240 - Cannot read IP mode file for STMicroelectronics.X-CUBE-TOF1.3.3.0
2023-04-22 23:35:22,735 [WARN] PackLoader:240 - Cannot read IP mode file for STMicroelectronics.FP-ATR-ASTRA1.1.1.1
2023-04-22 23:35:22,762 [WARN] PackLoader:240 - Cannot read IP mode file for STMicroelectronics.X-CUBE-AZRTOS-G4.1.0.0
2023-04-22 23:35:22,777 [WARN] PackLoader:240 - Cannot read IP mode file for STMicroelectronics.FP-ATR-SIGFOX1.3.2.0
2023-04-22 23:35:22,805 [WARN] PackLoader:240 - Cannot read IP mode file for STMicroelectronics.X-CUBE-AZRTOS-L4.1.0.0
2023-04-22 23:35:22,835 [WARN] PackLoader:240 - Cannot read IP mode file for STMicroelectronics.X-CUBE-AZRTOS-WL.1.0.0
2023-04-22 23:35:22,853 [WARN] PackLoader:240 - Cannot read IP mode file for portGmbH.I-Cube-SoM-uGOAL.1.1.0
2023-04-22 23:35:22,870 [WARN] PackLoader:240 - Cannot read IP mode file for STMicroelectronics.X-CUBE-ALS.1.0.1
2023-04-22 23:35:22,938 [WARN] PackLoader:240 - Cannot read IP mode file for STMicroelectronics.X-CUBE-MEMS1.9.5.0
2023-04-22 23:35:23,148 [WARN] PackLoader:240 - Cannot read IP mode file for STMicroelectronics.X-CUBE-AZRTOS-WB.1.1.0
2023-04-22 23:35:23,187 [WARN] PackLoader:240 - Cannot read IP mode file for SEGGER.I-CUBE-embOS.1.3.1
2023-04-22 23:35:23,231 [WARN] PackLoader:240 - Cannot read IP mode file for STMicroelectronics.FP-ATR-ASTRA1.2.0.0
2023-04-22 23:35:23,232 [INFO] ThirdParty:978 - Integrity check success = true
2023-04-22 23:35:23,233 [INFO] IntegrityCheckThread:100 - exiting critical section [integrity check]
2023-04-22 23:35:23,233 [INFO] IntegrityCheckThread:103 - End integrity checks thread
2023-04-22 23:35:24,048 [INFO] ApiDb:240 - Found 297 in-development CPN: [B-G473E-ZEST1S, B-WB1M-WPAN1, B-WL5M-SUBG1, NUCLEO-C031C6, NUCLEO-H503RB, NUCLEO-H563ZI, NUCLEO-U545RE-Q, NUCLEO-U5A5ZJ-Q, NUCLEO-WBA52CG, STEVAL-PROTEUS1, STEVAL-STWINBX1, STM320518-EVAL, STM32C0116-DK, STM32C011D6Y3TR, STM32C011D6Y6TR, STM32C011F4P3, STM32C011F4P6, STM32C011F4U3, STM32C011F4U6TR, STM32C011F6P3, STM32C011F6P6, STM32C011F6U3, STM32C011F6U6TR, STM32C011J4M3, STM32C011J4M6, STM32C011J6M3, STM32C011J6M6, STM32C0316-DK, STM32C031C4T3, STM32C031C4T6, STM32C031C4U3, STM32C031C4U6, STM32C031C6T3, STM32C031C6T6, STM32C031C6U3, STM32C031C6U6, STM32C031F4P3, STM32C031F4P6, STM32C031F6P3, STM32C031F6P6, STM32C031G4U3, STM32C031G4U6, STM32C031G6U3, STM32C031G6U6, STM32C031K4T3, STM32C031K4T6, STM32C031K4U3, STM32C031K4U6, STM32C031K6T3, STM32C031K6T6, STM32C031K6U3, STM32C031K6U6, STM32G071K8TXN, STM32G071K8UXN, STM32G081GBU6N, STM32G081KBT6N, STM32G081KBUXN, STM32G0B1CCT6N, STM32G0B1KCT6, STM32G0B1NEY6TR, STM32G0B1RCT6N, STM32G0C1CCT6, STM32G0C1CCT6N, STM32G0C1CCU6N, STM32G0C1CET6N, STM32G0C1CEU6N, STM32G0C1KCT6, STM32G0C1NEY6TR, STM32G0C1RCI6N, STM32G0C1RCT6N, STM32G0C1REI6N, STM32G0C1RET6N, STM32G0C1VCI6, STM32G0C1VEI6, STM32G471CCT6, STM32G471CCU6, STM32G471CET3, STM32G471CET6, STM32G471CEU3, STM32G471CEU6, STM32G471MCT6, STM32G471MET3, STM32G471MET6, STM32G471MEY6TR, STM32G471QCT6, STM32G471QET3, STM32G471RCT6, STM32G471RET3, STM32G471RET6, STM32G471VCH6, STM32G471VCI6, STM32G471VCT6, STM32G471VEH3, STM32G471VEH6, STM32G471VEI3, STM32G471VEI6, STM32G471VET3, STM32G471VET6, STM32G474CCT6, STM32H503CBT6, STM32H503CBU6, STM32H503EBY6TR, STM32H503KBU6, STM32H503RBT6, STM32H562AGI6, STM32H562AII6, STM32H562IGK6, STM32H562IGT6, STM32H562IIK6, STM32H562IIT6, STM32H562RGT6, STM32H562RGV6, STM32H562RIT6, STM32H562RIV6, STM32H562VGT6, STM32H562VIT6, STM32H562ZGT6, STM32H562ZIT6, STM32H563AGI6, STM32H563AII3Q, STM32H563AII6, STM32H563IGK6, STM32H563IGT6, STM32H563IIK3Q, STM32H563IIK6, STM32H563IIT3Q, STM32H563IIT6, STM32H563MIY3QTR, STM32H563RGT6, STM32H563RGV6, STM32H563RIT6, STM32H563RIV6, STM32H563VGT6, STM32H563VIT3Q, STM32H563VIT6, STM32H563ZGT6, STM32H563ZIT3Q, STM32H563ZIT6, STM32H573AII3Q, STM32H573AII6, STM32H573I-DK, STM32H573IIK3Q, STM32H573IIK6, STM32H573IIT3Q, STM32H573IIT6, STM32H573MIY3QTR, STM32H573RIT6, STM32H573RIV6, STM32H573VIT3Q, STM32H573VIT6, STM32H573ZIT3Q, STM32H573ZIT6, STM32L4R5QGI6STR, STM32MP131AAE3, STM32MP131AAF3, STM32MP131AAG3, STM32MP131CAE3, STM32MP131CAF3, STM32MP131CAG3, STM32MP131DAE7, STM32MP131DAF7, STM32MP131DAG7, STM32MP131FAE7, STM32MP131FAF7, STM32MP131FAG7, STM32MP133AAE3, STM32MP133AAF3, STM32MP133AAG3, STM32MP133CAE3, STM32MP133CAF3, STM32MP133CAG3, STM32MP133DAE7, STM32MP133DAF7, STM32MP133DAG7, STM32MP133FAE7, STM32MP133FAF7, STM32MP133FAG7, STM32MP135AAE3, STM32MP135AAF3, STM32MP135AAG3, STM32MP135CAE3, STM32MP135CAF3, STM32MP135CAG3, STM32MP135DAE7, STM32MP135DAF7, STM32MP135DAG7, STM32MP135F-DK, STM32MP135FAE7, STM32MP135FAF7, STM32MP135FAF7T, STM32MP135FAF7U, STM32MP135FAG7, STM32U535CBT6, STM32U535CBT6Q, STM32U535CBU6, STM32U535CBU6Q, STM32U535CCT6, STM32U535CCT6Q, STM32U535CCU6, STM32U535CCU6Q, STM32U535CET6, STM32U535CET6Q, STM32U535CEU6, STM32U535CEU6Q, STM32U535JEY6QTR, STM32U535NCY6QTR, STM32U535NEY6QTR, STM32U535RBI6, STM32U535RBI6Q, STM32U535RBT6, STM32U535RBT6Q, STM32U535RCI6, STM32U535RCI6Q, STM32U535RCT6, STM32U535RCT6Q, STM32U535REI6, STM32U535REI6Q, STM32U535RET6, STM32U535RET6Q, STM32U535VCI6, STM32U535VCI6Q, STM32U535VCT6, STM32U535VCT6Q, STM32U535VEI6, STM32U535VEI6Q, STM32U535VET6, STM32U535VET6Q, STM32U545CET6, STM32U545CET6Q, STM32U545CEU6, STM32U545CEU6Q, STM32U545JEY6QTR, STM32U545NEY6QTR, STM32U545REI6, STM32U545REI6Q, STM32U545RET6, STM32U545RET6Q, STM32U545VEI6, STM32U545VEI6Q, STM32U545VET6, STM32U545VET6Q, STM32U595AIH6, STM32U595AIH6Q, STM32U595AJH6, STM32U595AJH6Q, STM32U595QII6, STM32U595QII6Q, STM32U595QJI6, STM32U595QJI6Q, STM32U595RIT6, STM32U595RIT6Q, STM32U595RJT6, STM32U595RJT6Q, STM32U595VIT6, STM32U595VIT6Q, STM32U595VJT6, STM32U595VJT6Q, STM32U595ZIT6, STM32U595ZIT6Q, STM32U595ZIY6QTR, STM32U595ZJT6, STM32U595ZJT6Q, STM32U595ZJY6QTR, STM32U599BJY6QTR, STM32U599NIH6Q, STM32U599NJH6Q, STM32U599VIT6Q, STM32U599VJT6, STM32U599VJT6Q, STM32U599ZIT6Q, STM32U599ZIY6QTR, STM32U599ZJT6Q, STM32U599ZJY6QTR, STM32U5A5AJH6, STM32U5A5AJH6Q, STM32U5A5QJI6, STM32U5A5QJI6Q, STM32U5A5RJT6, STM32U5A5RJT6Q, STM32U5A5VJT6, STM32U5A5VJT6Q, STM32U5A5ZJT6, STM32U5A5ZJT6Q, STM32U5A5ZJY6QTR, STM32U5A9BJY6QTR, STM32U5A9J-DK, STM32U5A9NJH6Q, STM32U5A9VJT6Q, STM32U5A9ZJT6Q, STM32U5A9ZJY6QTR, STM32WB1MMCH6, STM32WBA52CEU6, STM32WBA52CEU6T, STM32WBA52CGU6, STM32WBA52CGU6T, STM32WL5MOCH6, STM32WL5MOCH6TR]
2023-04-22 23:35:24,051 [INFO] DbMcus:216 - Found 3775 MCUs, 3775 are supported
2023-04-22 23:35:24,053 [INFO] ApiDb:423 - Load user favorites file C:\Users\ALTAWKEL/.stm32cubeide/favorites.mcus.txt: 0 item(s)
2023-04-22 23:35:24,053 [INFO] ApiDb:427 - User favorites MCUs=[]
2023-04-22 23:35:24,053 [INFO] DbMcus:222 - Set 0 / 0 favorites MCUs
2023-04-22 23:35:24,263 [INFO] ApiDb:423 - Load user favorites file C:\Users\ALTAWKEL/.stm32cubeide/favorites.boards.txt: 1 item(s)
2023-04-22 23:35:24,263 [INFO] ApiDb:427 - User favorites Boards=[NUCLEO-F446RE]
2023-04-22 23:35:24,263 [INFO] DbBoards:190 - Set 1 / 1 favorites Boards
2023-04-22 23:35:24,263 [INFO] McuFinderGlobals:66 - Set McuFinderConnectedMode to true
2023-04-22 23:35:24,273 [INFO] MultiScanPanel:200 - Auto-refresh data requested => check proxy status ongoing
2023-04-22 23:35:24,277 [INFO] FinderPluginLoader:95 - Searching for filters in installed packs
2023-04-22 23:35:25,785 [INFO] LoadUrlFilesThread:185 - End of LoadServerUrlFiles without Thread
2023-04-22 23:35:25,824 [INFO] DetailPanel:341 - Set advertising image to C:/Users/ALTAWKEL/STM32Cube/Repository/\en.prom-stm32h5-mcu-finder.jpg
2023-04-22 23:35:59,432 [INFO] McuFinderGlobals:66 - Set McuFinderConnectedMode to true
2023-04-22 23:35:59,436 [INFO] ApiDb:448 - Save user favorites file C:\Users\ALTAWKEL/.stm32cubeide/favorites.mcus.txt: 0 item(s)
2023-04-22 23:35:59,437 [INFO] ApiDb:452 - User favorites MCUs=[]
