2023-07-01 21:38:14,920 [INFO] Activator:176 - 


2023-07-01 21:38:14,926 [INFO] Activator:177 - !SESSION log4j initialized
2023-07-01 21:38:24,132 [INFO] LogOutputStream:77 - [STDOUT_REDIRECT] 
2023-07-01 21:38:54,441 [ERROR] LogOutputStream:75 - [STDERR_REDIRECT] SLF4J: Failed to load class "org.slf4j.impl.StaticLoggerBinder".
2023-07-01 21:38:54,441 [ERROR] LogOutputStream:75 - [STDERR_REDIRECT] SLF4J: Defaulting to no-operation (NOP) logger implementation
2023-07-01 21:38:54,443 [ERROR] LogOutputStream:75 - [STDERR_REDIRECT] SLF4J: See http://www.slf4j.org/codes.html#StaticLoggerBinder for further details.
2023-07-01 23:28:58,668 [INFO] Activator:176 - 


2023-07-01 23:28:58,668 [INFO] Activator:177 - !SESSION log4j initialized
2023-07-01 23:29:06,650 [INFO] LogOutputStream:77 - [STDOUT_REDIRECT] 
2023-07-01 23:29:30,279 [ERROR] LogOutputStream:75 - [STDERR_REDIRECT] SLF4J: Failed to load class "org.slf4j.impl.StaticLoggerBinder".
2023-07-01 23:29:30,279 [ERROR] LogOutputStream:75 - [STDERR_REDIRECT] SLF4J: Defaulting to no-operation (NOP) logger implementation
2023-07-01 23:29:30,279 [ERROR] LogOutputStream:75 - [STDERR_REDIRECT] SLF4J: See http://www.slf4j.org/codes.html#StaticLoggerBinder for further details.
2023-07-01 23:31:06,679 [INFO] Activator:176 - 


2023-07-01 23:31:06,679 [INFO] Activator:177 - !SESSION log4j initialized
2023-07-01 23:31:13,862 [INFO] LogOutputStream:77 - [STDOUT_REDIRECT] 
2023-07-01 23:31:37,655 [ERROR] LogOutputStream:75 - [STDERR_REDIRECT] SLF4J: Failed to load class "org.slf4j.impl.StaticLoggerBinder".
2023-07-01 23:31:37,655 [ERROR] LogOutputStream:75 - [STDERR_REDIRECT] SLF4J: Defaulting to no-operation (NOP) logger implementation
2023-07-01 23:31:37,655 [ERROR] LogOutputStream:75 - [STDERR_REDIRECT] SLF4J: See http://www.slf4j.org/codes.html#StaticLoggerBinder for further details.
2023-07-01 23:43:04,000 [INFO] Activator:176 - 


2023-07-01 23:43:04,000 [INFO] Activator:177 - !SESSION log4j initialized
2023-07-01 23:43:11,902 [INFO] LogOutputStream:77 - [STDOUT_REDIRECT] 
2023-07-01 23:43:48,598 [ERROR] LogOutputStream:75 - [STDERR_REDIRECT] SLF4J: Failed to load class "org.slf4j.impl.StaticLoggerBinder".
2023-07-01 23:43:48,598 [ERROR] LogOutputStream:75 - [STDERR_REDIRECT] SLF4J: Defaulting to no-operation (NOP) logger implementation
2023-07-01 23:43:48,598 [ERROR] LogOutputStream:75 - [STDERR_REDIRECT] SLF4J: See http://www.slf4j.org/codes.html#StaticLoggerBinder for further details.
