23:32:53 **** Incremental Build of configuration Debug for project 8-FreeRTOS ****
make -j8 all 
arm-none-eabi-gcc "../Src/Services/S2P/S2P_CFG.c" -mcpu=cortex-m4 -std=gnu11 -g3 -DDEBUG -DSTM32F401CCUx -DSTM32 -DSTM32F4 -c -I../Inc -O0 -ffunction-sections -fdata-sections -Wall -fstack-usage -fcyclomatic-complexity -MMD -MP -MF"Src/Services/S2P/S2P_CFG.d" -MT"Src/Services/S2P/S2P_CFG.o" --specs=nano.specs -mfpu=fpv4-sp-d16 -mfloat-abi=hard -mthumb -o "Src/Services/S2P/S2P_CFG.o"
arm-none-eabi-gcc "../Src/Services/S2P/S2P_PRG.c" -mcpu=cortex-m4 -std=gnu11 -g3 -DDEBUG -DSTM32F401CCUx -DSTM32 -DSTM32F4 -c -I../Inc -O0 -ffunction-sections -fdata-sections -Wall -fstack-usage -fcyclomatic-complexity -MMD -MP -MF"Src/Services/S2P/S2P_PRG.d" -MT"Src/Services/S2P/S2P_PRG.o" --specs=nano.specs -mfpu=fpv4-sp-d16 -mfloat-abi=hard -mthumb -o "Src/Services/S2P/S2P_PRG.o"
arm-none-eabi-gcc "../Src/MCAL/SysTick/SysTick_PRG.c" -mcpu=cortex-m4 -std=gnu11 -g3 -DDEBUG -DSTM32F401CCUx -DSTM32 -DSTM32F4 -c -I../Inc -O0 -ffunction-sections -fdata-sections -Wall -fstack-usage -fcyclomatic-complexity -MMD -MP -MF"Src/MCAL/SysTick/SysTick_PRG.d" -MT"Src/MCAL/SysTick/SysTick_PRG.o" --specs=nano.specs -mfpu=fpv4-sp-d16 -mfloat-abi=hard -mthumb -o "Src/MCAL/SysTick/SysTick_PRG.o"
arm-none-eabi-gcc "../Src/MCAL/RCC/RCC_PRG.c" -mcpu=cortex-m4 -std=gnu11 -g3 -DDEBUG -DSTM32F401CCUx -DSTM32 -DSTM32F4 -c -I../Inc -O0 -ffunction-sections -fdata-sections -Wall -fstack-usage -fcyclomatic-complexity -MMD -MP -MF"Src/MCAL/RCC/RCC_PRG.d" -MT"Src/MCAL/RCC/RCC_PRG.o" --specs=nano.specs -mfpu=fpv4-sp-d16 -mfloat-abi=hard -mthumb -o "Src/MCAL/RCC/RCC_PRG.o"
arm-none-eabi-gcc "../Src/MCAL/GPIO/GPIO_PRG.c" -mcpu=cortex-m4 -std=gnu11 -g3 -DDEBUG -DSTM32F401CCUx -DSTM32 -DSTM32F4 -c -I../Inc -O0 -ffunction-sections -fdata-sections -Wall -fstack-usage -fcyclomatic-complexity -MMD -MP -MF"Src/MCAL/GPIO/GPIO_PRG.d" -MT"Src/MCAL/GPIO/GPIO_PRG.o" --specs=nano.specs -mfpu=fpv4-sp-d16 -mfloat-abi=hard -mthumb -o "Src/MCAL/GPIO/GPIO_PRG.o"
arm-none-eabi-gcc "../Src/MCAL/EXTI/EXTI_PRG.c" -mcpu=cortex-m4 -std=gnu11 -g3 -DDEBUG -DSTM32F401CCUx -DSTM32 -DSTM32F4 -c -I../Inc -O0 -ffunction-sections -fdata-sections -Wall -fstack-usage -fcyclomatic-complexity -MMD -MP -MF"Src/MCAL/EXTI/EXTI_PRG.d" -MT"Src/MCAL/EXTI/EXTI_PRG.o" --specs=nano.specs -mfpu=fpv4-sp-d16 -mfloat-abi=hard -mthumb -o "Src/MCAL/EXTI/EXTI_PRG.o"
arm-none-eabi-gcc "../Src/Kernel/Kernel_PRG.c" -mcpu=cortex-m4 -std=gnu11 -g3 -DDEBUG -DSTM32F401CCUx -DSTM32 -DSTM32F4 -c -I../Inc -O0 -ffunction-sections -fdata-sections -Wall -fstack-usage -fcyclomatic-complexity -MMD -MP -MF"Src/Kernel/Kernel_PRG.d" -MT"Src/Kernel/Kernel_PRG.o" --specs=nano.specs -mfpu=fpv4-sp-d16 -mfloat-abi=hard -mthumb -o "Src/Kernel/Kernel_PRG.o"
arm-none-eabi-gcc "../Src/HAL/Segment/Segment.c" -mcpu=cortex-m4 -std=gnu11 -g3 -DDEBUG -DSTM32F401CCUx -DSTM32 -DSTM32F4 -c -I../Inc -O0 -ffunction-sections -fdata-sections -Wall -fstack-usage -fcyclomatic-complexity -MMD -MP -MF"Src/HAL/Segment/Segment.d" -MT"Src/HAL/Segment/Segment.o" --specs=nano.specs -mfpu=fpv4-sp-d16 -mfloat-abi=hard -mthumb -o "Src/HAL/Segment/Segment.o"
In file included from ../Src/Services/S2P/S2P_CFG.c:7:
../Src/Services/S2P/S2P_Private.h:11:10: fatal error: GPIO_Interface.h: No such file or directory
   11 | #include "GPIO_Interface.h"
      |          ^~~~~~~~~~~~~~~~~~
compilation terminated.
In file included from ../Src/MCAL/SysTick/SysTick_Interface.h:7,
                 from ../Src/MCAL/SysTick/SysTick_PRG.c:7:
../Src/MCAL/SysTick/SysTick_Private.h:10:10: fatal error: Utils.h: No such file or directory
   10 | #include "Utils.h"
      |          ^~~~~~~~~
compilation terminated.
make: *** [Src/Services/S2P/subdir.mk:22: Src/Services/S2P/S2P_CFG.o] Error 1
make: *** Waiting for unfinished jobs....
make: *** [Src/MCAL/SysTick/subdir.mk:19: Src/MCAL/SysTick/SysTick_PRG.o] Error 1
../Src/Services/S2P/S2P_PRG.c:9:10: fatal error: GPIO_Interface.h: No such file or directory
    9 | #include "GPIO_Interface.h"
      |          ^~~~~~~~~~~~~~~~~~
compilation terminated.
In file included from ../Src/MCAL/RCC/RCC_Interface.h:11,
                 from ../Src/MCAL/RCC/RCC_PRG.c:7:
../Src/MCAL/RCC/RCC_Private.h:12:10: fatal error: Utils.h: No such file or directory
   12 | #include "Utils.h"
      |          ^~~~~~~~~
compilation terminated.
make: *** [Src/Services/S2P/subdir.mk:22: Src/Services/S2P/S2P_PRG.o] Error 1
In file included from ../Src/MCAL/EXTI/EXTI_Interface.h:11,
                 from ../Src/MCAL/EXTI/EXTI_PRG.c:8:
../Src/MCAL/EXTI/EXTI_Private.h:11:10: fatal error: Utils.h: No such file or directory
   11 | #include "Utils.h"
      |          ^~~~~~~~~
compilation terminated.
make: *** [Src/MCAL/RCC/subdir.mk:19: Src/MCAL/RCC/RCC_PRG.o] Error 1
In file included from ../Src/MCAL/GPIO/GPIO_PRG.c:9:
../Src/MCAL/GPIO/GPIO_Interface.h:12:10: fatal error: Utils.h: No such file or directory
   12 | #include "Utils.h"
      |          ^~~~~~~~~
compilation terminated.
make: *** [Src/MCAL/EXTI/subdir.mk:19: Src/MCAL/EXTI/EXTI_PRG.o] Error 1
make: *** [Src/MCAL/GPIO/subdir.mk:19: Src/MCAL/GPIO/GPIO_PRG.o] Error 1
../Src/HAL/Segment/Segment.c:9:10: fatal error: GPIO_Interface.h: No such file or directory
    9 | #include "GPIO_Interface.h"
      |          ^~~~~~~~~~~~~~~~~~
compilation terminated.
../Src/Kernel/Kernel_PRG.c:9:10: fatal error: SysTick_Interface.h: No such file or directory
    9 | #include "SysTick_Interface.h"
      |          ^~~~~~~~~~~~~~~~~~~~~
compilation terminated.
make: *** [Src/HAL/Segment/subdir.mk:19: Src/HAL/Segment/Segment.o] Error 1
make: *** [Src/Kernel/subdir.mk:19: Src/Kernel/Kernel_PRG.o] Error 1
"make -j8 all" terminated with exit code 2. Build might be incomplete.

23:32:54 Build Failed. 17 errors, 0 warnings. (took 378ms)

